#
# There is insufficient memory for the Java Runtime Environment to continue.
# Native memory allocation (malloc) failed to allocate 1194160 bytes for Chunk::new
# Possible reasons:
#   The system is out of physical RAM or swap space
#   The process is running with CompressedOops enabled, and the Java Heap may be blocking the growth of the native heap
# Possible solutions:
#   Reduce memory load on the system
#   Increase physical memory or swap space
#   Check if swap backing store is full
#   Decrease Java heap size (-Xmx/-Xms)
#   Decrease number of Java threads
#   Decrease Java thread stack sizes (-Xss)
#   Set larger code cache with -XX:ReservedCodeCacheSize=
#   JVM is running with Unscaled Compressed Oops mode in which the Java heap is
#     placed in the first 4GB address space. The Java Heap base address is the
#     maximum limit for the native heap growth. Please use -XX:HeapBaseMinAddress
#     to set the Java Heap base and to place the Java Heap above 4GB virtual address.
# This output file may be truncated or incomplete.
#
#  Out of Memory Error (allocation.cpp:389), pid=17872, tid=0x00000000000056a0
#
# JRE version: OpenJDK Runtime Environment (8.0_242-b01) (build 1.8.0_242-release-1644-b01)
# Java VM: OpenJDK 64-Bit Server VM (25.242-b01 mixed mode windows-amd64 compressed oops)
# Failed to write core dump. Minidumps are not enabled by default on client versions of Windows
#

---------------  T H R E A D  ---------------

Current thread (0x0000000019698000):  JavaThread "C2 CompilerThread2" daemon [_thread_in_native, id=22176, stack(0x000000001af10000,0x000000001b010000)]

Stack: [0x000000001af10000,0x000000001b010000]
[error occurred during error reporting (printing stack bounds), id 0xc0000005]

Native frames: (J=compiled Java code, j=interpreted, Vv=VM code, C=native code)


Current CompileTask:
C2:   3535 3777       4       java.net.URLClassLoader$1::run (5 bytes)


---------------  P R O C E S S  ---------------

Java Threads: ( => current thread )
  0x000000001d67e000 JavaThread "Cache worker for Build Output Cleanup Cache (D:\AndroidStudioProjects\EgyEatsRestaurant\.gradle\buildOutputCleanup)" [_thread_blocked, id=11552, stack(0x000000002ae60000,0x000000002af60000)]
  0x000000001d682800 JavaThread "jar transforms Thread 92" [_thread_blocked, id=12716, stack(0x000000002b8b0000,0x000000002b9b0000)]
  0x000000001d67d800 JavaThread "jar transforms Thread 91" [_thread_blocked, id=11772, stack(0x000000002b7b0000,0x000000002b8b0000)]
  0x000000001d676000 JavaThread "jar transforms Thread 90" [_thread_blocked, id=14612, stack(0x000000002b6b0000,0x000000002b7b0000)]
  0x000000001d67c800 JavaThread "jar transforms Thread 89" [_thread_blocked, id=10156, stack(0x000000002b5b0000,0x000000002b6b0000)]
  0x000000001d67c000 JavaThread "jar transforms Thread 88" [_thread_blocked, id=20672, stack(0x000000002b4b0000,0x000000002b5b0000)]
  0x000000001d675000 JavaThread "jar transforms Thread 87" [_thread_blocked, id=21992, stack(0x000000002b3b0000,0x000000002b4b0000)]
  0x000000001d67b000 JavaThread "jar transforms Thread 86" [_thread_blocked, id=10920, stack(0x000000002b2b0000,0x000000002b3b0000)]
  0x000000001d67a800 JavaThread "jar transforms Thread 85" [_thread_blocked, id=22272, stack(0x000000002b1b0000,0x000000002b2b0000)]
  0x000000001d676800 JavaThread "jar transforms Thread 84" [_thread_blocked, id=964, stack(0x000000002ad60000,0x000000002ae60000)]
  0x000000001d679000 JavaThread "jar transforms Thread 83" [_thread_blocked, id=14124, stack(0x000000002ac60000,0x000000002ad60000)]
  0x000000001d678000 JavaThread "jar transforms Thread 82" [_thread_blocked, id=7024, stack(0x000000002ab60000,0x000000002ac60000)]
  0x000000001d677800 JavaThread "jar transforms Thread 81" [_thread_blocked, id=17164, stack(0x000000002aa60000,0x000000002ab60000)]
  0x000000001d679800 JavaThread "jar transforms Thread 80" [_thread_blocked, id=7476, stack(0x000000002a960000,0x000000002aa60000)]
  0x00000000220ca000 JavaThread "jar transforms Thread 79" [_thread_blocked, id=22248, stack(0x000000002a860000,0x000000002a960000)]
  0x00000000220c9000 JavaThread "jar transforms Thread 78" [_thread_blocked, id=1520, stack(0x000000002a760000,0x000000002a860000)]
  0x00000000220cf000 JavaThread "jar transforms Thread 77" [_thread_blocked, id=21720, stack(0x000000002a660000,0x000000002a760000)]
  0x00000000220cd800 JavaThread "jar transforms Thread 76" [_thread_blocked, id=7796, stack(0x000000002a560000,0x000000002a660000)]
  0x00000000220cd000 JavaThread "jar transforms Thread 75" [_thread_blocked, id=10272, stack(0x000000002a460000,0x000000002a560000)]
  0x00000000220cc000 JavaThread "jar transforms Thread 74" [_thread_blocked, id=7688, stack(0x000000002a360000,0x000000002a460000)]
  0x00000000220ca800 JavaThread "jar transforms Thread 73" [_thread_blocked, id=4332, stack(0x000000002a260000,0x000000002a360000)]
  0x00000000220ce800 JavaThread "jar transforms Thread 72" [_thread_blocked, id=17604, stack(0x000000002a160000,0x000000002a260000)]
  0x00000000220cb800 JavaThread "jar transforms Thread 71" [_thread_blocked, id=8868, stack(0x000000002a060000,0x000000002a160000)]
  0x00000000220c4000 JavaThread "jar transforms Thread 70" [_thread_blocked, id=15612, stack(0x0000000029f60000,0x000000002a060000)]
  0x00000000220c8800 JavaThread "jar transforms Thread 69" [_thread_blocked, id=8468, stack(0x0000000029e60000,0x0000000029f60000)]
  0x00000000220c7800 JavaThread "jar transforms Thread 68" [_thread_blocked, id=11012, stack(0x0000000029d60000,0x0000000029e60000)]
  0x00000000220c4800 JavaThread "jar transforms Thread 67" [_thread_blocked, id=14720, stack(0x0000000029c60000,0x0000000029d60000)]
  0x00000000220c1000 JavaThread "jar transforms Thread 66" [_thread_blocked, id=21616, stack(0x0000000029b60000,0x0000000029c60000)]
  0x00000000220c7000 JavaThread "jar transforms Thread 65" [_thread_blocked, id=8944, stack(0x0000000029a60000,0x0000000029b60000)]
  0x00000000220c1800 JavaThread "jar transforms Thread 64" [_thread_blocked, id=12112, stack(0x0000000029960000,0x0000000029a60000)]
  0x00000000220c0000 JavaThread "jar transforms Thread 63" [_thread_blocked, id=5972, stack(0x0000000029860000,0x0000000029960000)]
  0x00000000220c2800 JavaThread "jar transforms Thread 62" [_thread_blocked, id=20748, stack(0x0000000029760000,0x0000000029860000)]
  0x00000000220c3000 JavaThread "jar transforms Thread 61" [_thread_blocked, id=10628, stack(0x0000000029660000,0x0000000029760000)]
  0x00000000220c5800 JavaThread "jar transforms Thread 60" [_thread_blocked, id=18692, stack(0x0000000029560000,0x0000000029660000)]
  0x00000000220c6000 JavaThread "jar transforms Thread 59" [_thread_blocked, id=21468, stack(0x0000000029460000,0x0000000029560000)]
  0x00000000220bf000 JavaThread "jar transforms Thread 58" [_thread_blocked, id=12664, stack(0x0000000029360000,0x0000000029460000)]
  0x00000000220be800 JavaThread "jar transforms Thread 57" [_thread_blocked, id=12720, stack(0x0000000029260000,0x0000000029360000)]
  0x00000000220ba000 JavaThread "jar transforms Thread 56" [_thread_blocked, id=20344, stack(0x0000000029160000,0x0000000029260000)]
  0x00000000220b7000 JavaThread "jar transforms Thread 55" [_thread_blocked, id=20384, stack(0x0000000029060000,0x0000000029160000)]
  0x00000000220b9000 JavaThread "jar transforms Thread 54" [_thread_blocked, id=4064, stack(0x0000000028f60000,0x0000000029060000)]
  0x00000000220bd800 JavaThread "jar transforms Thread 53" [_thread_blocked, id=13832, stack(0x0000000028e60000,0x0000000028f60000)]
  0x00000000220bd000 JavaThread "jar transforms Thread 52" [_thread_blocked, id=19888, stack(0x0000000028d60000,0x0000000028e60000)]
  0x00000000220bc000 JavaThread "jar transforms Thread 51" [_thread_blocked, id=15668, stack(0x0000000028c60000,0x0000000028d60000)]
  0x00000000220b6000 JavaThread "jar transforms Thread 50" [_thread_blocked, id=19428, stack(0x0000000028b60000,0x0000000028c60000)]
  0x00000000220bb800 JavaThread "jar transforms Thread 49" [_thread_blocked, id=4040, stack(0x0000000028a60000,0x0000000028b60000)]
  0x00000000220b7800 JavaThread "jar transforms Thread 48" [_thread_blocked, id=21624, stack(0x0000000028960000,0x0000000028a60000)]
  0x00000000220ba800 JavaThread "jar transforms Thread 47" [_thread_blocked, id=11100, stack(0x0000000028860000,0x0000000028960000)]
  0x00000000220b8800 JavaThread "jar transforms Thread 46" [_thread_blocked, id=2284, stack(0x0000000028760000,0x0000000028860000)]
  0x00000000220b1000 JavaThread "jar transforms Thread 45" [_thread_blocked, id=3480, stack(0x0000000028660000,0x0000000028760000)]
  0x00000000220b0000 JavaThread "jar transforms Thread 44" [_thread_blocked, id=15624, stack(0x0000000028560000,0x0000000028660000)]
  0x00000000220b5800 JavaThread "jar transforms Thread 43" [_thread_blocked, id=4768, stack(0x0000000028460000,0x0000000028560000)]
  0x00000000220b1800 JavaThread "jar transforms Thread 42" [_thread_blocked, id=17548, stack(0x0000000028360000,0x0000000028460000)]
  0x00000000220b4800 JavaThread "jar transforms Thread 41" [_thread_blocked, id=21708, stack(0x0000000028260000,0x0000000028360000)]
  0x00000000220b4000 JavaThread "jar transforms Thread 40" [_thread_blocked, id=12524, stack(0x0000000028160000,0x0000000028260000)]
  0x00000000220b3000 JavaThread "jar transforms Thread 39" [_thread_blocked, id=5548, stack(0x0000000028060000,0x0000000028160000)]
  0x00000000220b2800 JavaThread "jar transforms Thread 38" [_thread_blocked, id=876, stack(0x0000000027f60000,0x0000000028060000)]
  0x000000001d52c800 JavaThread "jar transforms Thread 37" [_thread_blocked, id=17176, stack(0x0000000027e60000,0x0000000027f60000)]
  0x000000001d52b800 JavaThread "jar transforms Thread 36" [_thread_blocked, id=11432, stack(0x0000000027d60000,0x0000000027e60000)]
  0x000000001d531000 JavaThread "jar transforms Thread 35" [_thread_blocked, id=16448, stack(0x0000000027c60000,0x0000000027d60000)]
  0x000000001d52f800 JavaThread "jar transforms Thread 34" [_thread_blocked, id=1376, stack(0x0000000027b60000,0x0000000027c60000)]
  0x000000001d52e800 JavaThread "jar transforms Thread 33" [_thread_blocked, id=13028, stack(0x0000000027a60000,0x0000000027b60000)]
  0x000000001d531800 JavaThread "jar transforms Thread 32" [_thread_blocked, id=19924, stack(0x0000000027960000,0x0000000027a60000)]
  0x000000001d52e000 JavaThread "jar transforms Thread 31" [_thread_blocked, id=13304, stack(0x0000000027860000,0x0000000027960000)]
  0x000000001d530000 JavaThread "jar transforms Thread 30" [_thread_blocked, id=2500, stack(0x0000000027760000,0x0000000027860000)]
  0x000000001d52d000 JavaThread "jar transforms Thread 29" [_thread_blocked, id=20544, stack(0x0000000027660000,0x0000000027760000)]
  0x000000001d532800 JavaThread "jar transforms Thread 28" [_thread_blocked, id=20140, stack(0x0000000027560000,0x0000000027660000)]
  0x000000001d525800 JavaThread "jar transforms Thread 27" [_thread_blocked, id=10620, stack(0x0000000027460000,0x0000000027560000)]
  0x000000001d52b000 JavaThread "jar transforms Thread 26" [_thread_blocked, id=20728, stack(0x0000000027360000,0x0000000027460000)]
  0x000000001d523800 JavaThread "jar transforms Thread 25" [_thread_blocked, id=21116, stack(0x0000000027260000,0x0000000027360000)]
  0x000000001d528000 JavaThread "jar transforms Thread 24" [_thread_blocked, id=9732, stack(0x0000000027160000,0x0000000027260000)]
  0x000000001d524000 JavaThread "jar transforms Thread 23" [_thread_blocked, id=21788, stack(0x0000000027060000,0x0000000027160000)]
  0x000000001d529800 JavaThread "jar transforms Thread 22" [_thread_blocked, id=7852, stack(0x0000000026f60000,0x0000000027060000)]
  0x000000001d52a000 JavaThread "jar transforms Thread 21" [_thread_blocked, id=16608, stack(0x0000000026e60000,0x0000000026f60000)]
  0x000000001d526800 JavaThread "jar transforms Thread 20" [_thread_blocked, id=9600, stack(0x0000000026d60000,0x0000000026e60000)]
  0x000000001d525000 JavaThread "jar transforms Thread 19" [_thread_blocked, id=17936, stack(0x0000000026c60000,0x0000000026d60000)]
  0x000000001d527000 JavaThread "jar transforms Thread 18" [_thread_blocked, id=20656, stack(0x0000000026b60000,0x0000000026c60000)]
  0x000000001d528800 JavaThread "jar transforms Thread 17" [_thread_blocked, id=17396, stack(0x0000000026a60000,0x0000000026b60000)]
  0x0000000020ccd000 JavaThread "jar transforms Thread 16" [_thread_blocked, id=9376, stack(0x0000000026960000,0x0000000026a60000)]
  0x0000000020ccc000 JavaThread "jar transforms Thread 15" [_thread_blocked, id=10448, stack(0x0000000026860000,0x0000000026960000)]
  0x0000000020ccb800 JavaThread "jar transforms Thread 14" [_thread_blocked, id=19296, stack(0x0000000026760000,0x0000000026860000)]
  0x0000000020cca800 JavaThread "jar transforms Thread 13" [_thread_blocked, id=8852, stack(0x0000000026660000,0x0000000026760000)]
  0x0000000020cca000 JavaThread "jar transforms Thread 12" [_thread_blocked, id=14576, stack(0x0000000026560000,0x0000000026660000)]
  0x0000000020cc9000 JavaThread "jar transforms Thread 11" [_thread_blocked, id=21824, stack(0x0000000026460000,0x0000000026560000)]
  0x0000000020cce800 JavaThread "jar transforms Thread 10" [_thread_blocked, id=20864, stack(0x0000000026360000,0x0000000026460000)]
  0x0000000020ccd800 JavaThread "jar transforms Thread 9" [_thread_blocked, id=1236, stack(0x0000000026260000,0x0000000026360000)]
  0x0000000020cc8800 JavaThread "jar transforms Thread 8" [_thread_blocked, id=18680, stack(0x0000000026160000,0x0000000026260000)]
  0x0000000020ccf000 JavaThread "jar transforms Thread 7" [_thread_blocked, id=16516, stack(0x0000000026060000,0x0000000026160000)]
  0x0000000022757000 JavaThread "jar transforms Thread 6" [_thread_blocked, id=20176, stack(0x0000000025f60000,0x0000000026060000)]
  0x0000000022755800 JavaThread "jar transforms Thread 5" [_thread_blocked, id=15228, stack(0x0000000025e60000,0x0000000025f60000)]
  0x0000000022754800 JavaThread "jar transforms Thread 4" [_thread_blocked, id=4832, stack(0x0000000025d60000,0x0000000025e60000)]
  0x0000000022754000 JavaThread "jar transforms Thread 3" [_thread_blocked, id=16272, stack(0x0000000025c60000,0x0000000025d60000)]
  0x0000000022757800 JavaThread "jar transforms Thread 2" [_thread_blocked, id=1476, stack(0x0000000025b60000,0x0000000025c60000)]
  0x0000000022753000 JavaThread "Build operations Thread 12" [_thread_blocked, id=14980, stack(0x0000000025a60000,0x0000000025b60000)]
  0x0000000022752800 JavaThread "Build operations Thread 11" [_thread_blocked, id=11044, stack(0x0000000025960000,0x0000000025a60000)]
  0x0000000022756000 JavaThread "Build operations Thread 10" [_thread_blocked, id=9796, stack(0x0000000025860000,0x0000000025960000)]
  0x000000002274a800 JavaThread "Build operations Thread 9" [_thread_blocked, id=15304, stack(0x0000000025760000,0x0000000025860000)]
  0x0000000022751800 JavaThread "Build operations Thread 8" [_thread_blocked, id=16468, stack(0x0000000025660000,0x0000000025760000)]
  0x0000000022751000 JavaThread "Build operations Thread 7" [_thread_blocked, id=18500, stack(0x0000000025560000,0x0000000025660000)]
  0x0000000022750000 JavaThread "Build operations Thread 6" [_thread_blocked, id=16536, stack(0x0000000025460000,0x0000000025560000)]
  0x0000000022748800 JavaThread "Build operations Thread 5" [_thread_blocked, id=12032, stack(0x0000000025360000,0x0000000025460000)]
  0x000000002274d000 JavaThread "Build operations Thread 4" [_thread_blocked, id=16956, stack(0x0000000025260000,0x0000000025360000)]
  0x000000002274e800 JavaThread "Build operations Thread 3" [_thread_blocked, id=14516, stack(0x0000000025160000,0x0000000025260000)]
  0x000000002274f800 JavaThread "Build operations Thread 2" [_thread_blocked, id=3812, stack(0x0000000025060000,0x0000000025160000)]
  0x000000002274c000 JavaThread "Build operations" [_thread_blocked, id=17960, stack(0x0000000024f60000,0x0000000025060000)]
  0x000000001b649000 JavaThread "Cache worker for file content cache (C:\Users\abdelmonem.abomoslim\.gradle\caches\6.5\fileContent)" [_thread_blocked, id=19968, stack(0x0000000024860000,0x0000000024960000)]
  0x000000001b647000 JavaThread "jar transforms" [_thread_blocked, id=6336, stack(0x0000000023140000,0x0000000023240000)]
  0x000000001b644000 JavaThread "Cache worker for execution history cache (C:\Users\abdelmonem.abomoslim\.gradle\caches\6.5\executionHistory)" [_thread_blocked, id=9880, stack(0x0000000023040000,0x0000000023140000)]
  0x000000001b646000 JavaThread "Cache worker for cache directory md-rule (C:\Users\abdelmonem.abomoslim\.gradle\caches\6.5\md-rule)" [_thread_blocked, id=18372, stack(0x0000000022f40000,0x0000000023040000)]
  0x000000001b645800 JavaThread "Cache worker for cache directory md-supplier (C:\Users\abdelmonem.abomoslim\.gradle\caches\6.5\md-supplier)" [_thread_blocked, id=11556, stack(0x0000000022e40000,0x0000000022f40000)]
  0x000000001b642800 JavaThread "Cache worker for checksums cache (D:\AndroidStudioProjects\EgyEatsRestaurant\.gradle\checksums)" [_thread_blocked, id=22524, stack(0x0000000021c90000,0x0000000021d90000)]
  0x000000001b643000 JavaThread "Cache worker for file hash cache (D:\AndroidStudioProjects\EgyEatsRestaurant\.gradle\6.5\fileHashes)" [_thread_blocked, id=15184, stack(0x0000000021980000,0x0000000021a80000)]
  0x000000001b647800 JavaThread "Cache worker for file hash cache (C:\Users\abdelmonem.abomoslim\.gradle\caches\6.5\fileHashes)" [_thread_blocked, id=2772, stack(0x000000001f430000,0x000000001f530000)]
  0x000000001b648800 JavaThread "File lock request listener" [_thread_in_native, id=2184, stack(0x000000001f330000,0x000000001f430000)]
  0x000000001b41d000 JavaThread "Cache worker for journal cache (C:\Users\abdelmonem.abomoslim\.gradle\caches\journal-1)" [_thread_blocked, id=6000, stack(0x000000001f230000,0x000000001f330000)]
  0x000000001d107800 JavaThread "Thread-9" [_thread_blocked, id=9996, stack(0x000000001ef30000,0x000000001f030000)]
  0x000000001d107000 JavaThread "Stdin handler" [_thread_blocked, id=17576, stack(0x000000001ee30000,0x000000001ef30000)]
  0x000000001d104000 JavaThread "Asynchronous log dispatcher for DefaultDaemonConnection: socket connection from /127.0.0.1:60531 to /127.0.0.1:60532" [_thread_blocked, id=21860, stack(0x000000001ed30000,0x000000001ee30000)]
  0x000000001d0f0800 JavaThread "Daemon worker" [_thread_in_vm, id=1940, stack(0x000000001ec30000,0x000000001ed30000)]
  0x000000001d0ad000 JavaThread "Cancel handler" [_thread_blocked, id=4060, stack(0x000000001eb30000,0x000000001ec30000)]
  0x000000001cadd000 JavaThread "Handler for socket connection from /127.0.0.1:60531 to /127.0.0.1:60532" [_thread_in_native, id=20960, stack(0x000000001ea30000,0x000000001eb30000)]
  0x000000001cfef800 JavaThread "Daemon" [_thread_blocked, id=20232, stack(0x000000001e830000,0x000000001e930000)]
  0x000000001cf25800 JavaThread "Daemon periodic checks" [_thread_blocked, id=5560, stack(0x000000001e530000,0x000000001e630000)]
  0x000000001cf18800 JavaThread "Incoming local TCP Connector on port 60531" [_thread_in_native, id=13756, stack(0x000000001e2f0000,0x000000001e3f0000)]
  0x000000001cf58800 JavaThread "Daemon health stats" [_thread_blocked, id=4184, stack(0x000000001dcb0000,0x000000001ddb0000)]
  0x000000001975f000 JavaThread "Service Thread" daemon [_thread_blocked, id=14024, stack(0x000000001b110000,0x000000001b210000)]
  0x0000000017faa000 JavaThread "C1 CompilerThread3" daemon [_thread_blocked, id=17920, stack(0x000000001b010000,0x000000001b110000)]
=>0x0000000019698000 JavaThread "C2 CompilerThread2" daemon [_thread_in_native, id=22176, stack(0x000000001af10000,0x000000001b010000)]
  0x0000000019695000 JavaThread "C2 CompilerThread1" daemon [_thread_in_native, id=21900, stack(0x000000001ae10000,0x000000001af10000)]
  0x000000001968f000 JavaThread "C2 CompilerThread0" daemon [_thread_blocked, id=10116, stack(0x000000001ad10000,0x000000001ae10000)]
  0x0000000019680800 JavaThread "Attach Listener" daemon [_thread_blocked, id=16752, stack(0x000000001ac10000,0x000000001ad10000)]
  0x000000001967f800 JavaThread "Signal Dispatcher" daemon [_thread_blocked, id=20328, stack(0x000000001ab10000,0x000000001ac10000)]
  0x0000000017fa1800 JavaThread "Finalizer" daemon [_thread_blocked, id=1228, stack(0x000000001a8f0000,0x000000001a9f0000)]
  0x0000000019673000 JavaThread "Reference Handler" daemon [_thread_blocked, id=15400, stack(0x000000001a7f0000,0x000000001a8f0000)]
  0x00000000029de800 JavaThread "main" [_thread_blocked, id=13064, stack(0x0000000002b00000,0x0000000002c00000)]

Other Threads:
  0x0000000019652000 VMThread [stack: 0x000000001a6f0000,0x000000001a7f0000] [id=21220]
  0x0000000019760800 WatcherThread [stack: 0x000000001b210000,0x000000001b310000] [id=8840]

VM state:not at safepoint (normal execution)

VM Mutex/Monitor currently owned by a thread: None

heap address: 0x0000000080000000, size: 2048 MB, Compressed Oops mode: 32-bit
Narrow klass base: 0x0000000000000000, Narrow klass shift: 3
Compressed class space size: 1073741824 Address: 0x0000000100000000

Heap:
 PSYoungGen      total 140800K, used 22001K [0x00000000d5580000, 0x00000000de980000, 0x0000000100000000)
  eden space 130048K, 8% used [0x00000000d5580000,0x00000000d60df610,0x00000000dd480000)
  from space 10752K, 96% used [0x00000000dd480000,0x00000000dde9cfb8,0x00000000ddf00000)
  to   space 10752K, 0% used [0x00000000ddf00000,0x00000000ddf00000,0x00000000de980000)
 ParOldGen       total 147456K, used 14622K [0x0000000080000000, 0x0000000089000000, 0x00000000d5580000)
  object space 147456K, 9% used [0x0000000080000000,0x0000000080e47b10,0x0000000089000000)
 Metaspace       used 41280K, capacity 43098K, committed 43432K, reserved 1087488K
  class space    used 5649K, capacity 5998K, committed 6064K, reserved 1048576K

Card table byte_map: [0x00000000120c0000,0x00000000124d0000] byte_map_base: 0x0000000011cc0000

Marking Bits: (ParMarkBitMap*) 0x000000005250f030
 Begin Bits: [0x0000000013180000, 0x0000000015180000)
 End Bits:   [0x0000000015180000, 0x0000000017180000)

Polling page: 0x00000000029b0000

CodeCache: size=245760Kb used=13337Kb max_used=13345Kb free=232422Kb
 bounds [0x0000000002d00000, 0x0000000003a10000, 0x0000000011d00000]
 total_blobs=4564 nmethods=3851 adapters=626
 compilation: enabled

Compilation events (10 events):
Event: 3.514 Thread 0x0000000017faa000 nmethod 3846 0x0000000003a0a510 code [0x0000000003a0a680, 0x0000000003a0a978]
Event: 3.514 Thread 0x0000000017faa000 3847       3       com.google.common.collect.MapMakerInternalMap$StrongKeyWeakValueEntry$Helper::copy (17 bytes)
Event: 3.514 Thread 0x0000000017faa000 nmethod 3847 0x0000000003a09810 code [0x0000000003a099c0, 0x0000000003a0a1d8]
Event: 3.516 Thread 0x0000000017faa000 3848       3       kotlin.jvm.internal.Intrinsics::checkExpressionValueIsNotNull (38 bytes)
Event: 3.516 Thread 0x0000000017faa000 nmethod 3848 0x00000000039fb5d0 code [0x00000000039fb7c0, 0x00000000039fc008]
Event: 3.528 Thread 0x0000000017faa000 3849       1       java.lang.invoke.MethodHandleImpl$IntrinsicMethodHandle::getTarget (5 bytes)
Event: 3.528 Thread 0x0000000017faa000 nmethod 3849 0x00000000039faad0 code [0x00000000039fac20, 0x00000000039fad30]
Event: 3.529 Thread 0x0000000017faa000 3850       3       sun.security.provider.SHA2::lf_S (11 bytes)
Event: 3.529 Thread 0x0000000017faa000 nmethod 3850 0x00000000039fa7d0 code [0x00000000039fa920, 0x00000000039faa70]
Event: 3.529 Thread 0x0000000019695000 3851   !   4       java.util.concurrent.ConcurrentHashMap::putVal (362 bytes)

GC Heap History (10 events):
Event: 2.015 GC heap before
{Heap before GC invocations=5 (full 1):
 PSYoungGen      total 140800K, used 7935K [0x00000000d5580000, 0x00000000de980000, 0x0000000100000000)
  eden space 130048K, 0% used [0x00000000d5580000,0x00000000d5580000,0x00000000dd480000)
  from space 10752K, 73% used [0x00000000ddf00000,0x00000000de6bfea0,0x00000000de980000)
  to   space 10752K, 0% used [0x00000000dd480000,0x00000000dd480000,0x00000000ddf00000)
 ParOldGen       total 173568K, used 963K [0x0000000080000000, 0x000000008a980000, 0x00000000d5580000)
  object space 173568K, 0% used [0x0000000080000000,0x00000000800f0fe0,0x000000008a980000)
 Metaspace       used 20616K, capacity 21224K, committed 21296K, reserved 1067008K
  class space    used 2878K, capacity 3076K, committed 3120K, reserved 1048576K
Event: 2.037 GC heap after
Heap after GC invocations=5 (full 1):
 PSYoungGen      total 140800K, used 0K [0x00000000d5580000, 0x00000000de980000, 0x0000000100000000)
  eden space 130048K, 0% used [0x00000000d5580000,0x00000000d5580000,0x00000000dd480000)
  from space 10752K, 0% used [0x00000000ddf00000,0x00000000ddf00000,0x00000000de980000)
  to   space 10752K, 0% used [0x00000000dd480000,0x00000000dd480000,0x00000000ddf00000)
 ParOldGen       total 95232K, used 7716K [0x0000000080000000, 0x0000000085d00000, 0x00000000d5580000)
  object space 95232K, 8% used [0x0000000080000000,0x00000000807893d8,0x0000000085d00000)
 Metaspace       used 20616K, capacity 21224K, committed 21296K, reserved 1067008K
  class space    used 2878K, capacity 3076K, committed 3120K, reserved 1048576K
}
Event: 2.737 GC heap before
{Heap before GC invocations=6 (full 1):
 PSYoungGen      total 140800K, used 130048K [0x00000000d5580000, 0x00000000de980000, 0x0000000100000000)
  eden space 130048K, 100% used [0x00000000d5580000,0x00000000dd480000,0x00000000dd480000)
  from space 10752K, 0% used [0x00000000ddf00000,0x00000000ddf00000,0x00000000de980000)
  to   space 10752K, 0% used [0x00000000dd480000,0x00000000dd480000,0x00000000ddf00000)
 ParOldGen       total 95232K, used 7716K [0x0000000080000000, 0x0000000085d00000, 0x00000000d5580000)
  object space 95232K, 8% used [0x0000000080000000,0x00000000807893d8,0x0000000085d00000)
 Metaspace       used 32791K, capacity 33796K, committed 33968K, reserved 1079296K
  class space    used 4477K, capacity 4750K, committed 4784K, reserved 1048576K
Event: 2.745 GC heap after
Heap after GC invocations=6 (full 1):
 PSYoungGen      total 140800K, used 10745K [0x00000000d5580000, 0x00000000de980000, 0x0000000100000000)
  eden space 130048K, 0% used [0x00000000d5580000,0x00000000d5580000,0x00000000dd480000)
  from space 10752K, 99% used [0x00000000dd480000,0x00000000ddefe5a0,0x00000000ddf00000)
  to   space 10752K, 0% used [0x00000000ddf00000,0x00000000ddf00000,0x00000000de980000)
 ParOldGen       total 95232K, used 11008K [0x0000000080000000, 0x0000000085d00000, 0x00000000d5580000)
  object space 95232K, 11% used [0x0000000080000000,0x0000000080ac0218,0x0000000085d00000)
 Metaspace       used 32791K, capacity 33796K, committed 33968K, reserved 1079296K
  class space    used 4477K, capacity 4750K, committed 4784K, reserved 1048576K
}
Event: 2.879 GC heap before
{Heap before GC invocations=7 (full 1):
 PSYoungGen      total 140800K, used 40041K [0x00000000d5580000, 0x00000000de980000, 0x0000000100000000)
  eden space 130048K, 22% used [0x00000000d5580000,0x00000000d721bea0,0x00000000dd480000)
  from space 10752K, 99% used [0x00000000dd480000,0x00000000ddefe5a0,0x00000000ddf00000)
  to   space 10752K, 0% used [0x00000000ddf00000,0x00000000ddf00000,0x00000000de980000)
 ParOldGen       total 95232K, used 11008K [0x0000000080000000, 0x0000000085d00000, 0x00000000d5580000)
  object space 95232K, 11% used [0x0000000080000000,0x0000000080ac0218,0x0000000085d00000)
 Metaspace       used 34280K, capacity 35412K, committed 35496K, reserved 1079296K
  class space    used 4715K, capacity 5001K, committed 5040K, reserved 1048576K
Event: 2.884 GC heap after
Heap after GC invocations=7 (full 1):
 PSYoungGen      total 140800K, used 8214K [0x00000000d5580000, 0x00000000de980000, 0x0000000100000000)
  eden space 130048K, 0% used [0x00000000d5580000,0x00000000d5580000,0x00000000dd480000)
  from space 10752K, 76% used [0x00000000ddf00000,0x00000000de705958,0x00000000de980000)
  to   space 10752K, 0% used [0x00000000dd480000,0x00000000dd480000,0x00000000ddf00000)
 ParOldGen       total 95232K, used 11016K [0x0000000080000000, 0x0000000085d00000, 0x00000000d5580000)
  object space 95232K, 11% used [0x0000000080000000,0x0000000080ac2218,0x0000000085d00000)
 Metaspace       used 34280K, capacity 35412K, committed 35496K, reserved 1079296K
  class space    used 4715K, capacity 5001K, committed 5040K, reserved 1048576K
}
Event: 2.884 GC heap before
{Heap before GC invocations=8 (full 2):
 PSYoungGen      total 140800K, used 8214K [0x00000000d5580000, 0x00000000de980000, 0x0000000100000000)
  eden space 130048K, 0% used [0x00000000d5580000,0x00000000d5580000,0x00000000dd480000)
  from space 10752K, 76% used [0x00000000ddf00000,0x00000000de705958,0x00000000de980000)
  to   space 10752K, 0% used [0x00000000dd480000,0x00000000dd480000,0x00000000ddf00000)
 ParOldGen       total 95232K, used 11016K [0x0000000080000000, 0x0000000085d00000, 0x00000000d5580000)
  object space 95232K, 11% used [0x0000000080000000,0x0000000080ac2218,0x0000000085d00000)
 Metaspace       used 34280K, capacity 35412K, committed 35496K, reserved 1079296K
  class space    used 4715K, capacity 5001K, committed 5040K, reserved 1048576K
Event: 2.917 GC heap after
Heap after GC invocations=8 (full 2):
 PSYoungGen      total 140800K, used 0K [0x00000000d5580000, 0x00000000de980000, 0x0000000100000000)
  eden space 130048K, 0% used [0x00000000d5580000,0x00000000d5580000,0x00000000dd480000)
  from space 10752K, 0% used [0x00000000ddf00000,0x00000000ddf00000,0x00000000de980000)
  to   space 10752K, 0% used [0x00000000dd480000,0x00000000dd480000,0x00000000ddf00000)
 ParOldGen       total 147456K, used 14614K [0x0000000080000000, 0x0000000089000000, 0x00000000d5580000)
  object space 147456K, 9% used [0x0000000080000000,0x0000000080e45b10,0x0000000089000000)
 Metaspace       used 34280K, capacity 35412K, committed 35496K, reserved 1079296K
  class space    used 4715K, capacity 5001K, committed 5040K, reserved 1048576K
}
Event: 3.474 GC heap before
{Heap before GC invocations=9 (full 2):
 PSYoungGen      total 140800K, used 130048K [0x00000000d5580000, 0x00000000de980000, 0x0000000100000000)
  eden space 130048K, 100% used [0x00000000d5580000,0x00000000dd480000,0x00000000dd480000)
  from space 10752K, 0% used [0x00000000ddf00000,0x00000000ddf00000,0x00000000de980000)
  to   space 10752K, 0% used [0x00000000dd480000,0x00000000dd480000,0x00000000ddf00000)
 ParOldGen       total 147456K, used 14614K [0x0000000080000000, 0x0000000089000000, 0x00000000d5580000)
  object space 147456K, 9% used [0x0000000080000000,0x0000000080e45b10,0x0000000089000000)
 Metaspace       used 39806K, capacity 41644K, committed 41768K, reserved 1085440K
  class space    used 5496K, capacity 5895K, committed 5936K, reserved 1048576K
Event: 3.480 GC heap after
Heap after GC invocations=9 (full 2):
 PSYoungGen      total 140800K, used 10355K [0x00000000d5580000, 0x00000000de980000, 0x0000000100000000)
  eden space 130048K, 0% used [0x00000000d5580000,0x00000000d5580000,0x00000000dd480000)
  from space 10752K, 96% used [0x00000000dd480000,0x00000000dde9cfb8,0x00000000ddf00000)
  to   space 10752K, 0% used [0x00000000ddf00000,0x00000000ddf00000,0x00000000de980000)
 ParOldGen       total 147456K, used 14622K [0x0000000080000000, 0x0000000089000000, 0x00000000d5580000)
  object space 147456K, 9% used [0x0000000080000000,0x0000000080e47b10,0x0000000089000000)
 Metaspace       used 39806K, capacity 41644K, committed 41768K, reserved 1085440K
  class space    used 5496K, capacity 5895K, committed 5936K, reserved 1048576K
}

Deoptimization events (10 events):
Event: 3.183 Thread 0x0000000022754000 Uncommon trap: reason=unstable_if action=reinterpret pc=0x000000000385a25c method=java.util.concurrent.SynchronousQueue$TransferStack.shouldSpin(Ljava/util/concurrent/SynchronousQueue$TransferStack$SNode;)Z @ 7
Event: 3.183 Thread 0x0000000022757800 Uncommon trap: reason=unstable_if action=reinterpret pc=0x000000000385a25c method=java.util.concurrent.SynchronousQueue$TransferStack.shouldSpin(Ljava/util/concurrent/SynchronousQueue$TransferStack$SNode;)Z @ 7
Event: 3.183 Thread 0x0000000022754800 Uncommon trap: reason=unstable_if action=reinterpret pc=0x000000000385a25c method=java.util.concurrent.SynchronousQueue$TransferStack.shouldSpin(Ljava/util/concurrent/SynchronousQueue$TransferStack$SNode;)Z @ 7
Event: 3.183 Thread 0x0000000022755800 Uncommon trap: reason=unstable_if action=reinterpret pc=0x000000000385a25c method=java.util.concurrent.SynchronousQueue$TransferStack.shouldSpin(Ljava/util/concurrent/SynchronousQueue$TransferStack$SNode;)Z @ 7
Event: 3.285 Thread 0x000000001d0f0800 Uncommon trap: reason=unstable_if action=reinterpret pc=0x0000000003049f10 method=java.util.regex.Pattern.has(I)Z @ 6
Event: 3.306 Thread 0x000000001d0f0800 Uncommon trap: reason=bimorphic action=maybe_recompile pc=0x0000000003763ec8 method=java.lang.ClassLoader.getPackage(Ljava/lang/String;)Ljava/lang/Package; @ 47
Event: 3.306 Thread 0x000000001d0f0800 Uncommon trap: reason=bimorphic action=maybe_recompile pc=0x0000000003763ec8 method=java.lang.ClassLoader.getPackage(Ljava/lang/String;)Ljava/lang/Package; @ 47
Event: 3.306 Thread 0x000000001d0f0800 Uncommon trap: reason=bimorphic action=maybe_recompile pc=0x0000000003763ec8 method=java.lang.ClassLoader.getPackage(Ljava/lang/String;)Ljava/lang/Package; @ 47
Event: 3.306 Thread 0x000000001d0f0800 Uncommon trap: reason=bimorphic action=maybe_recompile pc=0x0000000003763ec8 method=java.lang.ClassLoader.getPackage(Ljava/lang/String;)Ljava/lang/Package; @ 47
Event: 3.379 Thread 0x000000001d0f0800 Uncommon trap: reason=unstable_if action=reinterpret pc=0x00000000034b6d3c method=java.io.BufferedInputStream.read([BII)I @ 56

Classes redefined (0 events):
No events

Internal exceptions (10 events):
Event: 3.287 Thread 0x000000001d107800 Exception <a 'java/lang/NoSuchMethodError': <clinit>> (0x00000000d7e050e8) thrown at [C:\src\AOSP-openjdk-git\hotspot\src\share\vm\prims\jni.cpp, line 1615]
Event: 3.287 Thread 0x000000001d107800 Exception <a 'java/lang/NoSuchMethodError': <clinit>> (0x00000000d7e069e0) thrown at [C:\src\AOSP-openjdk-git\hotspot\src\share\vm\prims\jni.cpp, line 1615]
Event: 3.287 Thread 0x000000001d107800 Exception <a 'java/lang/NoSuchMethodError': <clinit>> (0x00000000d7e07f08) thrown at [C:\src\AOSP-openjdk-git\hotspot\src\share\vm\prims\jni.cpp, line 1615]
Event: 3.288 Thread 0x000000001d107800 Exception <a 'java/lang/NoSuchMethodError': <clinit>> (0x00000000d7e12178) thrown at [C:\src\AOSP-openjdk-git\hotspot\src\share\vm\prims\jni.cpp, line 1615]
Event: 3.288 Thread 0x000000001d107800 Exception <a 'java/lang/NoSuchMethodError': <clinit>> (0x00000000d7e1d248) thrown at [C:\src\AOSP-openjdk-git\hotspot\src\share\vm\prims\jni.cpp, line 1615]
Event: 3.289 Thread 0x000000001d107800 Exception <a 'java/lang/NoSuchMethodError': <clinit>> (0x00000000d7e30618) thrown at [C:\src\AOSP-openjdk-git\hotspot\src\share\vm\prims\jni.cpp, line 1615]
Event: 3.300 Thread 0x000000001d0f0800 Exception <a 'java/lang/ClassNotFoundException': build_48zmefct7g419izjq6371i67rBeanInfo> (0x00000000db9157f8) thrown at [C:\src\AOSP-openjdk-git\hotspot\src\share\vm\classfile\systemDictionary.cpp, line 210]
Event: 3.301 Thread 0x000000001d0f0800 Exception <a 'java/lang/ClassNotFoundException': build_48zmefct7g419izjq6371i67rCustomizer> (0x00000000db921438) thrown at [C:\src\AOSP-openjdk-git\hotspot\src\share\vm\classfile\systemDictionary.cpp, line 210]
Event: 3.304 Thread 0x000000001d0f0800 Exception <a 'java/lang/ClassNotFoundException': org/gradle/api/internal/plugins/DefaultObjectConfigurationActionBeanInfo> (0x00000000db99ab20) thrown at [C:\src\AOSP-openjdk-git\hotspot\src\share\vm\classfile\systemDictionary.cpp, line 210]
Event: 3.305 Thread 0x000000001d0f0800 Exception <a 'java/lang/ClassNotFoundException': org/gradle/api/internal/plugins/DefaultObjectConfigurationActionCustomizer> (0x00000000db9de6e0) thrown at [C:\src\AOSP-openjdk-git\hotspot\src\share\vm\classfile\systemDictionary.cpp, line 210]

Events (10 events):
Event: 3.533 loading class org/gradle/internal/graph/CachingDirectedGraphWalker$GraphWithEmptyEdges
Event: 3.533 loading class org/gradle/internal/graph/CachingDirectedGraphWalker$GraphWithEmptyEdges done
Event: 3.533 loading class org/gradle/execution/taskgraph/DefaultTaskExecutionGraph
Event: 3.533 loading class org/gradle/execution/taskgraph/DefaultTaskExecutionGraph done
Event: 3.534 loading class org/gradle/execution/plan/ExecutionPlan
Event: 3.534 loading class org/gradle/execution/plan/ExecutionPlan done
Event: 3.534 loading class org/gradle/execution/taskgraph/DefaultTaskExecutionGraph$GraphState
Event: 3.534 loading class org/gradle/execution/taskgraph/DefaultTaskExecutionGraph$GraphState done
Event: 3.534 loading class org/gradle/execution/plan/DefaultExecutionPlan
Event: 3.534 loading class org/gradle/execution/plan/DefaultExecutionPlan done


Dynamic libraries:
0x00007ff665f80000 - 0x00007ff665fb1000 	C:\Program Files\Android\Android Studio\jre\bin\java.exe
0x00007ffe68be0000 - 0x00007ffe68dd0000 	C:\Windows\SYSTEM32\ntdll.dll
0x00007ffe66e10000 - 0x00007ffe66ec2000 	C:\Windows\System32\KERNEL32.DLL
0x00007ffe65c20000 - 0x00007ffe65ec5000 	C:\Windows\System32\KERNELBASE.dll
0x00007ffe66ed0000 - 0x00007ffe66f73000 	C:\Windows\System32\ADVAPI32.dll
0x00007ffe67010000 - 0x00007ffe670ae000 	C:\Windows\System32\msvcrt.dll
0x00007ffe67460000 - 0x00007ffe674f7000 	C:\Windows\System32\sechost.dll
0x00007ffe672e0000 - 0x00007ffe673ff000 	C:\Windows\System32\RPCRT4.dll
0x00007ffe67600000 - 0x00007ffe67794000 	C:\Windows\System32\USER32.dll
0x00007ffe660e0000 - 0x00007ffe66101000 	C:\Windows\System32\win32u.dll
0x00007ffe67fd0000 - 0x00007ffe67ff6000 	C:\Windows\System32\GDI32.dll
0x00007ffe66ac0000 - 0x00007ffe66c58000 	C:\Windows\System32\gdi32full.dll
0x00007ffe66240000 - 0x00007ffe662de000 	C:\Windows\System32\msvcp_win.dll
0x00007ffe65b20000 - 0x00007ffe65c1a000 	C:\Windows\System32\ucrtbase.dll
0x00007ffe52380000 - 0x00007ffe52604000 	C:\Windows\WinSxS\amd64_microsoft.windows.common-controls_6595b64144ccf1df_6.0.18362.1440_none_9e7dbfb9e45e8e67\COMCTL32.dll
0x00007ffe67c10000 - 0x00007ffe67f46000 	C:\Windows\System32\combase.dll
0x00007ffe66030000 - 0x00007ffe660b1000 	C:\Windows\System32\bcryptPrimitives.dll
0x00007ffe675d0000 - 0x00007ffe675fe000 	C:\Windows\System32\IMM32.DLL
0x0000000051c60000 - 0x0000000051d32000 	C:\Program Files\Android\Android Studio\jre\jre\bin\msvcr100.dll
0x0000000051d40000 - 0x000000005258b000 	C:\Program Files\Android\Android Studio\jre\jre\bin\server\jvm.dll
0x00007ffe68470000 - 0x00007ffe68478000 	C:\Windows\System32\PSAPI.DLL
0x00007ffe4a850000 - 0x00007ffe4a859000 	C:\Windows\SYSTEM32\WSOCK32.dll
0x00007ffe63b10000 - 0x00007ffe63b34000 	C:\Windows\SYSTEM32\WINMM.dll
0x00007ffe5cfc0000 - 0x00007ffe5cfca000 	C:\Windows\SYSTEM32\VERSION.dll
0x00007ffe66fa0000 - 0x00007ffe6700f000 	C:\Windows\System32\WS2_32.dll
0x00007ffe63ae0000 - 0x00007ffe63b0d000 	C:\Windows\SYSTEM32\WINMMBASE.dll
0x00007ffe661f0000 - 0x00007ffe6623a000 	C:\Windows\System32\cfgmgr32.dll
0x00007ffe5f780000 - 0x00007ffe5f78f000 	C:\Program Files\Android\Android Studio\jre\jre\bin\verify.dll
0x00007ffe59cb0000 - 0x00007ffe59cd9000 	C:\Program Files\Android\Android Studio\jre\jre\bin\java.dll
0x00007ffe51a70000 - 0x00007ffe51a86000 	C:\Program Files\Android\Android Studio\jre\jre\bin\zip.dll
0x00007ffe68480000 - 0x00007ffe68b68000 	C:\Windows\System32\SHELL32.dll
0x00007ffe68360000 - 0x00007ffe68407000 	C:\Windows\System32\shcore.dll
0x00007ffe66340000 - 0x00007ffe66abb000 	C:\Windows\System32\windows.storage.dll
0x00007ffe65a90000 - 0x00007ffe65aae000 	C:\Windows\System32\profapi.dll
0x00007ffe65ad0000 - 0x00007ffe65b1a000 	C:\Windows\System32\powrprof.dll
0x00007ffe65a60000 - 0x00007ffe65a70000 	C:\Windows\System32\UMPDC.dll
0x00007ffe66c60000 - 0x00007ffe66cb2000 	C:\Windows\System32\shlwapi.dll
0x00007ffe65ab0000 - 0x00007ffe65ac1000 	C:\Windows\System32\kernel.appcore.dll
0x00007ffe660c0000 - 0x00007ffe660d7000 	C:\Windows\System32\cryptsp.dll
0x00007ffe51760000 - 0x00007ffe5177a000 	C:\Program Files\Android\Android Studio\jre\jre\bin\net.dll
0x00007ffe652a0000 - 0x00007ffe65307000 	C:\Windows\system32\mswsock.dll
0x00007ffe51740000 - 0x00007ffe51753000 	C:\Program Files\Android\Android Studio\jre\jre\bin\nio.dll
0x00007ffe40d50000 - 0x00007ffe40d77000 	C:\Users\abdelmonem.abomoslim\.gradle\native\f6784746aeab05261644944871eae4fe03e0ef1612fff0a4a95f87b438bc6780\windows-amd64\native-platform.dll
0x00007ffe5e910000 - 0x00007ffe5e91d000 	C:\Program Files\Android\Android Studio\jre\jre\bin\management.dll
0x00007ffe64e20000 - 0x00007ffe64e53000 	C:\Windows\system32\rsaenh.dll
0x00007ffe661c0000 - 0x00007ffe661e6000 	C:\Windows\System32\bcrypt.dll
0x00007ffe65940000 - 0x00007ffe65965000 	C:\Windows\SYSTEM32\USERENV.dll
0x00007ffe65470000 - 0x00007ffe6547c000 	C:\Windows\SYSTEM32\CRYPTBASE.dll
0x00007ffe64fb0000 - 0x00007ffe64fea000 	C:\Windows\SYSTEM32\IPHLPAPI.DLL
0x00007ffe66e00000 - 0x00007ffe66e08000 	C:\Windows\System32\NSI.dll
0x00007ffe62180000 - 0x00007ffe62196000 	C:\Windows\SYSTEM32\dhcpcsvc6.DLL
0x00007ffe62160000 - 0x00007ffe6217c000 	C:\Windows\SYSTEM32\dhcpcsvc.DLL
0x00007ffe64ff0000 - 0x00007ffe650bb000 	C:\Windows\SYSTEM32\DNSAPI.dll
0x00007ffe627c0000 - 0x00007ffe627cb000 	C:\Windows\SYSTEM32\WINNSI.DLL

VM Arguments:
jvm_args: -Xmx2048m -Dfile.encoding=windows-1256 -Duser.country=US -Duser.language=en -Duser.variant 
java_command: org.gradle.launcher.daemon.bootstrap.GradleDaemon 6.5
java_class_path (initial): C:\Users\abdelmonem.abomoslim\.gradle\wrapper\dists\gradle-6.5-all\2oz4ud9k3tuxjg84bbf55q0tn\gradle-6.5\lib\gradle-launcher-6.5.jar
Launcher Type: SUN_STANDARD

Environment Variables:
PATH=C:\Windows\system32;C:\Windows;C:\Windows\System32\Wbem;C:\Windows\System32\WindowsPowerShell\v1.0\;C:\Windows\System32\OpenSSH\;C:\Program Files\Git\cmd;C:\Program Files\nodejs\;C:\Program Files\ojdkbuild\java-1.8.0-openjdk-1.8.0.262-1\missioncontrol\;C:\Program Files\ojdkbuild\java-1.8.0-openjdk-1.8.0.262-1\bin;C:\Program Files\ojdkbuild\java-1.8.0-openjdk-1.8.0.262-1\jre\bin;C:\Program Files\MySQL\MySQL Shell 8.0\bin\;C:\Users\abdelmonem.abomoslim\AppData\Local\Microsoft\WindowsApps;C:\Users\abdelmonem.abomoslim\AppData\Roaming\npm;C:\Users\abdelmonem.abomoslim\AppData\Local\GitHubDesktop\bin
USERNAME=abdelmonem.abomoslim
OS=Windows_NT
PROCESSOR_IDENTIFIER=Intel64 Family 6 Model 158 Stepping 13, GenuineIntel



---------------  S Y S T E M  ---------------

OS: Windows 10.0 , 64 bit Build 18362 (10.0.18362.1350)

CPU:total 12 (initial active 12) (6 cores per cpu, 2 threads per core) family 6 model 158 stepping 13, cmov, cx8, fxsr, mmx, sse, sse2, sse3, ssse3, sse4.1, sse4.2, popcnt, avx, avx2, aes, clmul, erms, 3dnowpref, lzcnt, ht, tsc, tscinvbit, bmi1, bmi2, adx

Memory: 4k page, physical 16554132k(1405132k free), swap 16554132k(5388k free)

vm_info: OpenJDK 64-Bit Server VM (25.242-b01) for windows-amd64 JRE (1.8.0_242-release-1644-b01), built by "builder" with MS VC++ 10.0 (VS2010)

time: Sat Mar 20 12:29:13 2021
timezone: Egypt Standard Time
elapsed time: 3 seconds (0d 0h 0m 3s)

