#
# There is insufficient memory for the Java Runtime Environment to continue.
# Native memory allocation (malloc) failed to allocate 1548416 bytes for Chunk::new
# Possible reasons:
#   The system is out of physical RAM or swap space
#   The process is running with CompressedOops enabled, and the Java Heap may be blocking the growth of the native heap
# Possible solutions:
#   Reduce memory load on the system
#   Increase physical memory or swap space
#   Check if swap backing store is full
#   Decrease Java heap size (-Xmx/-Xms)
#   Decrease number of Java threads
#   Decrease Java thread stack sizes (-Xss)
#   Set larger code cache with -XX:ReservedCodeCacheSize=
#   JVM is running with Unscaled Compressed Oops mode in which the Java heap is
#     placed in the first 4GB address space. The Java Heap base address is the
#     maximum limit for the native heap growth. Please use -XX:HeapBaseMinAddress
#     to set the Java Heap base and to place the Java Heap above 4GB virtual address.
# This output file may be truncated or incomplete.
#
#  Out of Memory Error (allocation.cpp:389), pid=3000, tid=0x0000000000000c68
#
# JRE version: OpenJDK Runtime Environment (8.0_242-b01) (build 1.8.0_242-release-1644-b01)
# Java VM: OpenJDK 64-Bit Server VM (25.242-b01 mixed mode windows-amd64 compressed oops)
# Failed to write core dump. Minidumps are not enabled by default on client versions of Windows
#

---------------  T H R E A D  ---------------

Current thread (0x0000000019011800):  JavaThread "C2 CompilerThread1" daemon [_thread_in_native, id=3176, stack(0x000000001a770000,0x000000001a870000)]

Stack: [0x000000001a770000,0x000000001a870000]
[error occurred during error reporting (printing stack bounds), id 0xc0000005]

Native frames: (J=compiled Java code, j=interpreted, Vv=VM code, C=native code)


Current CompileTask:
C2:  13467 6107   !   4       java.lang.reflect.Field::declaredAnnotations (82 bytes)


---------------  P R O C E S S  ---------------

Java Threads: ( => current thread )
  0x00000000225d1800 JavaThread "pool-2-thread-11" [_thread_in_native, id=18312, stack(0x000000002e820000,0x000000002e920000)]
  0x00000000225ce800 JavaThread "Keep-Alive-Timer" daemon [_thread_blocked, id=5052, stack(0x000000002b610000,0x000000002b710000)]
  0x00000000225cc000 JavaThread "Cache worker for file content cache (D:\AndroidStudioProjects\EgyEatsRestaurant\.gradle\6.5\fileContent)" [_thread_blocked, id=19620, stack(0x000000002d720000,0x000000002d820000)]
  0x00000000225cd800 JavaThread "Memory manager" [_thread_blocked, id=7196, stack(0x000000002b2e0000,0x000000002b3e0000)]
  0x00000000225c7800 JavaThread "Cache worker for Build Output Cleanup Cache (D:\AndroidStudioProjects\EgyEatsRestaurant\.gradle\buildOutputCleanup)" [_thread_blocked, id=13520, stack(0x0000000026ca0000,0x0000000026da0000)]
  0x00000000225ca800 JavaThread "jar transforms Thread 92" [_thread_blocked, id=14420, stack(0x000000002afe0000,0x000000002b0e0000)]
  0x000000001fa21000 JavaThread "jar transforms Thread 91" [_thread_blocked, id=22312, stack(0x000000002aee0000,0x000000002afe0000)]
  0x000000001fa20000 JavaThread "jar transforms Thread 90" [_thread_blocked, id=19312, stack(0x000000002ade0000,0x000000002aee0000)]
  0x000000001fa1f800 JavaThread "jar transforms Thread 89" [_thread_blocked, id=5684, stack(0x000000002ace0000,0x000000002ade0000)]
  0x000000001fa1d000 JavaThread "jar transforms Thread 88" [_thread_blocked, id=21660, stack(0x000000002abe0000,0x000000002ace0000)]
  0x000000001fa21800 JavaThread "jar transforms Thread 87" [_thread_blocked, id=16512, stack(0x000000002aae0000,0x000000002abe0000)]
  0x000000001fa22800 JavaThread "jar transforms Thread 86" [_thread_blocked, id=15288, stack(0x000000002a9e0000,0x000000002aae0000)]
  0x000000001fa1c800 JavaThread "jar transforms Thread 85" [_thread_blocked, id=3192, stack(0x000000002a8e0000,0x000000002a9e0000)]
  0x000000001fa1e800 JavaThread "jar transforms Thread 84" [_thread_blocked, id=15064, stack(0x000000002a7e0000,0x000000002a8e0000)]
  0x000000001fa1e000 JavaThread "jar transforms Thread 83" [_thread_blocked, id=21232, stack(0x000000002a6e0000,0x000000002a7e0000)]
  0x000000001fa1b800 JavaThread "jar transforms Thread 82" [_thread_blocked, id=4420, stack(0x000000002a5e0000,0x000000002a6e0000)]
  0x000000001fa14000 JavaThread "jar transforms Thread 81" [_thread_blocked, id=2652, stack(0x000000002a4e0000,0x000000002a5e0000)]
  0x000000001fa1b000 JavaThread "jar transforms Thread 80" [_thread_blocked, id=17592, stack(0x000000002a3e0000,0x000000002a4e0000)]
  0x000000001fa13800 JavaThread "jar transforms Thread 79" [_thread_blocked, id=6964, stack(0x000000002a2e0000,0x000000002a3e0000)]
  0x000000001fa15000 JavaThread "jar transforms Thread 78" [_thread_blocked, id=300, stack(0x000000002a1e0000,0x000000002a2e0000)]
  0x000000001fa19800 JavaThread "jar transforms Thread 77" [_thread_blocked, id=21236, stack(0x000000002a0e0000,0x000000002a1e0000)]
  0x000000001fa1a000 JavaThread "jar transforms Thread 76" [_thread_blocked, id=20172, stack(0x0000000029fe0000,0x000000002a0e0000)]
  0x000000001fa15800 JavaThread "jar transforms Thread 75" [_thread_blocked, id=5460, stack(0x0000000029ee0000,0x0000000029fe0000)]
  0x000000001fa18000 JavaThread "jar transforms Thread 74" [_thread_blocked, id=14824, stack(0x0000000029de0000,0x0000000029ee0000)]
  0x000000001fa18800 JavaThread "jar transforms Thread 73" [_thread_blocked, id=22192, stack(0x0000000029ce0000,0x0000000029de0000)]
  0x000000001fa16800 JavaThread "jar transforms Thread 72" [_thread_blocked, id=1648, stack(0x0000000029be0000,0x0000000029ce0000)]
  0x000000001fa17000 JavaThread "jar transforms Thread 71" [_thread_blocked, id=18936, stack(0x0000000029ae0000,0x0000000029be0000)]
  0x000000002247a000 JavaThread "jar transforms Thread 70" [_thread_blocked, id=13748, stack(0x00000000299e0000,0x0000000029ae0000)]
  0x0000000022479000 JavaThread "jar transforms Thread 69" [_thread_blocked, id=13336, stack(0x00000000298e0000,0x00000000299e0000)]
  0x0000000022478800 JavaThread "jar transforms Thread 68" [_thread_blocked, id=10176, stack(0x00000000297e0000,0x00000000298e0000)]
  0x0000000022477800 JavaThread "jar transforms Thread 67" [_thread_blocked, id=8012, stack(0x00000000296e0000,0x00000000297e0000)]
  0x0000000022476000 JavaThread "jar transforms Thread 66" [_thread_blocked, id=21404, stack(0x00000000295e0000,0x00000000296e0000)]
  0x0000000022475800 JavaThread "jar transforms Thread 65" [_thread_blocked, id=21048, stack(0x00000000294e0000,0x00000000295e0000)]
  0x0000000022477000 JavaThread "jar transforms Thread 64" [_thread_blocked, id=20048, stack(0x00000000293e0000,0x00000000294e0000)]
  0x0000000022473000 JavaThread "jar transforms Thread 63" [_thread_blocked, id=3160, stack(0x00000000292e0000,0x00000000293e0000)]
  0x0000000022474800 JavaThread "jar transforms Thread 62" [_thread_blocked, id=22180, stack(0x00000000291e0000,0x00000000292e0000)]
  0x0000000022474000 JavaThread "jar transforms Thread 61" [_thread_blocked, id=20652, stack(0x00000000290e0000,0x00000000291e0000)]
  0x0000000022471000 JavaThread "jar transforms Thread 60" [_thread_blocked, id=20000, stack(0x0000000028fe0000,0x00000000290e0000)]
  0x000000002246b800 JavaThread "jar transforms Thread 59" [_thread_blocked, id=1304, stack(0x0000000028ee0000,0x0000000028fe0000)]
  0x000000002246e000 JavaThread "jar transforms Thread 58" [_thread_blocked, id=11744, stack(0x0000000028de0000,0x0000000028ee0000)]
  0x000000002246e800 JavaThread "jar transforms Thread 57" [_thread_blocked, id=3084, stack(0x0000000028ce0000,0x0000000028de0000)]
  0x0000000022472800 JavaThread "jar transforms Thread 56" [_thread_blocked, id=8820, stack(0x0000000028be0000,0x0000000028ce0000)]
  0x0000000022470000 JavaThread "jar transforms Thread 55" [_thread_blocked, id=7800, stack(0x0000000028ae0000,0x0000000028be0000)]
  0x000000002246b000 JavaThread "jar transforms Thread 54" [_thread_blocked, id=10384, stack(0x00000000289e0000,0x0000000028ae0000)]
  0x000000002246f800 JavaThread "jar transforms Thread 53" [_thread_blocked, id=7296, stack(0x00000000288e0000,0x00000000289e0000)]
  0x000000002246d000 JavaThread "jar transforms Thread 52" [_thread_blocked, id=15076, stack(0x00000000287e0000,0x00000000288e0000)]
  0x000000002246c800 JavaThread "jar transforms Thread 51" [_thread_blocked, id=18932, stack(0x00000000286e0000,0x00000000287e0000)]
  0x0000000022471800 JavaThread "jar transforms Thread 50" [_thread_blocked, id=11848, stack(0x00000000285e0000,0x00000000286e0000)]
  0x000000001d069800 JavaThread "jar transforms Thread 49" [_thread_blocked, id=20764, stack(0x00000000284e0000,0x00000000285e0000)]
  0x000000001d06f000 JavaThread "jar transforms Thread 48" [_thread_blocked, id=19840, stack(0x00000000283e0000,0x00000000284e0000)]
  0x000000001d06e000 JavaThread "jar transforms Thread 47" [_thread_blocked, id=9024, stack(0x00000000282e0000,0x00000000283e0000)]
  0x000000001d06d800 JavaThread "jar transforms Thread 46" [_thread_blocked, id=7328, stack(0x00000000281e0000,0x00000000282e0000)]
  0x000000001d06c000 JavaThread "jar transforms Thread 45" [_thread_blocked, id=2220, stack(0x00000000280e0000,0x00000000281e0000)]
  0x000000001d06f800 JavaThread "jar transforms Thread 44" [_thread_blocked, id=20716, stack(0x0000000027fe0000,0x00000000280e0000)]
  0x000000001d06b000 JavaThread "jar transforms Thread 43" [_thread_blocked, id=15400, stack(0x0000000027ee0000,0x0000000027fe0000)]
  0x000000001d06c800 JavaThread "jar transforms Thread 42" [_thread_blocked, id=20748, stack(0x0000000027de0000,0x0000000027ee0000)]
  0x000000001d06a800 JavaThread "jar transforms Thread 41" [_thread_blocked, id=16960, stack(0x0000000027ce0000,0x0000000027de0000)]
  0x000000001d064800 JavaThread "jar transforms Thread 40" [_thread_blocked, id=7464, stack(0x0000000027be0000,0x0000000027ce0000)]
  0x000000001d069000 JavaThread "jar transforms Thread 39" [_thread_blocked, id=20772, stack(0x0000000027ae0000,0x0000000027be0000)]
  0x000000001d063000 JavaThread "jar transforms Thread 38" [_thread_blocked, id=16484, stack(0x00000000279e0000,0x0000000027ae0000)]
  0x000000001d068000 JavaThread "jar transforms Thread 37" [_thread_blocked, id=21968, stack(0x00000000278e0000,0x00000000279e0000)]
  0x000000001d065000 JavaThread "jar transforms Thread 36" [_thread_blocked, id=16204, stack(0x00000000277e0000,0x00000000278e0000)]
  0x000000001d066800 JavaThread "jar transforms Thread 35" [_thread_blocked, id=13204, stack(0x00000000276e0000,0x00000000277e0000)]
  0x000000001d067800 JavaThread "jar transforms Thread 34" [_thread_blocked, id=2000, stack(0x00000000275e0000,0x00000000276e0000)]
  0x000000001d062000 JavaThread "jar transforms Thread 33" [_thread_blocked, id=16736, stack(0x00000000274e0000,0x00000000275e0000)]
  0x000000001d066000 JavaThread "jar transforms Thread 32" [_thread_blocked, id=21948, stack(0x00000000273e0000,0x00000000274e0000)]
  0x000000001d061800 JavaThread "jar transforms Thread 31" [_thread_blocked, id=7100, stack(0x00000000272e0000,0x00000000273e0000)]
  0x000000001d063800 JavaThread "jar transforms Thread 30" [_thread_blocked, id=13480, stack(0x00000000271e0000,0x00000000272e0000)]
  0x000000001d060800 JavaThread "jar transforms Thread 29" [_thread_blocked, id=6240, stack(0x00000000270e0000,0x00000000271e0000)]
  0x00000000202db000 JavaThread "jar transforms Thread 28" [_thread_blocked, id=2208, stack(0x0000000026fe0000,0x00000000270e0000)]
  0x00000000202da800 JavaThread "jar transforms Thread 27" [_thread_blocked, id=8524, stack(0x0000000026ee0000,0x0000000026fe0000)]
  0x00000000202d6800 JavaThread "jar transforms Thread 26" [_thread_blocked, id=11712, stack(0x0000000026de0000,0x0000000026ee0000)]
  0x00000000202d9000 JavaThread "jar transforms Thread 25" [_thread_blocked, id=9352, stack(0x0000000024870000,0x0000000024970000)]
  0x00000000202d8000 JavaThread "jar transforms Thread 24" [_thread_blocked, id=13676, stack(0x0000000026ba0000,0x0000000026ca0000)]
  0x00000000202d9800 JavaThread "jar transforms Thread 23" [_thread_blocked, id=19492, stack(0x0000000026aa0000,0x0000000026ba0000)]
  0x00000000202d7000 JavaThread "jar transforms Thread 22" [_thread_blocked, id=9748, stack(0x00000000269a0000,0x0000000026aa0000)]
  0x00000000202dc000 JavaThread "jar transforms Thread 21" [_thread_blocked, id=19616, stack(0x00000000268a0000,0x00000000269a0000)]
  0x00000000202d5800 JavaThread "jar transforms Thread 20" [_thread_blocked, id=2972, stack(0x00000000267a0000,0x00000000268a0000)]
  0x00000000202d5000 JavaThread "jar transforms Thread 19" [_thread_blocked, id=10264, stack(0x00000000266a0000,0x00000000267a0000)]
  0x00000000202d0800 JavaThread "jar transforms Thread 18" [_thread_blocked, id=4888, stack(0x00000000265a0000,0x00000000266a0000)]
  0x00000000202cd800 JavaThread "jar transforms Thread 17" [_thread_blocked, id=19744, stack(0x00000000264a0000,0x00000000265a0000)]
  0x00000000202d1000 JavaThread "jar transforms Thread 16" [_thread_blocked, id=6368, stack(0x00000000263a0000,0x00000000264a0000)]
  0x00000000202d4000 JavaThread "jar transforms Thread 15" [_thread_blocked, id=12360, stack(0x00000000262a0000,0x00000000263a0000)]
  0x00000000202cc800 JavaThread "jar transforms Thread 14" [_thread_blocked, id=11012, stack(0x00000000261a0000,0x00000000262a0000)]
  0x00000000202ce000 JavaThread "jar transforms Thread 13" [_thread_blocked, id=11496, stack(0x00000000260a0000,0x00000000261a0000)]
  0x00000000202cf000 JavaThread "jar transforms Thread 12" [_thread_blocked, id=17876, stack(0x0000000025fa0000,0x00000000260a0000)]
  0x00000000202d2000 JavaThread "jar transforms Thread 11" [_thread_blocked, id=2312, stack(0x0000000025ea0000,0x0000000025fa0000)]
  0x00000000202cf800 JavaThread "jar transforms Thread 10" [_thread_blocked, id=12664, stack(0x0000000025da0000,0x0000000025ea0000)]
  0x00000000202d3800 JavaThread "jar transforms Thread 9" [_thread_blocked, id=18692, stack(0x0000000025ca0000,0x0000000025da0000)]
  0x00000000202d2800 JavaThread "jar transforms Thread 8" [_thread_blocked, id=10628, stack(0x0000000025ba0000,0x0000000025ca0000)]
  0x0000000020529000 JavaThread "jar transforms Thread 7" [_thread_blocked, id=2368, stack(0x0000000025aa0000,0x0000000025ba0000)]
  0x000000002052b000 JavaThread "jar transforms Thread 6" [_thread_blocked, id=18132, stack(0x00000000259a0000,0x0000000025aa0000)]
  0x0000000020527800 JavaThread "jar transforms Thread 5" [_thread_blocked, id=14588, stack(0x00000000258a0000,0x00000000259a0000)]
  0x000000002052a800 JavaThread "jar transforms Thread 4" [_thread_blocked, id=21616, stack(0x00000000257a0000,0x00000000258a0000)]
  0x0000000020528000 JavaThread "jar transforms Thread 3" [_thread_blocked, id=20208, stack(0x00000000256a0000,0x00000000257a0000)]
  0x0000000020529800 JavaThread "jar transforms Thread 2" [_thread_blocked, id=20364, stack(0x00000000255a0000,0x00000000256a0000)]
  0x0000000020520000 JavaThread "Build operations Thread 12" [_thread_blocked, id=15136, stack(0x00000000254a0000,0x00000000255a0000)]
  0x0000000020526800 JavaThread "Build operations Thread 11" [_thread_blocked, id=3432, stack(0x00000000253a0000,0x00000000254a0000)]
  0x000000002051f000 JavaThread "Build operations Thread 10" [_thread_blocked, id=21228, stack(0x00000000252a0000,0x00000000253a0000)]
  0x0000000020526000 JavaThread "Build operations Thread 9" [_thread_blocked, id=21716, stack(0x00000000251a0000,0x00000000252a0000)]
  0x000000002051e800 JavaThread "Build operations Thread 8" [_thread_blocked, id=20980, stack(0x00000000250a0000,0x00000000251a0000)]
  0x0000000020520800 JavaThread "Build operations Thread 7" [_thread_blocked, id=14728, stack(0x0000000024fa0000,0x00000000250a0000)]
  0x0000000020524800 JavaThread "Build operations Thread 6" [_thread_blocked, id=3608, stack(0x0000000024ea0000,0x0000000024fa0000)]
  0x0000000020525000 JavaThread "Build operations Thread 5" [_thread_blocked, id=14884, stack(0x0000000024da0000,0x0000000024ea0000)]
  0x0000000020522000 JavaThread "Build operations Thread 4" [_thread_blocked, id=8008, stack(0x0000000024ca0000,0x0000000024da0000)]
  0x0000000020523800 JavaThread "Build operations Thread 3" [_thread_blocked, id=5644, stack(0x0000000024ba0000,0x0000000024ca0000)]
  0x0000000020523000 JavaThread "Build operations Thread 2" [_thread_blocked, id=21108, stack(0x0000000024aa0000,0x0000000024ba0000)]
  0x000000002051d000 JavaThread "Build operations" [_thread_blocked, id=15612, stack(0x00000000249a0000,0x0000000024aa0000)]
  0x000000001ad53800 JavaThread "Cache worker for file content cache (C:\Users\abdelmonem.abomoslim\.gradle\caches\6.5\fileContent)" [_thread_blocked, id=10272, stack(0x00000000231a0000,0x00000000232a0000)]
  0x000000001ad54800 JavaThread "jar transforms" [_thread_blocked, id=14760, stack(0x00000000230a0000,0x00000000231a0000)]
  0x000000001ad53000 JavaThread "Cache worker for execution history cache (C:\Users\abdelmonem.abomoslim\.gradle\caches\6.5\executionHistory)" [_thread_blocked, id=16464, stack(0x00000000229a0000,0x0000000022aa0000)]
  0x000000001ad51800 JavaThread "Cache worker for cache directory md-rule (C:\Users\abdelmonem.abomoslim\.gradle\caches\6.5\md-rule)" [_thread_blocked, id=15188, stack(0x00000000228a0000,0x00000000229a0000)]
  0x000000001ad50000 JavaThread "Cache worker for cache directory md-supplier (C:\Users\abdelmonem.abomoslim\.gradle\caches\6.5\md-supplier)" [_thread_blocked, id=15124, stack(0x00000000227a0000,0x00000000228a0000)]
  0x000000001ad50800 JavaThread "Cache worker for checksums cache (D:\AndroidStudioProjects\EgyEatsRestaurant\.gradle\checksums)" [_thread_blocked, id=21864, stack(0x0000000021600000,0x0000000021700000)]
  0x000000001ad52000 JavaThread "Cache worker for file hash cache (D:\AndroidStudioProjects\EgyEatsRestaurant\.gradle\6.5\fileHashes)" [_thread_blocked, id=16952, stack(0x00000000212e0000,0x00000000213e0000)]
  0x000000001ad4f000 JavaThread "Cache worker for file hash cache (C:\Users\abdelmonem.abomoslim\.gradle\caches\6.5\fileHashes)" [_thread_blocked, id=21988, stack(0x000000001eda0000,0x000000001eea0000)]
  0x000000001ad4e000 JavaThread "File lock request listener" [_thread_in_native, id=1944, stack(0x000000001eca0000,0x000000001eda0000)]
  0x000000001ad56000 JavaThread "Cache worker for journal cache (C:\Users\abdelmonem.abomoslim\.gradle\caches\journal-1)" [_thread_blocked, id=19628, stack(0x000000001eba0000,0x000000001eca0000)]
  0x000000001cdd3000 JavaThread "Thread-9" [_thread_blocked, id=19992, stack(0x000000001e8a0000,0x000000001e9a0000)]
  0x000000001cde2800 JavaThread "Stdin handler" [_thread_blocked, id=7472, stack(0x000000001e7a0000,0x000000001e8a0000)]
  0x000000001cddf000 JavaThread "Asynchronous log dispatcher for DefaultDaemonConnection: socket connection from /127.0.0.1:60216 to /127.0.0.1:60217" [_thread_blocked, id=15216, stack(0x000000001e6a0000,0x000000001e7a0000)]
  0x000000001cddc000 JavaThread "Daemon worker" [_thread_blocked, id=2752, stack(0x000000001e5a0000,0x000000001e6a0000)]
  0x000000001cce6000 JavaThread "Cancel handler" [_thread_blocked, id=2656, stack(0x000000001e4a0000,0x000000001e5a0000)]
  0x000000001ccdd000 JavaThread "Handler for socket connection from /127.0.0.1:60216 to /127.0.0.1:60217" [_thread_in_native, id=22296, stack(0x000000001e3a0000,0x000000001e4a0000)]
  0x000000001ccda800 JavaThread "Daemon" [_thread_blocked, id=17200, stack(0x000000001e1a0000,0x000000001e2a0000)]
  0x000000001cc72800 JavaThread "Daemon periodic checks" [_thread_blocked, id=21056, stack(0x000000001dea0000,0x000000001dfa0000)]
  0x000000001cbc2000 JavaThread "Incoming local TCP Connector on port 60216" [_thread_in_native, id=19708, stack(0x000000001dc60000,0x000000001dd60000)]
  0x000000001cc33000 JavaThread "Daemon health stats" [_thread_blocked, id=20196, stack(0x000000001c440000,0x000000001c540000)]
  0x00000000190df800 JavaThread "Service Thread" daemon [_thread_blocked, id=18072, stack(0x000000001aa70000,0x000000001ab70000)]
  0x000000001791e800 JavaThread "C1 CompilerThread3" daemon [_thread_blocked, id=15936, stack(0x000000001a970000,0x000000001aa70000)]
  0x000000001791a000 JavaThread "C2 CompilerThread2" daemon [_thread_blocked, id=19820, stack(0x000000001a870000,0x000000001a970000)]
=>0x0000000019011800 JavaThread "C2 CompilerThread1" daemon [_thread_in_native, id=3176, stack(0x000000001a770000,0x000000001a870000)]
  0x000000001900c000 JavaThread "C2 CompilerThread0" daemon [_thread_blocked, id=9092, stack(0x000000001a670000,0x000000001a770000)]
  0x000000001905a800 JavaThread "Attach Listener" daemon [_thread_blocked, id=20544, stack(0x000000001a570000,0x000000001a670000)]
  0x0000000018fff800 JavaThread "Signal Dispatcher" daemon [_thread_blocked, id=20848, stack(0x000000001a470000,0x000000001a570000)]
  0x0000000017915800 JavaThread "Finalizer" daemon [_thread_blocked, id=19092, stack(0x000000001a250000,0x000000001a350000)]
  0x0000000018ff3000 JavaThread "Reference Handler" daemon [_thread_blocked, id=4040, stack(0x000000001a150000,0x000000001a250000)]
  0x000000000062e800 JavaThread "main" [_thread_blocked, id=12280, stack(0x00000000024a0000,0x00000000025a0000)]

Other Threads:
  0x0000000017904800 VMThread [stack: 0x000000001a050000,0x000000001a150000] [id=13832]
  0x00000000190e1000 WatcherThread [stack: 0x000000001ab70000,0x000000001ac70000] [id=10848]

VM state:not at safepoint (normal execution)

VM Mutex/Monitor currently owned by a thread: None

heap address: 0x0000000080000000, size: 2048 MB, Compressed Oops mode: 32-bit
Narrow klass base: 0x0000000000000000, Narrow klass shift: 3
Compressed class space size: 1073741824 Address: 0x0000000100000000

Heap:
 PSYoungGen      total 376320K, used 216637K [0x00000000d5580000, 0x00000000ee580000, 0x0000000100000000)
  eden space 362496K, 59% used [0x00000000d5580000,0x00000000e27099b8,0x00000000eb780000)
  from space 13824K, 14% used [0x00000000ed800000,0x00000000eda05b98,0x00000000ee580000)
  to   space 23552K, 0% used [0x00000000eb780000,0x00000000eb780000,0x00000000ece80000)
 ParOldGen       total 143360K, used 37171K [0x0000000080000000, 0x0000000088c00000, 0x00000000d5580000)
  object space 143360K, 25% used [0x0000000080000000,0x000000008244cda0,0x0000000088c00000)
 Metaspace       used 62739K, capacity 65230K, committed 65432K, reserved 1105920K
  class space    used 8557K, capacity 9056K, committed 9136K, reserved 1048576K

Card table byte_map: [0x0000000011a60000,0x0000000011e70000] byte_map_base: 0x0000000011660000

Marking Bits: (ParMarkBitMap*) 0x000000005250f030
 Begin Bits: [0x0000000012b20000, 0x0000000014b20000)
 End Bits:   [0x0000000014b20000, 0x0000000016b20000)

Polling page: 0x00000000003d0000

CodeCache: size=245760Kb used=18414Kb max_used=20284Kb free=227345Kb
 bounds [0x00000000026a0000, 0x0000000003a80000, 0x00000000116a0000]
 total_blobs=6204 nmethods=5386 adapters=731
 compilation: enabled

Compilation events (10 events):
Event: 13.440 Thread 0x000000001791a000 nmethod 6305 0x0000000003a51990 code [0x0000000003a51ac0, 0x0000000003a51b18]
Event: 13.440 Thread 0x000000001791a000 6297       4       org.xml.sax.helpers.XMLFilterImpl::characters (20 bytes)
Event: 13.443 Thread 0x000000001900c000 nmethod 6263 0x00000000039d5a10 code [0x00000000039d5ce0, 0x00000000039d77f0]
Event: 13.443 Thread 0x000000001900c000 6208       4       com.sun.org.apache.xerces.internal.xni.QName::setValues (33 bytes)
Event: 13.444 Thread 0x000000001791a000 nmethod 6297 0x00000000027f3d10 code [0x00000000027f3e80, 0x00000000027f43b8]
Event: 13.444 Thread 0x000000001900c000 nmethod 6208 0x0000000002b488d0 code [0x0000000002b48a00, 0x0000000002b48a98]
Event: 13.450 Thread 0x000000001791a000 6315       4       com.sun.crypto.provider.AESCrypt::implEncryptBlock (953 bytes)
Event: 13.459 Thread 0x000000001791a000 nmethod 6315 0x0000000002d33650 code [0x0000000002d33840, 0x0000000002d34878]
Event: 13.462 Thread 0x000000001791e800 6316       3       com.sun.crypto.provider.GHASH::update (37 bytes)
Event: 13.463 Thread 0x000000001791e800 nmethod 6316 0x0000000002b26bd0 code [0x0000000002b26d80, 0x0000000002b27298]

GC Heap History (10 events):
Event: 3.738 GC heap before
{Heap before GC invocations=9 (full 2):
 PSYoungGen      total 231424K, used 216064K [0x00000000d5580000, 0x00000000e4c00000, 0x0000000100000000)
  eden space 216064K, 100% used [0x00000000d5580000,0x00000000e2880000,0x00000000e2880000)
  from space 15360K, 0% used [0x00000000e3700000,0x00000000e3700000,0x00000000e4600000)
  to   space 14848K, 0% used [0x00000000e2880000,0x00000000e2880000,0x00000000e3700000)
 ParOldGen       total 143360K, used 14726K [0x0000000080000000, 0x0000000088c00000, 0x00000000d5580000)
  object space 143360K, 10% used [0x0000000080000000,0x0000000080e61af8,0x0000000088c00000)
 Metaspace       used 45280K, capacity 47124K, committed 47272K, reserved 1089536K
  class space    used 6129K, capacity 6497K, committed 6576K, reserved 1048576K
Event: 3.748 GC heap after
Heap after GC invocations=9 (full 2):
 PSYoungGen      total 230912K, used 14816K [0x00000000d5580000, 0x00000000eb400000, 0x0000000100000000)
  eden space 216064K, 0% used [0x00000000d5580000,0x00000000d5580000,0x00000000e2880000)
  from space 14848K, 99% used [0x00000000e2880000,0x00000000e36f8040,0x00000000e3700000)
  to   space 17408K, 0% used [0x00000000ea300000,0x00000000ea300000,0x00000000eb400000)
 ParOldGen       total 143360K, used 15802K [0x0000000080000000, 0x0000000088c00000, 0x00000000d5580000)
  object space 143360K, 11% used [0x0000000080000000,0x0000000080f6e890,0x0000000088c00000)
 Metaspace       used 45280K, capacity 47124K, committed 47272K, reserved 1089536K
  class space    used 6129K, capacity 6497K, committed 6576K, reserved 1048576K
}
Event: 4.651 GC heap before
{Heap before GC invocations=10 (full 2):
 PSYoungGen      total 230912K, used 161336K [0x00000000d5580000, 0x00000000eb400000, 0x0000000100000000)
  eden space 216064K, 67% used [0x00000000d5580000,0x00000000de496158,0x00000000e2880000)
  from space 14848K, 99% used [0x00000000e2880000,0x00000000e36f8040,0x00000000e3700000)
  to   space 17408K, 0% used [0x00000000ea300000,0x00000000ea300000,0x00000000eb400000)
 ParOldGen       total 143360K, used 15802K [0x0000000080000000, 0x0000000088c00000, 0x00000000d5580000)
  object space 143360K, 11% used [0x0000000080000000,0x0000000080f6e890,0x0000000088c00000)
 Metaspace       used 56498K, capacity 58954K, committed 59160K, reserved 1099776K
  class space    used 7736K, capacity 8218K, committed 8240K, reserved 1048576K
Event: 4.665 GC heap after
Heap after GC invocations=10 (full 2):
 PSYoungGen      total 335872K, used 17380K [0x00000000d5580000, 0x00000000ebb80000, 0x0000000100000000)
  eden space 318464K, 0% used [0x00000000d5580000,0x00000000d5580000,0x00000000e8c80000)
  from space 17408K, 99% used [0x00000000ea300000,0x00000000eb3f9310,0x00000000eb400000)
  to   space 23040K, 0% used [0x00000000e8c80000,0x00000000e8c80000,0x00000000ea300000)
 ParOldGen       total 143360K, used 23797K [0x0000000080000000, 0x0000000088c00000, 0x00000000d5580000)
  object space 143360K, 16% used [0x0000000080000000,0x000000008173d590,0x0000000088c00000)
 Metaspace       used 56498K, capacity 58954K, committed 59160K, reserved 1099776K
  class space    used 7736K, capacity 8218K, committed 8240K, reserved 1048576K
}
Event: 4.665 GC heap before
{Heap before GC invocations=11 (full 3):
 PSYoungGen      total 335872K, used 17380K [0x00000000d5580000, 0x00000000ebb80000, 0x0000000100000000)
  eden space 318464K, 0% used [0x00000000d5580000,0x00000000d5580000,0x00000000e8c80000)
  from space 17408K, 99% used [0x00000000ea300000,0x00000000eb3f9310,0x00000000eb400000)
  to   space 23040K, 0% used [0x00000000e8c80000,0x00000000e8c80000,0x00000000ea300000)
 ParOldGen       total 143360K, used 23797K [0x0000000080000000, 0x0000000088c00000, 0x00000000d5580000)
  object space 143360K, 16% used [0x0000000080000000,0x000000008173d590,0x0000000088c00000)
 Metaspace       used 56498K, capacity 58954K, committed 59160K, reserved 1099776K
  class space    used 7736K, capacity 8218K, committed 8240K, reserved 1048576K
Event: 4.811 GC heap after
Heap after GC invocations=11 (full 3):
 PSYoungGen      total 335872K, used 0K [0x00000000d5580000, 0x00000000ebb80000, 0x0000000100000000)
  eden space 318464K, 0% used [0x00000000d5580000,0x00000000d5580000,0x00000000e8c80000)
  from space 17408K, 0% used [0x00000000ea300000,0x00000000ea300000,0x00000000eb400000)
  to   space 23040K, 0% used [0x00000000e8c80000,0x00000000e8c80000,0x00000000ea300000)
 ParOldGen       total 143360K, used 37155K [0x0000000080000000, 0x0000000088c00000, 0x00000000d5580000)
  object space 143360K, 25% used [0x0000000080000000,0x0000000082448da0,0x0000000088c00000)
 Metaspace       used 56437K, capacity 58744K, committed 59160K, reserved 1099776K
  class space    used 7717K, capacity 8183K, committed 8240K, reserved 1048576K
}
Event: 8.058 GC heap before
{Heap before GC invocations=12 (full 3):
 PSYoungGen      total 335872K, used 318464K [0x00000000d5580000, 0x00000000ebb80000, 0x0000000100000000)
  eden space 318464K, 100% used [0x00000000d5580000,0x00000000e8c80000,0x00000000e8c80000)
  from space 17408K, 0% used [0x00000000ea300000,0x00000000ea300000,0x00000000eb400000)
  to   space 23040K, 0% used [0x00000000e8c80000,0x00000000e8c80000,0x00000000ea300000)
 ParOldGen       total 143360K, used 37155K [0x0000000080000000, 0x0000000088c00000, 0x00000000d5580000)
  object space 143360K, 25% used [0x0000000080000000,0x0000000082448da0,0x0000000088c00000)
 Metaspace       used 59690K, capacity 62076K, committed 62232K, reserved 1103872K
  class space    used 8219K, capacity 8693K, committed 8752K, reserved 1048576K
Event: 8.062 GC heap after
Heap after GC invocations=12 (full 3):
 PSYoungGen      total 341504K, used 4433K [0x00000000d5580000, 0x00000000eef00000, 0x0000000100000000)
  eden space 318464K, 0% used [0x00000000d5580000,0x00000000d5580000,0x00000000e8c80000)
  from space 23040K, 19% used [0x00000000e8c80000,0x00000000e90d45b8,0x00000000ea300000)
  to   space 23552K, 0% used [0x00000000ed800000,0x00000000ed800000,0x00000000eef00000)
 ParOldGen       total 143360K, used 37163K [0x0000000080000000, 0x0000000088c00000, 0x00000000d5580000)
  object space 143360K, 25% used [0x0000000080000000,0x000000008244ada0,0x0000000088c00000)
 Metaspace       used 59690K, capacity 62076K, committed 62232K, reserved 1103872K
  class space    used 8219K, capacity 8693K, committed 8752K, reserved 1048576K
}
Event: 11.315 GC heap before
{Heap before GC invocations=13 (full 3):
 PSYoungGen      total 341504K, used 322897K [0x00000000d5580000, 0x00000000eef00000, 0x0000000100000000)
  eden space 318464K, 100% used [0x00000000d5580000,0x00000000e8c80000,0x00000000e8c80000)
  from space 23040K, 19% used [0x00000000e8c80000,0x00000000e90d45b8,0x00000000ea300000)
  to   space 23552K, 0% used [0x00000000ed800000,0x00000000ed800000,0x00000000eef00000)
 ParOldGen       total 143360K, used 37163K [0x0000000080000000, 0x0000000088c00000, 0x00000000d5580000)
  object space 143360K, 25% used [0x0000000080000000,0x000000008244ada0,0x0000000088c00000)
 Metaspace       used 59866K, capacity 62218K, committed 62488K, reserved 1103872K
  class space    used 8251K, capacity 8736K, committed 8752K, reserved 1048576K
Event: 11.317 GC heap after
Heap after GC invocations=13 (full 3):
 PSYoungGen      total 376320K, used 2070K [0x00000000d5580000, 0x00000000ee580000, 0x0000000100000000)
  eden space 362496K, 0% used [0x00000000d5580000,0x00000000d5580000,0x00000000eb780000)
  from space 13824K, 14% used [0x00000000ed800000,0x00000000eda05b98,0x00000000ee580000)
  to   space 23552K, 0% used [0x00000000eb780000,0x00000000eb780000,0x00000000ece80000)
 ParOldGen       total 143360K, used 37171K [0x0000000080000000, 0x0000000088c00000, 0x00000000d5580000)
  object space 143360K, 25% used [0x0000000080000000,0x000000008244cda0,0x0000000088c00000)
 Metaspace       used 59866K, capacity 62218K, committed 62488K, reserved 1103872K
  class space    used 8251K, capacity 8736K, committed 8752K, reserved 1048576K
}

Deoptimization events (10 events):
Event: 13.141 Thread 0x00000000225d3800 Uncommon trap: reason=predicate action=maybe_recompile pc=0x0000000002a892f8 method=java.util.AbstractCollection.toArray([Ljava/lang/Object;)[Ljava/lang/Object; @ 49
Event: 13.156 Thread 0x000000001cddc000 Uncommon trap: reason=array_check action=maybe_recompile pc=0x00000000028cd730 method=java.util.AbstractCollection.toArray([Ljava/lang/Object;)[Ljava/lang/Object; @ 119
Event: 13.156 Thread 0x000000001cddc000 Uncommon trap: reason=array_check action=maybe_recompile pc=0x00000000028cd730 method=java.util.AbstractCollection.toArray([Ljava/lang/Object;)[Ljava/lang/Object; @ 119
Event: 13.156 Thread 0x000000001cddc000 Uncommon trap: reason=array_check action=maybe_recompile pc=0x00000000028cd730 method=java.util.AbstractCollection.toArray([Ljava/lang/Object;)[Ljava/lang/Object; @ 119
Event: 13.156 Thread 0x000000001cddc000 Uncommon trap: reason=array_check action=maybe_recompile pc=0x00000000028cd730 method=java.util.AbstractCollection.toArray([Ljava/lang/Object;)[Ljava/lang/Object; @ 119
Event: 13.303 Thread 0x000000001cddc000 Uncommon trap: reason=unstable_if action=reinterpret pc=0x0000000002a7a468 method=java.util.regex.Matcher.find()Z @ 34
Event: 13.321 Thread 0x000000001cddc000 Uncommon trap: reason=unstable_if action=reinterpret pc=0x0000000003a24500 method=java.util.regex.Matcher.find()Z @ 34
Event: 13.334 Thread 0x000000001cddc000 Uncommon trap: reason=unstable_if action=reinterpret pc=0x000000000292887c method=java.util.regex.Matcher.find()Z @ 34
Event: 13.337 Thread 0x000000001cddc000 Uncommon trap: reason=unstable_if action=reinterpret pc=0x00000000039e2a2c method=com.sun.org.apache.xerces.internal.impl.XMLEntityScanner.scanContent(Lcom/sun/org/apache/xerces/internal/xni/XMLString;)I @ 418
Event: 13.359 Thread 0x000000001cddc000 Uncommon trap: reason=unstable_if action=reinterpret pc=0x0000000003a5ef84 method=java.net.URL.<init>(Ljava/net/URL;Ljava/lang/String;Ljava/net/URLStreamHandler;)V @ 347

Classes redefined (0 events):
No events

Internal exceptions (10 events):
Event: 13.057 Thread 0x00000000225d0000 Implicit null exception at 0x00000000039614bb to 0x0000000003961800
Event: 13.057 Thread 0x00000000225d4800 Implicit null exception at 0x00000000039614bb to 0x0000000003961800
Event: 13.057 Thread 0x00000000225d0800 Implicit null exception at 0x00000000039614bb to 0x0000000003961800
Event: 13.057 Thread 0x00000000225cf000 Implicit null exception at 0x00000000039614bb to 0x0000000003961800
Event: 13.058 Thread 0x00000000225c9000 Implicit null exception at 0x00000000039614bb to 0x0000000003961800
Event: 13.058 Thread 0x00000000225d3800 Implicit null exception at 0x00000000039614bb to 0x0000000003961800
Event: 13.058 Thread 0x00000000225d3000 Implicit null exception at 0x00000000039614bb to 0x0000000003961800
Event: 13.067 Thread 0x00000000225d1800 Implicit null exception at 0x00000000039614bb to 0x0000000003961800
Event: 13.155 Thread 0x000000001cddc000 Exception <a 'java/lang/ClassNotFoundException': com/sun/org/glassfish/hk2/osgiresourcelocator/ServiceLoader> (0x00000000ddfbdc08) thrown at [C:\src\AOSP-openjdk-git\hotspot\src\share\vm\classfile\systemDictionary.cpp, line 210]
Event: 13.287 Thread 0x000000001cddc000 Exception <a 'java/lang/ClassNotFoundException': com/sun/org/glassfish/hk2/osgiresourcelocator/ServiceLoader> (0x00000000debe4380) thrown at [C:\src\AOSP-openjdk-git\hotspot\src\share\vm\classfile\systemDictionary.cpp, line 210]

Events (10 events):
Event: 13.391 Thread 0x000000001cddc000 DEOPT PACKING pc=0x00000000027f2bd2 sp=0x000000001e69a3c0
Event: 13.391 Thread 0x000000001cddc000 DEOPT UNPACKING pc=0x00000000026e75d0 sp=0x000000001e69a148 mode 0
Event: 13.393 Thread 0x000000001cddc000 DEOPT PACKING pc=0x00000000027f2bd2 sp=0x000000001e69a3c0
Event: 13.393 Thread 0x000000001cddc000 DEOPT UNPACKING pc=0x00000000026e75d0 sp=0x000000001e69a148 mode 0
Event: 13.402 Thread 0x000000001cddc000 DEOPT PACKING pc=0x00000000027f2bd2 sp=0x000000001e69a3c0
Event: 13.402 Thread 0x000000001cddc000 DEOPT UNPACKING pc=0x00000000026e75d0 sp=0x000000001e69a148 mode 0
Event: 13.403 Thread 0x000000001cddc000 DEOPT PACKING pc=0x00000000027f2bd2 sp=0x000000001e69a3c0
Event: 13.403 Thread 0x000000001cddc000 DEOPT UNPACKING pc=0x00000000026e75d0 sp=0x000000001e69a148 mode 0
Event: 13.405 Thread 0x000000001cddc000 DEOPT PACKING pc=0x00000000027f2bd2 sp=0x000000001e69a3c0
Event: 13.405 Thread 0x000000001cddc000 DEOPT UNPACKING pc=0x00000000026e75d0 sp=0x000000001e69a148 mode 0


Dynamic libraries:
0x00007ff665f80000 - 0x00007ff665fb1000 	C:\Program Files\Android\Android Studio\jre\bin\java.exe
0x00007ffe68be0000 - 0x00007ffe68dd0000 	C:\Windows\SYSTEM32\ntdll.dll
0x00007ffe66e10000 - 0x00007ffe66ec2000 	C:\Windows\System32\KERNEL32.DLL
0x00007ffe65c20000 - 0x00007ffe65ec5000 	C:\Windows\System32\KERNELBASE.dll
0x00007ffe66ed0000 - 0x00007ffe66f73000 	C:\Windows\System32\ADVAPI32.dll
0x00007ffe67010000 - 0x00007ffe670ae000 	C:\Windows\System32\msvcrt.dll
0x00007ffe67460000 - 0x00007ffe674f7000 	C:\Windows\System32\sechost.dll
0x00007ffe672e0000 - 0x00007ffe673ff000 	C:\Windows\System32\RPCRT4.dll
0x00007ffe67600000 - 0x00007ffe67794000 	C:\Windows\System32\USER32.dll
0x00007ffe660e0000 - 0x00007ffe66101000 	C:\Windows\System32\win32u.dll
0x00007ffe67fd0000 - 0x00007ffe67ff6000 	C:\Windows\System32\GDI32.dll
0x00007ffe66ac0000 - 0x00007ffe66c58000 	C:\Windows\System32\gdi32full.dll
0x00007ffe66240000 - 0x00007ffe662de000 	C:\Windows\System32\msvcp_win.dll
0x00007ffe65b20000 - 0x00007ffe65c1a000 	C:\Windows\System32\ucrtbase.dll
0x00007ffe52380000 - 0x00007ffe52604000 	C:\Windows\WinSxS\amd64_microsoft.windows.common-controls_6595b64144ccf1df_6.0.18362.1440_none_9e7dbfb9e45e8e67\COMCTL32.dll
0x00007ffe67c10000 - 0x00007ffe67f46000 	C:\Windows\System32\combase.dll
0x00007ffe66030000 - 0x00007ffe660b1000 	C:\Windows\System32\bcryptPrimitives.dll
0x00007ffe675d0000 - 0x00007ffe675fe000 	C:\Windows\System32\IMM32.DLL
0x0000000051c60000 - 0x0000000051d32000 	C:\Program Files\Android\Android Studio\jre\jre\bin\msvcr100.dll
0x0000000051d40000 - 0x000000005258b000 	C:\Program Files\Android\Android Studio\jre\jre\bin\server\jvm.dll
0x00007ffe68470000 - 0x00007ffe68478000 	C:\Windows\System32\PSAPI.DLL
0x00007ffe4a850000 - 0x00007ffe4a859000 	C:\Windows\SYSTEM32\WSOCK32.dll
0x00007ffe5cfc0000 - 0x00007ffe5cfca000 	C:\Windows\SYSTEM32\VERSION.dll
0x00007ffe63b10000 - 0x00007ffe63b34000 	C:\Windows\SYSTEM32\WINMM.dll
0x00007ffe66fa0000 - 0x00007ffe6700f000 	C:\Windows\System32\WS2_32.dll
0x00007ffe63ae0000 - 0x00007ffe63b0d000 	C:\Windows\SYSTEM32\winmmbase.dll
0x00007ffe661f0000 - 0x00007ffe6623a000 	C:\Windows\System32\cfgmgr32.dll
0x00007ffe5f780000 - 0x00007ffe5f78f000 	C:\Program Files\Android\Android Studio\jre\jre\bin\verify.dll
0x00007ffe59cb0000 - 0x00007ffe59cd9000 	C:\Program Files\Android\Android Studio\jre\jre\bin\java.dll
0x00007ffe51a70000 - 0x00007ffe51a86000 	C:\Program Files\Android\Android Studio\jre\jre\bin\zip.dll
0x00007ffe68480000 - 0x00007ffe68b68000 	C:\Windows\System32\SHELL32.dll
0x00007ffe68360000 - 0x00007ffe68407000 	C:\Windows\System32\shcore.dll
0x00007ffe66340000 - 0x00007ffe66abb000 	C:\Windows\System32\windows.storage.dll
0x00007ffe65a90000 - 0x00007ffe65aae000 	C:\Windows\System32\profapi.dll
0x00007ffe65ad0000 - 0x00007ffe65b1a000 	C:\Windows\System32\powrprof.dll
0x00007ffe65a60000 - 0x00007ffe65a70000 	C:\Windows\System32\UMPDC.dll
0x00007ffe66c60000 - 0x00007ffe66cb2000 	C:\Windows\System32\shlwapi.dll
0x00007ffe65ab0000 - 0x00007ffe65ac1000 	C:\Windows\System32\kernel.appcore.dll
0x00007ffe660c0000 - 0x00007ffe660d7000 	C:\Windows\System32\cryptsp.dll
0x00007ffe51760000 - 0x00007ffe5177a000 	C:\Program Files\Android\Android Studio\jre\jre\bin\net.dll
0x00007ffe652a0000 - 0x00007ffe65307000 	C:\Windows\system32\mswsock.dll
0x00007ffe51740000 - 0x00007ffe51753000 	C:\Program Files\Android\Android Studio\jre\jre\bin\nio.dll
0x00007ffe40d50000 - 0x00007ffe40d77000 	C:\Users\abdelmonem.abomoslim\.gradle\native\f6784746aeab05261644944871eae4fe03e0ef1612fff0a4a95f87b438bc6780\windows-amd64\native-platform.dll
0x00007ffe5e910000 - 0x00007ffe5e91d000 	C:\Program Files\Android\Android Studio\jre\jre\bin\management.dll
0x00007ffe64e20000 - 0x00007ffe64e53000 	C:\Windows\system32\rsaenh.dll
0x00007ffe661c0000 - 0x00007ffe661e6000 	C:\Windows\System32\bcrypt.dll
0x00007ffe65940000 - 0x00007ffe65965000 	C:\Windows\SYSTEM32\USERENV.dll
0x00007ffe65470000 - 0x00007ffe6547c000 	C:\Windows\SYSTEM32\CRYPTBASE.dll
0x00007ffe64fb0000 - 0x00007ffe64fea000 	C:\Windows\SYSTEM32\IPHLPAPI.DLL
0x00007ffe66e00000 - 0x00007ffe66e08000 	C:\Windows\System32\NSI.dll
0x00007ffe62180000 - 0x00007ffe62196000 	C:\Windows\SYSTEM32\dhcpcsvc6.DLL
0x00007ffe62160000 - 0x00007ffe6217c000 	C:\Windows\SYSTEM32\dhcpcsvc.DLL
0x00007ffe64ff0000 - 0x00007ffe650bb000 	C:\Windows\SYSTEM32\DNSAPI.dll
0x00007ffe627c0000 - 0x00007ffe627cb000 	C:\Windows\SYSTEM32\WINNSI.DLL
0x00007ffe4d470000 - 0x00007ffe4d494000 	C:\Program Files\Android\Android Studio\jre\jre\bin\sunec.dll
0x00007ffe5a000000 - 0x00007ffe5a00b000 	C:\Program Files\Android\Android Studio\jre\jre\bin\sunmscapi.dll
0x00007ffe65ed0000 - 0x00007ffe66021000 	C:\Windows\System32\CRYPT32.dll
0x00007ffe65a70000 - 0x00007ffe65a82000 	C:\Windows\System32\MSASN1.dll
0x00007ffe5fdf0000 - 0x00007ffe5fdfa000 	C:\Windows\System32\rasadhlp.dll
0x00007ffe623f0000 - 0x00007ffe62467000 	C:\Windows\System32\fwpuclnt.dll

VM Arguments:
jvm_args: -Xmx2048m -Dfile.encoding=windows-1256 -Duser.country=US -Duser.language=en -Duser.variant 
java_command: org.gradle.launcher.daemon.bootstrap.GradleDaemon 6.5
java_class_path (initial): C:\Users\abdelmonem.abomoslim\.gradle\wrapper\dists\gradle-6.5-all\2oz4ud9k3tuxjg84bbf55q0tn\gradle-6.5\lib\gradle-launcher-6.5.jar
Launcher Type: SUN_STANDARD

Environment Variables:
PATH=C:\Windows\system32;C:\Windows;C:\Windows\System32\Wbem;C:\Windows\System32\WindowsPowerShell\v1.0\;C:\Windows\System32\OpenSSH\;C:\Program Files\Git\cmd;C:\Program Files\nodejs\;C:\Program Files\ojdkbuild\java-1.8.0-openjdk-1.8.0.262-1\missioncontrol\;C:\Program Files\ojdkbuild\java-1.8.0-openjdk-1.8.0.262-1\bin;C:\Program Files\ojdkbuild\java-1.8.0-openjdk-1.8.0.262-1\jre\bin;C:\Program Files\MySQL\MySQL Shell 8.0\bin\;C:\Users\abdelmonem.abomoslim\AppData\Local\Microsoft\WindowsApps;C:\Users\abdelmonem.abomoslim\AppData\Roaming\npm;C:\Users\abdelmonem.abomoslim\AppData\Local\GitHubDesktop\bin
USERNAME=abdelmonem.abomoslim
OS=Windows_NT
PROCESSOR_IDENTIFIER=Intel64 Family 6 Model 158 Stepping 13, GenuineIntel



---------------  S Y S T E M  ---------------

OS: Windows 10.0 , 64 bit Build 18362 (10.0.18362.1350)

CPU:total 12 (initial active 12) (6 cores per cpu, 2 threads per core) family 6 model 158 stepping 13, cmov, cx8, fxsr, mmx, sse, sse2, sse3, ssse3, sse4.1, sse4.2, popcnt, avx, avx2, aes, clmul, erms, 3dnowpref, lzcnt, ht, tsc, tscinvbit, bmi1, bmi2, adx

Memory: 4k page, physical 16554132k(1298344k free), swap 16554132k(6472k free)

vm_info: OpenJDK 64-Bit Server VM (25.242-b01) for windows-amd64 JRE (1.8.0_242-release-1644-b01), built by "builder" with MS VC++ 10.0 (VS2010)

time: Sat Mar 20 12:17:48 2021
timezone: Egypt Standard Time
elapsed time: 13 seconds (0d 0h 0m 13s)

