#
# There is insufficient memory for the Java Runtime Environment to continue.
# Native memory allocation (malloc) failed to allocate 354256 bytes for Chunk::new
# Possible reasons:
#   The system is out of physical RAM or swap space
#   The process is running with CompressedOops enabled, and the Java Heap may be blocking the growth of the native heap
# Possible solutions:
#   Reduce memory load on the system
#   Increase physical memory or swap space
#   Check if swap backing store is full
#   Decrease Java heap size (-Xmx/-Xms)
#   Decrease number of Java threads
#   Decrease Java thread stack sizes (-Xss)
#   Set larger code cache with -XX:ReservedCodeCacheSize=
#   JVM is running with Unscaled Compressed Oops mode in which the Java heap is
#     placed in the first 4GB address space. The Java Heap base address is the
#     maximum limit for the native heap growth. Please use -XX:HeapBaseMinAddress
#     to set the Java Heap base and to place the Java Heap above 4GB virtual address.
# This output file may be truncated or incomplete.
#
#  Out of Memory Error (allocation.cpp:389), pid=15432, tid=0x00000000000057b0
#
# JRE version: OpenJDK Runtime Environment (8.0_242-b01) (build 1.8.0_242-release-1644-b01)
# Java VM: OpenJDK 64-Bit Server VM (25.242-b01 mixed mode windows-amd64 compressed oops)
# Failed to write core dump. Minidumps are not enabled by default on client versions of Windows
#

---------------  T H R E A D  ---------------

Current thread (0x00000000195a4800):  JavaThread "C2 CompilerThread1" daemon [_thread_in_native, id=22448, stack(0x000000001acf0000,0x000000001adf0000)]

Stack: [0x000000001acf0000,0x000000001adf0000]
[error occurred during error reporting (printing stack bounds), id 0xc0000005]

Native frames: (J=compiled Java code, j=interpreted, Vv=VM code, C=native code)


Current CompileTask:
C2:   1735 1520       4       java.net.URLClassLoader$1::run (5 bytes)


---------------  P R O C E S S  ---------------

Java Threads: ( => current thread )
  0x000000001c3b4000 JavaThread "Cache worker for file hash cache (C:\Users\abdelmonem.abomoslim\.gradle\caches\6.5\fileHashes)" [_thread_blocked, id=21028, stack(0x000000001f320000,0x000000001f420000)]
  0x000000001c3af000 JavaThread "File lock request listener" [_thread_in_native, id=11516, stack(0x000000001f220000,0x000000001f320000)]
  0x000000001b310800 JavaThread "Cache worker for journal cache (C:\Users\abdelmonem.abomoslim\.gradle\caches\journal-1)" [_thread_blocked, id=17360, stack(0x000000001f120000,0x000000001f220000)]
  0x000000001b9ea800 JavaThread "Thread-9" [_thread_blocked, id=20648, stack(0x000000001ee20000,0x000000001ef20000)]
  0x000000001d431000 JavaThread "Stdin handler" [_thread_blocked, id=5552, stack(0x000000001ed20000,0x000000001ee20000)]
  0x000000001b9e9800 JavaThread "Asynchronous log dispatcher for DefaultDaemonConnection: socket connection from /127.0.0.1:60419 to /127.0.0.1:60420" [_thread_blocked, id=17596, stack(0x000000001ec20000,0x000000001ed20000)]
  0x000000001d482000 JavaThread "Daemon worker" [_thread_in_Java, id=13980, stack(0x000000001eb20000,0x000000001ec20000)]
  0x000000001b9ee000 JavaThread "Cancel handler" [_thread_blocked, id=13908, stack(0x000000001ea20000,0x000000001eb20000)]
  0x000000001c9ba000 JavaThread "Handler for socket connection from /127.0.0.1:60419 to /127.0.0.1:60420" [_thread_in_native, id=16804, stack(0x000000001e920000,0x000000001ea20000)]
  0x000000001d371000 JavaThread "Daemon" [_thread_blocked, id=17976, stack(0x000000001e720000,0x000000001e820000)]
  0x000000001d370000 JavaThread "Daemon periodic checks" [_thread_blocked, id=17264, stack(0x000000001e420000,0x000000001e520000)]
  0x000000001d36e800 JavaThread "Incoming local TCP Connector on port 60419" [_thread_in_native, id=7452, stack(0x000000001e1e0000,0x000000001e2e0000)]
  0x000000001bcdf800 JavaThread "Daemon health stats" [_thread_blocked, id=20588, stack(0x000000001c9c0000,0x000000001cac0000)]
  0x000000001966f800 JavaThread "Service Thread" daemon [_thread_blocked, id=17724, stack(0x000000001aff0000,0x000000001b0f0000)]
  0x0000000017e9a800 JavaThread "C1 CompilerThread3" daemon [_thread_blocked, id=6384, stack(0x000000001aef0000,0x000000001aff0000)]
  0x0000000017e99800 JavaThread "C2 CompilerThread2" daemon [_thread_in_native, id=16444, stack(0x000000001adf0000,0x000000001aef0000)]
=>0x00000000195a4800 JavaThread "C2 CompilerThread1" daemon [_thread_in_native, id=22448, stack(0x000000001acf0000,0x000000001adf0000)]
  0x000000001959e800 JavaThread "C2 CompilerThread0" daemon [_thread_blocked, id=21772, stack(0x000000001abf0000,0x000000001acf0000)]
  0x00000000195eb800 JavaThread "Attach Listener" daemon [_thread_blocked, id=22372, stack(0x000000001aaf0000,0x000000001abf0000)]
  0x00000000195ea800 JavaThread "Signal Dispatcher" daemon [_thread_blocked, id=22184, stack(0x000000001a9f0000,0x000000001aaf0000)]
  0x0000000017e92800 JavaThread "Finalizer" daemon [_thread_blocked, id=8772, stack(0x000000001a7f0000,0x000000001a8f0000)]
  0x0000000019583000 JavaThread "Reference Handler" daemon [_thread_blocked, id=18804, stack(0x000000001a6f0000,0x000000001a7f0000)]
  0x00000000010fe800 JavaThread "main" [_thread_blocked, id=7328, stack(0x00000000029b0000,0x0000000002ab0000)]

Other Threads:
  0x0000000019562000 VMThread [stack: 0x000000001a5f0000,0x000000001a6f0000] [id=6360]
  0x0000000017e9e800 WatcherThread [stack: 0x000000001b0f0000,0x000000001b1f0000] [id=21820]

VM state:not at safepoint (normal execution)

VM Mutex/Monitor currently owned by a thread: None

heap address: 0x0000000080000000, size: 2048 MB, Compressed Oops mode: 32-bit
Narrow klass base: 0x0000000000000000, Narrow klass shift: 3
Compressed class space size: 1073741824 Address: 0x0000000100000000

Heap:
 PSYoungGen      total 75776K, used 40556K [0x00000000d5580000, 0x00000000daa00000, 0x0000000100000000)
  eden space 65024K, 49% used [0x00000000d5580000,0x00000000d74a9398,0x00000000d9500000)
  from space 10752K, 80% used [0x00000000d9f80000,0x00000000da7f1fe0,0x00000000daa00000)
  to   space 10752K, 0% used [0x00000000d9500000,0x00000000d9500000,0x00000000d9f80000)
 ParOldGen       total 173568K, used 24K [0x0000000080000000, 0x000000008a980000, 0x00000000d5580000)
  object space 173568K, 0% used [0x0000000080000000,0x0000000080006000,0x000000008a980000)
 Metaspace       used 16844K, capacity 17440K, committed 17664K, reserved 1064960K
  class space    used 2269K, capacity 2466K, committed 2560K, reserved 1048576K

Card table byte_map: [0x0000000011fe0000,0x00000000123f0000] byte_map_base: 0x0000000011be0000

Marking Bits: (ParMarkBitMap*) 0x000000005250f030
 Begin Bits: [0x00000000130a0000, 0x00000000150a0000)
 End Bits:   [0x00000000150a0000, 0x00000000170a0000)

Polling page: 0x00000000010e0000

CodeCache: size=245760Kb used=5507Kb max_used=5519Kb free=240252Kb
 bounds [0x0000000002c20000, 0x0000000003190000, 0x0000000011c20000]
 total_blobs=1972 nmethods=1573 adapters=312
 compilation: enabled

Compilation events (10 events):
Event: 1.723 Thread 0x0000000017e9a800 nmethod 1570 0x000000000317a6d0 code [0x000000000317a940, 0x000000000317bc28]
Event: 1.727 Thread 0x000000001959e800 1573       4       java.util.ArrayList$Itr::next (66 bytes)
Event: 1.727 Thread 0x0000000017e9a800 1572       3       java.lang.Enum::<init> (15 bytes)
Event: 1.728 Thread 0x0000000017e9a800 nmethod 1572 0x000000000317c790 code [0x000000000317c8e0, 0x000000000317cab0]
Event: 1.728 Thread 0x0000000017e9a800 1575       3       sun.reflect.generics.parser.SignatureParser::parsePackageNameAndSimpleClassTypeSignature (139 bytes)
Event: 1.728 Thread 0x000000001959e800 nmethod 1573 0x000000000317f850 code [0x000000000317f9a0, 0x000000000317fab8]
Event: 1.729 Thread 0x0000000017e9a800 nmethod 1575 0x000000000317cd10 code [0x000000000317d060, 0x000000000317ea28]
Event: 1.729 Thread 0x0000000017e9a800 1574       3       sun.reflect.generics.parser.SignatureParser::parseClassTypeSignature (118 bytes)
Event: 1.730 Thread 0x0000000017e9a800 nmethod 1574 0x000000000317fc10 code [0x000000000317ffc0, 0x0000000003181a88]
Event: 1.733 Thread 0x000000001959e800 1576       4       java.lang.String::<init> (100 bytes)

GC Heap History (4 events):
Event: 0.588 GC heap before
{Heap before GC invocations=1 (full 0):
 PSYoungGen      total 75776K, used 65024K [0x00000000d5580000, 0x00000000daa00000, 0x0000000100000000)
  eden space 65024K, 100% used [0x00000000d5580000,0x00000000d9500000,0x00000000d9500000)
  from space 10752K, 0% used [0x00000000d9f80000,0x00000000d9f80000,0x00000000daa00000)
  to   space 10752K, 0% used [0x00000000d9500000,0x00000000d9500000,0x00000000d9f80000)
 ParOldGen       total 173568K, used 0K [0x0000000080000000, 0x000000008a980000, 0x00000000d5580000)
  object space 173568K, 0% used [0x0000000080000000,0x0000000080000000,0x000000008a980000)
 Metaspace       used 7415K, capacity 7678K, committed 7936K, reserved 1056768K
  class space    used 905K, capacity 1005K, committed 1024K, reserved 1048576K
Event: 0.593 GC heap after
Heap after GC invocations=1 (full 0):
 PSYoungGen      total 75776K, used 5695K [0x00000000d5580000, 0x00000000daa00000, 0x0000000100000000)
  eden space 65024K, 0% used [0x00000000d5580000,0x00000000d5580000,0x00000000d9500000)
  from space 10752K, 52% used [0x00000000d9500000,0x00000000d9a8fe08,0x00000000d9f80000)
  to   space 10752K, 0% used [0x00000000d9f80000,0x00000000d9f80000,0x00000000daa00000)
 ParOldGen       total 173568K, used 16K [0x0000000080000000, 0x000000008a980000, 0x00000000d5580000)
  object space 173568K, 0% used [0x0000000080000000,0x0000000080004000,0x000000008a980000)
 Metaspace       used 7415K, capacity 7678K, committed 7936K, reserved 1056768K
  class space    used 905K, capacity 1005K, committed 1024K, reserved 1048576K
}
Event: 1.587 GC heap before
{Heap before GC invocations=2 (full 0):
 PSYoungGen      total 75776K, used 70719K [0x00000000d5580000, 0x00000000daa00000, 0x0000000100000000)
  eden space 65024K, 100% used [0x00000000d5580000,0x00000000d9500000,0x00000000d9500000)
  from space 10752K, 52% used [0x00000000d9500000,0x00000000d9a8fe08,0x00000000d9f80000)
  to   space 10752K, 0% used [0x00000000d9f80000,0x00000000d9f80000,0x00000000daa00000)
 ParOldGen       total 173568K, used 16K [0x0000000080000000, 0x000000008a980000, 0x00000000d5580000)
  object space 173568K, 0% used [0x0000000080000000,0x0000000080004000,0x000000008a980000)
 Metaspace       used 13768K, capacity 14216K, committed 14336K, reserved 1060864K
  class space    used 1894K, capacity 2012K, committed 2048K, reserved 1048576K
Event: 1.592 GC heap after
Heap after GC invocations=2 (full 0):
 PSYoungGen      total 75776K, used 8647K [0x00000000d5580000, 0x00000000daa00000, 0x0000000100000000)
  eden space 65024K, 0% used [0x00000000d5580000,0x00000000d5580000,0x00000000d9500000)
  from space 10752K, 80% used [0x00000000d9f80000,0x00000000da7f1fe0,0x00000000daa00000)
  to   space 10752K, 0% used [0x00000000d9500000,0x00000000d9500000,0x00000000d9f80000)
 ParOldGen       total 173568K, used 24K [0x0000000080000000, 0x000000008a980000, 0x00000000d5580000)
  object space 173568K, 0% used [0x0000000080000000,0x0000000080006000,0x000000008a980000)
 Metaspace       used 13768K, capacity 14216K, committed 14336K, reserved 1060864K
  class space    used 1894K, capacity 2012K, committed 2048K, reserved 1048576K
}

Deoptimization events (10 events):
Event: 1.492 Thread 0x000000001d482000 Uncommon trap: reason=bimorphic action=maybe_recompile pc=0x0000000002f116bc method=java.util.HashMap.putVal(ILjava/lang/Object;Ljava/lang/Object;ZZ)Ljava/lang/Object; @ 253
Event: 1.492 Thread 0x000000001d482000 Uncommon trap: reason=bimorphic action=maybe_recompile pc=0x0000000002f116bc method=java.util.HashMap.putVal(ILjava/lang/Object;Ljava/lang/Object;ZZ)Ljava/lang/Object; @ 253
Event: 1.492 Thread 0x000000001d482000 Uncommon trap: reason=bimorphic action=maybe_recompile pc=0x0000000002f116bc method=java.util.HashMap.putVal(ILjava/lang/Object;Ljava/lang/Object;ZZ)Ljava/lang/Object; @ 253
Event: 1.492 Thread 0x000000001d482000 Uncommon trap: reason=bimorphic action=maybe_recompile pc=0x0000000002f116bc method=java.util.HashMap.putVal(ILjava/lang/Object;Ljava/lang/Object;ZZ)Ljava/lang/Object; @ 253
Event: 1.603 Thread 0x000000001d482000 Uncommon trap: reason=class_check action=maybe_recompile pc=0x0000000002f3ca98 method=java.util.regex.Matcher.match(II)Z @ 86
Event: 1.612 Thread 0x000000001d482000 Uncommon trap: reason=class_check action=maybe_recompile pc=0x0000000002f3ca98 method=java.util.regex.Matcher.match(II)Z @ 86
Event: 1.612 Thread 0x000000001d482000 Uncommon trap: reason=class_check action=maybe_recompile pc=0x0000000002f3ca98 method=java.util.regex.Matcher.match(II)Z @ 86
Event: 1.613 Thread 0x000000001d482000 Uncommon trap: reason=class_check action=maybe_recompile pc=0x0000000002dd4a0c method=java.util.regex.Matcher.match(II)Z @ 86
Event: 1.659 Thread 0x000000001d482000 Uncommon trap: reason=unstable_if action=reinterpret pc=0x0000000002f291dc method=java.io.File.getName()Ljava/lang/String; @ 16
Event: 1.659 Thread 0x000000001d482000 Uncommon trap: reason=unstable_if action=reinterpret pc=0x0000000002f2c554 method=java.lang.String.substring(I)Ljava/lang/String; @ 35

Classes redefined (0 events):
No events

Internal exceptions (10 events):
Event: 1.468 Thread 0x000000001c9ba000 Exception <a 'java/lang/NoSuchMethodError': <clinit>> (0x00000000d7c4a768) thrown at [C:\src\AOSP-openjdk-git\hotspot\src\share\vm\prims\jni.cpp, line 1615]
Event: 1.468 Thread 0x000000001c9ba000 Exception <a 'java/lang/NoSuchMethodError': <clinit>> (0x00000000d7c53e70) thrown at [C:\src\AOSP-openjdk-git\hotspot\src\share\vm\prims\jni.cpp, line 1615]
Event: 1.469 Thread 0x000000001c9ba000 Exception <a 'java/lang/NoSuchMethodError': <clinit>> (0x00000000d7c685a0) thrown at [C:\src\AOSP-openjdk-git\hotspot\src\share\vm\prims\jni.cpp, line 1615]
Event: 1.474 Thread 0x000000001c9ba000 Exception <a 'java/lang/NoSuchMethodError': <clinit>> (0x00000000d7cd5db8) thrown at [C:\src\AOSP-openjdk-git\hotspot\src\share\vm\prims\jni.cpp, line 1615]
Event: 1.477 Thread 0x000000001c9ba000 Exception <a 'java/lang/NoSuchMethodError': <clinit>> (0x00000000d7d10748) thrown at [C:\src\AOSP-openjdk-git\hotspot\src\share\vm\prims\jni.cpp, line 1615]
Event: 1.479 Thread 0x000000001c9ba000 Exception <a 'java/lang/NoSuchMethodError': <clinit>> (0x00000000d7d461d0) thrown at [C:\src\AOSP-openjdk-git\hotspot\src\share\vm\prims\jni.cpp, line 1615]
Event: 1.480 Thread 0x000000001c9ba000 Exception <a 'java/lang/NoSuchMethodError': <clinit>> (0x00000000d7d527a0) thrown at [C:\src\AOSP-openjdk-git\hotspot\src\share\vm\prims\jni.cpp, line 1615]
Event: 1.676 Thread 0x000000001d482000 Exception <a 'java/lang/NoSuchMethodError': java.lang.Object.lambda$and$0(Ljava/util/function/Predicate;Ljava/lang/Object;)Z> (0x00000000d63078f8) thrown at [C:\src\AOSP-openjdk-git\hotspot\src\share\vm\interpreter\linkResolver.cpp, line 620]
Event: 1.678 Thread 0x000000001d482000 Exception <a 'java/lang/IncompatibleClassChangeError': Found class java.lang.Object, but interface was expected> (0x00000000d6317bf0) thrown at [C:\src\AOSP-openjdk-git\hotspot\src\share\vm\interpreter\linkResolver.cpp, line 653]
Event: 1.679 Thread 0x000000001d482000 Exception <a 'java/lang/NoSuchMethodError': java.lang.Object.lambda$or$2(Ljava/util/function/Predicate;Ljava/lang/Object;)Z> (0x00000000d631c740) thrown at [C:\src\AOSP-openjdk-git\hotspot\src\share\vm\interpreter\linkResolver.cpp, line 620]

Events (10 events):
Event: 1.733 loading class org/apache/http/HttpRequest
Event: 1.733 loading class org/apache/http/HttpRequest done
Event: 1.733 loading class org/apache/http/HttpRequest
Event: 1.733 loading class org/apache/http/HttpRequest done
Event: 1.733 loading class org/apache/http/HttpMessage
Event: 1.733 loading class org/apache/http/HttpMessage done
Event: 1.734 loading class org/apache/http/HttpRequest
Event: 1.734 loading class org/apache/http/HttpRequest done
Event: 1.734 loading class org/gradle/caching/http/internal/HttpBuildCacheRequestCustomizer
Event: 1.734 loading class org/gradle/caching/http/internal/HttpBuildCacheRequestCustomizer done


Dynamic libraries:
0x00007ff665f80000 - 0x00007ff665fb1000 	C:\Program Files\Android\Android Studio\jre\bin\java.exe
0x00007ffe68be0000 - 0x00007ffe68dd0000 	C:\Windows\SYSTEM32\ntdll.dll
0x00007ffe66e10000 - 0x00007ffe66ec2000 	C:\Windows\System32\KERNEL32.DLL
0x00007ffe65c20000 - 0x00007ffe65ec5000 	C:\Windows\System32\KERNELBASE.dll
0x00007ffe66ed0000 - 0x00007ffe66f73000 	C:\Windows\System32\ADVAPI32.dll
0x00007ffe67010000 - 0x00007ffe670ae000 	C:\Windows\System32\msvcrt.dll
0x00007ffe67460000 - 0x00007ffe674f7000 	C:\Windows\System32\sechost.dll
0x00007ffe672e0000 - 0x00007ffe673ff000 	C:\Windows\System32\RPCRT4.dll
0x00007ffe67600000 - 0x00007ffe67794000 	C:\Windows\System32\USER32.dll
0x00007ffe660e0000 - 0x00007ffe66101000 	C:\Windows\System32\win32u.dll
0x00007ffe67fd0000 - 0x00007ffe67ff6000 	C:\Windows\System32\GDI32.dll
0x00007ffe66ac0000 - 0x00007ffe66c58000 	C:\Windows\System32\gdi32full.dll
0x00007ffe66240000 - 0x00007ffe662de000 	C:\Windows\System32\msvcp_win.dll
0x00007ffe65b20000 - 0x00007ffe65c1a000 	C:\Windows\System32\ucrtbase.dll
0x00007ffe52380000 - 0x00007ffe52604000 	C:\Windows\WinSxS\amd64_microsoft.windows.common-controls_6595b64144ccf1df_6.0.18362.1440_none_9e7dbfb9e45e8e67\COMCTL32.dll
0x00007ffe67c10000 - 0x00007ffe67f46000 	C:\Windows\System32\combase.dll
0x00007ffe66030000 - 0x00007ffe660b1000 	C:\Windows\System32\bcryptPrimitives.dll
0x00007ffe675d0000 - 0x00007ffe675fe000 	C:\Windows\System32\IMM32.DLL
0x0000000051c60000 - 0x0000000051d32000 	C:\Program Files\Android\Android Studio\jre\jre\bin\msvcr100.dll
0x0000000051d40000 - 0x000000005258b000 	C:\Program Files\Android\Android Studio\jre\jre\bin\server\jvm.dll
0x00007ffe68470000 - 0x00007ffe68478000 	C:\Windows\System32\PSAPI.DLL
0x00007ffe4a850000 - 0x00007ffe4a859000 	C:\Windows\SYSTEM32\WSOCK32.dll
0x00007ffe5cfc0000 - 0x00007ffe5cfca000 	C:\Windows\SYSTEM32\VERSION.dll
0x00007ffe63b10000 - 0x00007ffe63b34000 	C:\Windows\SYSTEM32\WINMM.dll
0x00007ffe66fa0000 - 0x00007ffe6700f000 	C:\Windows\System32\WS2_32.dll
0x00007ffe63ae0000 - 0x00007ffe63b0d000 	C:\Windows\SYSTEM32\winmmbase.dll
0x00007ffe661f0000 - 0x00007ffe6623a000 	C:\Windows\System32\cfgmgr32.dll
0x00007ffe5f780000 - 0x00007ffe5f78f000 	C:\Program Files\Android\Android Studio\jre\jre\bin\verify.dll
0x00007ffe59cb0000 - 0x00007ffe59cd9000 	C:\Program Files\Android\Android Studio\jre\jre\bin\java.dll
0x00007ffe51a70000 - 0x00007ffe51a86000 	C:\Program Files\Android\Android Studio\jre\jre\bin\zip.dll
0x00007ffe68480000 - 0x00007ffe68b68000 	C:\Windows\System32\SHELL32.dll
0x00007ffe68360000 - 0x00007ffe68407000 	C:\Windows\System32\shcore.dll
0x00007ffe66340000 - 0x00007ffe66abb000 	C:\Windows\System32\windows.storage.dll
0x00007ffe65a90000 - 0x00007ffe65aae000 	C:\Windows\System32\profapi.dll
0x00007ffe65ad0000 - 0x00007ffe65b1a000 	C:\Windows\System32\powrprof.dll
0x00007ffe65a60000 - 0x00007ffe65a70000 	C:\Windows\System32\UMPDC.dll
0x00007ffe66c60000 - 0x00007ffe66cb2000 	C:\Windows\System32\shlwapi.dll
0x00007ffe65ab0000 - 0x00007ffe65ac1000 	C:\Windows\System32\kernel.appcore.dll
0x00007ffe660c0000 - 0x00007ffe660d7000 	C:\Windows\System32\cryptsp.dll
0x00007ffe51760000 - 0x00007ffe5177a000 	C:\Program Files\Android\Android Studio\jre\jre\bin\net.dll
0x00007ffe652a0000 - 0x00007ffe65307000 	C:\Windows\system32\mswsock.dll
0x00007ffe51740000 - 0x00007ffe51753000 	C:\Program Files\Android\Android Studio\jre\jre\bin\nio.dll
0x00007ffe40d50000 - 0x00007ffe40d77000 	C:\Users\abdelmonem.abomoslim\.gradle\native\f6784746aeab05261644944871eae4fe03e0ef1612fff0a4a95f87b438bc6780\windows-amd64\native-platform.dll
0x00007ffe5e910000 - 0x00007ffe5e91d000 	C:\Program Files\Android\Android Studio\jre\jre\bin\management.dll
0x00007ffe64e20000 - 0x00007ffe64e53000 	C:\Windows\system32\rsaenh.dll
0x00007ffe661c0000 - 0x00007ffe661e6000 	C:\Windows\System32\bcrypt.dll
0x00007ffe65940000 - 0x00007ffe65965000 	C:\Windows\SYSTEM32\USERENV.dll
0x00007ffe65470000 - 0x00007ffe6547c000 	C:\Windows\SYSTEM32\CRYPTBASE.dll
0x00007ffe64fb0000 - 0x00007ffe64fea000 	C:\Windows\SYSTEM32\IPHLPAPI.DLL
0x00007ffe66e00000 - 0x00007ffe66e08000 	C:\Windows\System32\NSI.dll
0x00007ffe62180000 - 0x00007ffe62196000 	C:\Windows\SYSTEM32\dhcpcsvc6.DLL
0x00007ffe62160000 - 0x00007ffe6217c000 	C:\Windows\SYSTEM32\dhcpcsvc.DLL
0x00007ffe64ff0000 - 0x00007ffe650bb000 	C:\Windows\SYSTEM32\DNSAPI.dll
0x00007ffe627c0000 - 0x00007ffe627cb000 	C:\Windows\SYSTEM32\WINNSI.DLL

VM Arguments:
jvm_args: -Xmx2048m -Dfile.encoding=windows-1256 -Duser.country=US -Duser.language=en -Duser.variant 
java_command: org.gradle.launcher.daemon.bootstrap.GradleDaemon 6.5
java_class_path (initial): C:\Users\abdelmonem.abomoslim\.gradle\wrapper\dists\gradle-6.5-all\2oz4ud9k3tuxjg84bbf55q0tn\gradle-6.5\lib\gradle-launcher-6.5.jar
Launcher Type: SUN_STANDARD

Environment Variables:
PATH=C:\Windows\system32;C:\Windows;C:\Windows\System32\Wbem;C:\Windows\System32\WindowsPowerShell\v1.0\;C:\Windows\System32\OpenSSH\;C:\Program Files\Git\cmd;C:\Program Files\nodejs\;C:\Program Files\ojdkbuild\java-1.8.0-openjdk-1.8.0.262-1\missioncontrol\;C:\Program Files\ojdkbuild\java-1.8.0-openjdk-1.8.0.262-1\bin;C:\Program Files\ojdkbuild\java-1.8.0-openjdk-1.8.0.262-1\jre\bin;C:\Program Files\MySQL\MySQL Shell 8.0\bin\;C:\Users\abdelmonem.abomoslim\AppData\Local\Microsoft\WindowsApps;C:\Users\abdelmonem.abomoslim\AppData\Roaming\npm;C:\Users\abdelmonem.abomoslim\AppData\Local\GitHubDesktop\bin
USERNAME=abdelmonem.abomoslim
OS=Windows_NT
PROCESSOR_IDENTIFIER=Intel64 Family 6 Model 158 Stepping 13, GenuineIntel



---------------  S Y S T E M  ---------------

OS: Windows 10.0 , 64 bit Build 18362 (10.0.18362.1350)

CPU:total 12 (initial active 12) (6 cores per cpu, 2 threads per core) family 6 model 158 stepping 13, cmov, cx8, fxsr, mmx, sse, sse2, sse3, ssse3, sse4.1, sse4.2, popcnt, avx, avx2, aes, clmul, erms, 3dnowpref, lzcnt, ht, tsc, tscinvbit, bmi1, bmi2, adx

Memory: 4k page, physical 16554132k(1434076k free), swap 16554132k(5164k free)

vm_info: OpenJDK 64-Bit Server VM (25.242-b01) for windows-amd64 JRE (1.8.0_242-release-1644-b01), built by "builder" with MS VC++ 10.0 (VS2010)

time: Sat Mar 20 12:24:23 2021
timezone: Egypt Standard Time
elapsed time: 1 seconds (0d 0h 0m 1s)

