#
# There is insufficient memory for the Java Runtime Environment to continue.
# Native memory allocation (malloc) failed to allocate 316640 bytes for Chunk::new
# Possible reasons:
#   The system is out of physical RAM or swap space
#   The process is running with CompressedOops enabled, and the Java Heap may be blocking the growth of the native heap
# Possible solutions:
#   Reduce memory load on the system
#   Increase physical memory or swap space
#   Check if swap backing store is full
#   Decrease Java heap size (-Xmx/-Xms)
#   Decrease number of Java threads
#   Decrease Java thread stack sizes (-Xss)
#   Set larger code cache with -XX:ReservedCodeCacheSize=
#   JVM is running with Unscaled Compressed Oops mode in which the Java heap is
#     placed in the first 4GB address space. The Java Heap base address is the
#     maximum limit for the native heap growth. Please use -XX:HeapBaseMinAddress
#     to set the Java Heap base and to place the Java Heap above 4GB virtual address.
# This output file may be truncated or incomplete.
#
#  Out of Memory Error (allocation.cpp:389), pid=19800, tid=0x00000000000052dc
#
# JRE version: OpenJDK Runtime Environment (8.0_242-b01) (build 1.8.0_242-release-1644-b01)
# Java VM: OpenJDK 64-Bit Server VM (25.242-b01 mixed mode windows-amd64 compressed oops)
# Failed to write core dump. Minidumps are not enabled by default on client versions of Windows
#

---------------  T H R E A D  ---------------

Current thread (0x0000000018e90800):  JavaThread "C2 CompilerThread0" daemon [_thread_in_native, id=21212, stack(0x000000001a4e0000,0x000000001a5e0000)]

Stack: [0x000000001a4e0000,0x000000001a5e0000]
[error occurred during error reporting (printing stack bounds), id 0xc0000005]

Native frames: (J=compiled Java code, j=interpreted, Vv=VM code, C=native code)


Current CompileTask:
C2:   6012 5231       4       java.lang.Class::privateGetMethodRecursive (130 bytes)


---------------  P R O C E S S  ---------------

Java Threads: ( => current thread )
  0x0000000024c37000 JavaThread "File lock release action executor" [_thread_blocked, id=14024, stack(0x0000000027ac0000,0x0000000027bc0000)]
  0x0000000024c34800 JavaThread "jar transforms Thread 92" [_thread_blocked, id=12508, stack(0x000000002b6c0000,0x000000002b7c0000)]
  0x0000000024c34000 JavaThread "jar transforms Thread 91" [_thread_blocked, id=19520, stack(0x000000002b5c0000,0x000000002b6c0000)]
  0x0000000024c31800 JavaThread "jar transforms Thread 90" [_thread_blocked, id=21972, stack(0x000000002b4c0000,0x000000002b5c0000)]
  0x0000000024c33000 JavaThread "jar transforms Thread 89" [_thread_blocked, id=16928, stack(0x000000002b3c0000,0x000000002b4c0000)]
  0x0000000024c32800 JavaThread "jar transforms Thread 88" [_thread_blocked, id=16236, stack(0x000000002b1c0000,0x000000002b2c0000)]
  0x0000000024c35800 JavaThread "jar transforms Thread 87" [_thread_blocked, id=17268, stack(0x000000002b0c0000,0x000000002b1c0000)]
  0x00000000206ff000 JavaThread "jar transforms Thread 86" [_thread_blocked, id=14588, stack(0x000000002afc0000,0x000000002b0c0000)]
  0x0000000020701000 JavaThread "jar transforms Thread 85" [_thread_blocked, id=6360, stack(0x000000002aec0000,0x000000002afc0000)]
  0x0000000020700800 JavaThread "jar transforms Thread 84" [_thread_blocked, id=21468, stack(0x000000002adc0000,0x000000002aec0000)]
  0x0000000020702000 JavaThread "jar transforms Thread 83" [_thread_blocked, id=11660, stack(0x000000002acc0000,0x000000002adc0000)]
  0x00000000206ff800 JavaThread "jar transforms Thread 82" [_thread_blocked, id=8488, stack(0x000000002abc0000,0x000000002acc0000)]
  0x00000000206fe000 JavaThread "jar transforms Thread 81" [_thread_blocked, id=22052, stack(0x000000002aac0000,0x000000002abc0000)]
  0x00000000206fd800 JavaThread "jar transforms Thread 80" [_thread_blocked, id=8512, stack(0x000000002a9c0000,0x000000002aac0000)]
  0x00000000206f5800 JavaThread "jar transforms Thread 79" [_thread_blocked, id=17160, stack(0x000000002a8c0000,0x000000002a9c0000)]
  0x00000000206fc800 JavaThread "jar transforms Thread 78" [_thread_blocked, id=19152, stack(0x000000002a7c0000,0x000000002a8c0000)]
  0x00000000206fc000 JavaThread "jar transforms Thread 77" [_thread_blocked, id=5404, stack(0x000000002a6c0000,0x000000002a7c0000)]
  0x00000000206fa800 JavaThread "jar transforms Thread 76" [_thread_blocked, id=11248, stack(0x000000002a5c0000,0x000000002a6c0000)]
  0x00000000206fb000 JavaThread "jar transforms Thread 75" [_thread_blocked, id=20672, stack(0x000000002a4c0000,0x000000002a5c0000)]
  0x00000000206f2800 JavaThread "jar transforms Thread 74" [_thread_blocked, id=12772, stack(0x000000002a3c0000,0x000000002a4c0000)]
  0x00000000206f8000 JavaThread "jar transforms Thread 73" [_thread_blocked, id=13564, stack(0x000000002a2c0000,0x000000002a3c0000)]
  0x00000000206f9000 JavaThread "jar transforms Thread 72" [_thread_blocked, id=9676, stack(0x000000002a1c0000,0x000000002a2c0000)]
  0x00000000206f5000 JavaThread "jar transforms Thread 71" [_thread_blocked, id=1728, stack(0x000000002a0c0000,0x000000002a1c0000)]
  0x00000000206f3800 JavaThread "jar transforms Thread 70" [_thread_blocked, id=8332, stack(0x0000000029fc0000,0x000000002a0c0000)]
  0x00000000206f6800 JavaThread "jar transforms Thread 69" [_thread_blocked, id=18908, stack(0x0000000029ec0000,0x0000000029fc0000)]
  0x00000000206f4000 JavaThread "jar transforms Thread 68" [_thread_blocked, id=14752, stack(0x0000000029dc0000,0x0000000029ec0000)]
  0x00000000206f7800 JavaThread "jar transforms Thread 67" [_thread_blocked, id=16716, stack(0x0000000029cc0000,0x0000000029dc0000)]
  0x00000000206f9800 JavaThread "jar transforms Thread 66" [_thread_blocked, id=21560, stack(0x0000000029bc0000,0x0000000029cc0000)]
  0x00000000204bb000 JavaThread "jar transforms Thread 65" [_thread_blocked, id=20276, stack(0x0000000029ac0000,0x0000000029bc0000)]
  0x00000000204be800 JavaThread "jar transforms Thread 64" [_thread_blocked, id=15516, stack(0x00000000299c0000,0x0000000029ac0000)]
  0x00000000204be000 JavaThread "jar transforms Thread 63" [_thread_blocked, id=18868, stack(0x00000000298c0000,0x00000000299c0000)]
  0x00000000204bd000 JavaThread "jar transforms Thread 62" [_thread_blocked, id=2568, stack(0x00000000297c0000,0x00000000298c0000)]
  0x00000000204ba000 JavaThread "jar transforms Thread 61" [_thread_blocked, id=8304, stack(0x00000000296c0000,0x00000000297c0000)]
  0x00000000204bc800 JavaThread "jar transforms Thread 60" [_thread_blocked, id=6352, stack(0x00000000295c0000,0x00000000296c0000)]
  0x00000000204bf800 JavaThread "jar transforms Thread 59" [_thread_blocked, id=19108, stack(0x00000000294c0000,0x00000000295c0000)]
  0x00000000204bb800 JavaThread "jar transforms Thread 58" [_thread_blocked, id=14124, stack(0x00000000293c0000,0x00000000294c0000)]
  0x00000000204b2800 JavaThread "jar transforms Thread 57" [_thread_blocked, id=4464, stack(0x00000000292c0000,0x00000000293c0000)]
  0x00000000204b5000 JavaThread "jar transforms Thread 56" [_thread_blocked, id=21808, stack(0x00000000291c0000,0x00000000292c0000)]
  0x00000000204b9800 JavaThread "jar transforms Thread 55" [_thread_blocked, id=12196, stack(0x00000000290c0000,0x00000000291c0000)]
  0x00000000204b3800 JavaThread "jar transforms Thread 54" [_thread_blocked, id=16904, stack(0x0000000028fc0000,0x00000000290c0000)]
  0x00000000204b2000 JavaThread "jar transforms Thread 53" [_thread_blocked, id=19832, stack(0x0000000028ec0000,0x0000000028fc0000)]
  0x00000000204b8800 JavaThread "jar transforms Thread 52" [_thread_blocked, id=2720, stack(0x0000000028dc0000,0x0000000028ec0000)]
  0x00000000204b4000 JavaThread "jar transforms Thread 51" [_thread_blocked, id=4508, stack(0x0000000028cc0000,0x0000000028dc0000)]
  0x00000000204b1000 JavaThread "jar transforms Thread 50" [_thread_blocked, id=20108, stack(0x0000000028bc0000,0x0000000028cc0000)]
  0x00000000204b8000 JavaThread "jar transforms Thread 49" [_thread_blocked, id=20648, stack(0x0000000028ac0000,0x0000000028bc0000)]
  0x00000000204b5800 JavaThread "jar transforms Thread 48" [_thread_blocked, id=7472, stack(0x00000000289c0000,0x0000000028ac0000)]
  0x00000000204b7000 JavaThread "jar transforms Thread 47" [_thread_blocked, id=1648, stack(0x00000000288c0000,0x00000000289c0000)]
  0x00000000204b6800 JavaThread "jar transforms Thread 46" [_thread_blocked, id=21508, stack(0x00000000287c0000,0x00000000288c0000)]
  0x00000000204b0800 JavaThread "jar transforms Thread 45" [_thread_blocked, id=7852, stack(0x00000000286c0000,0x00000000287c0000)]
  0x0000000024f62800 JavaThread "jar transforms Thread 44" [_thread_blocked, id=3000, stack(0x00000000285c0000,0x00000000286c0000)]
  0x0000000024f5f800 JavaThread "jar transforms Thread 43" [_thread_blocked, id=6564, stack(0x00000000284c0000,0x00000000285c0000)]
  0x0000000024f5e800 JavaThread "jar transforms Thread 42" [_thread_blocked, id=19472, stack(0x00000000283c0000,0x00000000284c0000)]
  0x0000000024f60000 JavaThread "jar transforms Thread 41" [_thread_blocked, id=22404, stack(0x00000000282c0000,0x00000000283c0000)]
  0x0000000024f5e000 JavaThread "jar transforms Thread 40" [_thread_blocked, id=15480, stack(0x00000000281c0000,0x00000000282c0000)]
  0x0000000024f63000 JavaThread "jar transforms Thread 39" [_thread_blocked, id=11716, stack(0x00000000280c0000,0x00000000281c0000)]
  0x0000000024f61000 JavaThread "jar transforms Thread 38" [_thread_blocked, id=16860, stack(0x0000000027fc0000,0x00000000280c0000)]
  0x0000000024f61800 JavaThread "jar transforms Thread 37" [_thread_blocked, id=21364, stack(0x0000000027ec0000,0x0000000027fc0000)]
  0x0000000024f56800 JavaThread "jar transforms Thread 36" [_thread_blocked, id=14400, stack(0x0000000027dc0000,0x0000000027ec0000)]
  0x0000000024f5d000 JavaThread "jar transforms Thread 35" [_thread_blocked, id=19988, stack(0x0000000027cc0000,0x0000000027dc0000)]
  0x0000000024f57000 JavaThread "jar transforms Thread 34" [_thread_blocked, id=14500, stack(0x0000000027bc0000,0x0000000027cc0000)]
  0x0000000024f5c800 JavaThread "jar transforms Thread 33" [_thread_blocked, id=20940, stack(0x00000000277c0000,0x00000000278c0000)]
  0x0000000024f5b800 JavaThread "jar transforms Thread 32" [_thread_blocked, id=20264, stack(0x00000000276c0000,0x00000000277c0000)]
  0x0000000024f54000 JavaThread "jar transforms Thread 31" [_thread_blocked, id=21404, stack(0x00000000275c0000,0x00000000276c0000)]
  0x0000000024f58800 JavaThread "jar transforms Thread 30" [_thread_blocked, id=16568, stack(0x00000000274c0000,0x00000000275c0000)]
  0x0000000024f55800 JavaThread "jar transforms Thread 29" [_thread_blocked, id=14996, stack(0x00000000273c0000,0x00000000274c0000)]
  0x0000000024f59800 JavaThread "jar transforms Thread 28" [_thread_blocked, id=10868, stack(0x00000000272c0000,0x00000000273c0000)]
  0x0000000024f58000 JavaThread "jar transforms Thread 27" [_thread_blocked, id=18208, stack(0x00000000271c0000,0x00000000272c0000)]
  0x0000000024f5b000 JavaThread "jar transforms Thread 26" [_thread_blocked, id=21308, stack(0x00000000270c0000,0x00000000271c0000)]
  0x0000000024f55000 JavaThread "jar transforms Thread 25" [_thread_blocked, id=17324, stack(0x0000000026fc0000,0x00000000270c0000)]
  0x0000000024f5a000 JavaThread "jar transforms Thread 24" [_thread_blocked, id=11940, stack(0x0000000026ec0000,0x0000000026fc0000)]
  0x000000001f5d6000 JavaThread "jar transforms Thread 23" [_thread_blocked, id=21376, stack(0x0000000026dc0000,0x0000000026ec0000)]
  0x000000001f5d5000 JavaThread "jar transforms Thread 22" [_thread_blocked, id=21452, stack(0x0000000026cc0000,0x0000000026dc0000)]
  0x000000001f5d6800 JavaThread "jar transforms Thread 21" [_thread_blocked, id=21592, stack(0x0000000026bc0000,0x0000000026cc0000)]
  0x000000001f5d7800 JavaThread "Build operations Thread 12" [_thread_blocked, id=5528, stack(0x00000000268c0000,0x00000000269c0000)]
  0x000000001f5d3800 JavaThread "Build operations Thread 11" [_thread_blocked, id=20552, stack(0x00000000267c0000,0x00000000268c0000)]
  0x000000001f5d3000 JavaThread "Build operations Thread 10" [_thread_blocked, id=13996, stack(0x00000000266c0000,0x00000000267c0000)]
  0x000000001f5d4800 JavaThread "Build operations Thread 9" [_thread_blocked, id=16068, stack(0x00000000265c0000,0x00000000266c0000)]
  0x000000001f5d2000 JavaThread "Build operations Thread 8" [_thread_blocked, id=22392, stack(0x00000000264c0000,0x00000000265c0000)]
  0x000000001f5d8000 JavaThread "Build operations Thread 7" [_thread_blocked, id=15072, stack(0x00000000263c0000,0x00000000264c0000)]
  0x000000001f5ce800 JavaThread "Build operations Thread 6" [_thread_blocked, id=18660, stack(0x00000000262c0000,0x00000000263c0000)]
  0x000000001f5cb800 JavaThread "Build operations Thread 5" [_thread_blocked, id=6172, stack(0x00000000261c0000,0x00000000262c0000)]
  0x000000001f5ca800 JavaThread "Build operations Thread 4" [_thread_blocked, id=6980, stack(0x00000000260c0000,0x00000000261c0000)]
  0x000000001f5cd800 JavaThread "Build operations Thread 3" [_thread_blocked, id=9044, stack(0x0000000025fc0000,0x00000000260c0000)]
  0x000000001f5d0800 JavaThread "Build operations Thread 2" [_thread_blocked, id=11092, stack(0x0000000025ec0000,0x0000000025fc0000)]
  0x000000001f5d0000 JavaThread "Build operations" [_thread_blocked, id=15716, stack(0x0000000025dc0000,0x0000000025ec0000)]
  0x000000001f5d1800 JavaThread "Cache worker for Build Output Cleanup Cache (D:\AndroidStudioProjects\EgyEatsRestaurant\.gradle\buildOutputCleanup)" [_thread_blocked, id=12348, stack(0x00000000244d0000,0x00000000245d0000)]
  0x0000000020bf7800 JavaThread "Cache worker for file content cache (C:\Users\abdelmonem.abomoslim\.gradle\caches\6.5\fileContent)" [_thread_blocked, id=12292, stack(0x00000000243d0000,0x00000000244d0000)]
  0x0000000020bef800 JavaThread "Cache worker for execution history cache (C:\Users\abdelmonem.abomoslim\.gradle\caches\6.5\executionHistory)" [_thread_blocked, id=19488, stack(0x0000000023a30000,0x0000000023b30000)]
  0x0000000020bf6000 JavaThread "Cache worker for cache directory md-rule (C:\Users\abdelmonem.abomoslim\.gradle\caches\6.5\md-rule)" [_thread_blocked, id=16076, stack(0x0000000023930000,0x0000000023a30000)]
  0x0000000020bee800 JavaThread "Cache worker for cache directory md-supplier (C:\Users\abdelmonem.abomoslim\.gradle\caches\6.5\md-supplier)" [_thread_blocked, id=7476, stack(0x0000000021470000,0x0000000021570000)]
  0x0000000020bf1000 JavaThread "Cache worker for checksums cache (D:\AndroidStudioProjects\EgyEatsRestaurant\.gradle\checksums)" [_thread_blocked, id=5364, stack(0x0000000020fa0000,0x00000000210a0000)]
  0x0000000020bf5800 JavaThread "jar transforms Thread 20" [_thread_blocked, id=19632, stack(0x0000000020ea0000,0x0000000020fa0000)]
  0x0000000020bf4800 JavaThread "jar transforms Thread 19" [_thread_blocked, id=20252, stack(0x0000000023830000,0x0000000023930000)]
  0x0000000020bed000 JavaThread "jar transforms Thread 18" [_thread_blocked, id=20932, stack(0x0000000023730000,0x0000000023830000)]
  0x0000000020bf4000 JavaThread "jar transforms Thread 17" [_thread_blocked, id=15824, stack(0x0000000023630000,0x0000000023730000)]
  0x0000000020bec000 JavaThread "jar transforms Thread 16" [_thread_blocked, id=19636, stack(0x0000000023530000,0x0000000023630000)]
  0x0000000020bf3000 JavaThread "jar transforms Thread 15" [_thread_blocked, id=7260, stack(0x0000000023430000,0x0000000023530000)]
  0x0000000020bf2800 JavaThread "jar transforms Thread 14" [_thread_blocked, id=13132, stack(0x0000000023330000,0x0000000023430000)]
  0x0000000020bea800 JavaThread "jar transforms Thread 13" [_thread_blocked, id=2920, stack(0x0000000023230000,0x0000000023330000)]
  0x0000000020beb800 JavaThread "jar transforms Thread 12" [_thread_blocked, id=8012, stack(0x0000000023130000,0x0000000023230000)]
  0x0000000020bf0000 JavaThread "jar transforms Thread 11" [_thread_blocked, id=8080, stack(0x0000000023030000,0x0000000023130000)]
  0x0000000020bf1800 JavaThread "jar transforms Thread 10" [_thread_blocked, id=20528, stack(0x0000000022f30000,0x0000000023030000)]
  0x0000000020bed800 JavaThread "jar transforms Thread 9" [_thread_blocked, id=13388, stack(0x0000000022e30000,0x0000000022f30000)]
  0x0000000020bea000 JavaThread "jar transforms Thread 8" [_thread_blocked, id=15992, stack(0x0000000022d30000,0x0000000022e30000)]
  0x000000001ae98000 JavaThread "jar transforms Thread 7" [_thread_blocked, id=13056, stack(0x0000000022c30000,0x0000000022d30000)]
  0x000000001ae97000 JavaThread "jar transforms Thread 6" [_thread_blocked, id=22488, stack(0x0000000022b30000,0x0000000022c30000)]
  0x000000001ae9b000 JavaThread "jar transforms Thread 5" [_thread_blocked, id=14860, stack(0x0000000022a30000,0x0000000022b30000)]
  0x000000001ae96800 JavaThread "jar transforms Thread 4" [_thread_blocked, id=10368, stack(0x0000000022930000,0x0000000022a30000)]
  0x000000001ae95800 JavaThread "jar transforms Thread 3" [_thread_blocked, id=2772, stack(0x0000000022830000,0x0000000022930000)]
  0x000000001ae95000 JavaThread "jar transforms Thread 2" [_thread_blocked, id=15024, stack(0x0000000022730000,0x0000000022830000)]
  0x000000001ae99800 JavaThread "jar transforms" [_thread_blocked, id=12088, stack(0x0000000022630000,0x0000000022730000)]
  0x000000001ae98800 JavaThread "Cache worker for file hash cache (D:\AndroidStudioProjects\EgyEatsRestaurant\.gradle\6.5\fileHashes)" [_thread_blocked, id=1744, stack(0x0000000021160000,0x0000000021260000)]
  0x000000001ae9c000 JavaThread "Cache worker for file hash cache (C:\Users\abdelmonem.abomoslim\.gradle\caches\6.5\fileHashes)" [_thread_blocked, id=10032, stack(0x000000001ec00000,0x000000001ed00000)]
  0x000000001ae9a800 JavaThread "File lock request listener" [_thread_in_native, id=19820, stack(0x000000001eb00000,0x000000001ec00000)]
  0x000000001c9bc800 JavaThread "Cache worker for journal cache (C:\Users\abdelmonem.abomoslim\.gradle\caches\journal-1)" [_thread_blocked, id=16532, stack(0x000000001ea00000,0x000000001eb00000)]
  0x000000001c76b800 JavaThread "Thread-9" [_thread_blocked, id=3276, stack(0x000000001e700000,0x000000001e800000)]
  0x000000001c76b000 JavaThread "Stdin handler" [_thread_blocked, id=10228, stack(0x000000001e600000,0x000000001e700000)]
  0x000000001c769000 JavaThread "Asynchronous log dispatcher for DefaultDaemonConnection: socket connection from /127.0.0.1:62286 to /127.0.0.1:62287" [_thread_blocked, id=5824, stack(0x000000001e500000,0x000000001e600000)]
  0x000000001c798000 JavaThread "Daemon worker" [_thread_in_vm, id=3752, stack(0x000000001e400000,0x000000001e500000)]
  0x000000001c793800 JavaThread "Cancel handler" [_thread_blocked, id=15104, stack(0x000000001e300000,0x000000001e400000)]
  0x000000001c72e800 JavaThread "Handler for socket connection from /127.0.0.1:62286 to /127.0.0.1:62287" [_thread_in_native, id=20544, stack(0x000000001e200000,0x000000001e300000)]
  0x000000001c72b800 JavaThread "Daemon" [_thread_blocked, id=5188, stack(0x000000001e000000,0x000000001e100000)]
  0x000000001c6d0000 JavaThread "Daemon periodic checks" [_thread_blocked, id=22300, stack(0x000000001dd00000,0x000000001de00000)]
  0x000000001c6b7800 JavaThread "Incoming local TCP Connector on port 62286" [_thread_in_native, id=18624, stack(0x000000001dac0000,0x000000001dbc0000)]
  0x000000001c5e4000 JavaThread "Daemon health stats" [_thread_blocked, id=14376, stack(0x000000001d480000,0x000000001d580000)]
  0x0000000018f6c800 JavaThread "Service Thread" daemon [_thread_blocked, id=4184, stack(0x000000001a8e0000,0x000000001a9e0000)]
  0x0000000018ee5000 JavaThread "C1 CompilerThread3" daemon [_thread_blocked, id=10684, stack(0x000000001a7e0000,0x000000001a8e0000)]
  0x0000000018ee4000 JavaThread "C2 CompilerThread2" daemon [_thread_in_native, id=15788, stack(0x000000001a6e0000,0x000000001a7e0000)]
  0x0000000018e96800 JavaThread "C2 CompilerThread1" daemon [_thread_in_native, id=3396, stack(0x000000001a5e0000,0x000000001a6e0000)]
=>0x0000000018e90800 JavaThread "C2 CompilerThread0" daemon [_thread_in_native, id=21212, stack(0x000000001a4e0000,0x000000001a5e0000)]
  0x0000000018ee2000 JavaThread "Attach Listener" daemon [_thread_blocked, id=9056, stack(0x000000001a3e0000,0x000000001a4e0000)]
  0x0000000018edf800 JavaThread "Signal Dispatcher" daemon [_thread_blocked, id=22472, stack(0x000000001a2e0000,0x000000001a3e0000)]
  0x000000000253a000 JavaThread "Finalizer" daemon [_thread_blocked, id=16180, stack(0x000000001a0e0000,0x000000001a1e0000)]
  0x0000000018e83000 JavaThread "Reference Handler" daemon [_thread_blocked, id=21008, stack(0x0000000019fe0000,0x000000001a0e0000)]
  0x000000000224e800 JavaThread "main" [_thread_blocked, id=19580, stack(0x0000000002340000,0x0000000002440000)]

Other Threads:
  0x0000000018e62800 VMThread [stack: 0x0000000019ee0000,0x0000000019fe0000] [id=21988]
  0x0000000018f6e800 WatcherThread [stack: 0x000000001a9e0000,0x000000001aae0000] [id=9000]

VM state:not at safepoint (normal execution)

VM Mutex/Monitor currently owned by a thread: None

heap address: 0x0000000080000000, size: 2048 MB, Compressed Oops mode: 32-bit
Narrow klass base: 0x0000000000000000, Narrow klass shift: 3
Compressed class space size: 1073741824 Address: 0x0000000100000000

Heap:
 PSYoungGen      total 217600K, used 7787K [0x00000000d5580000, 0x00000000e3980000, 0x0000000100000000)
  eden space 203776K, 3% used [0x00000000d5580000,0x00000000d5d1add0,0x00000000e1c80000)
  from space 13824K, 0% used [0x00000000e2c00000,0x00000000e2c00000,0x00000000e3980000)
  to   space 14848K, 0% used [0x00000000e1c80000,0x00000000e1c80000,0x00000000e2b00000)
 ParOldGen       total 99328K, used 37426K [0x0000000080000000, 0x0000000086100000, 0x00000000d5580000)
  object space 99328K, 37% used [0x0000000080000000,0x000000008248cac8,0x0000000086100000)
 Metaspace       used 56804K, capacity 59100K, committed 59480K, reserved 1101824K
  class space    used 7495K, capacity 7989K, committed 8064K, reserved 1048576K

Card table byte_map: [0x0000000011900000,0x0000000011d10000] byte_map_base: 0x0000000011500000

Marking Bits: (ParMarkBitMap*) 0x000000005250f030
 Begin Bits: [0x00000000129c0000, 0x00000000149c0000)
 End Bits:   [0x00000000149c0000, 0x00000000169c0000)

Polling page: 0x00000000001d0000

CodeCache: size=245760Kb used=16469Kb max_used=16643Kb free=229290Kb
 bounds [0x0000000002540000, 0x0000000003590000, 0x0000000011540000]
 total_blobs=5580 nmethods=4788 adapters=703
 compilation: enabled

Compilation events (10 events):
Event: 6.006 Thread 0x0000000018ee5000 5346       3       java.lang.invoke.MethodHandleNatives::linkCallSiteImpl (44 bytes)
Event: 6.007 Thread 0x0000000018ee5000 nmethod 5346 0x0000000002b13810 code [0x0000000002b139e0, 0x0000000002b14158]
Event: 6.007 Thread 0x0000000018ee5000 5347   !   3       java.lang.invoke.CallSite::makeSite (457 bytes)
Event: 6.009 Thread 0x0000000018ee5000 nmethod 5347 0x00000000033e7610 code [0x00000000033e7c40, 0x00000000033ecc88]
Event: 6.009 Thread 0x0000000018ee5000 5350       3       java.lang.invoke.InnerClassLambdaMetafactory$ForwardingMethodGenerator::<init> (11 bytes)
Event: 6.010 Thread 0x0000000018ee5000 nmethod 5350 0x0000000002a87f50 code [0x0000000002a880c0, 0x0000000002a882c8]
Event: 6.010 Thread 0x0000000018ee5000 5352       1       java.lang.invoke.MethodHandle::internalForm (5 bytes)
Event: 6.010 Thread 0x0000000018ee5000 nmethod 5352 0x0000000002f3fc10 code [0x0000000002f3fd60, 0x0000000002f3fe70]
Event: 6.010 Thread 0x0000000018ee5000 5353       1       java.lang.invoke.SimpleMethodHandle::fieldCount (2 bytes)
Event: 6.010 Thread 0x0000000018ee5000 nmethod 5353 0x00000000031ee7d0 code [0x00000000031ee920, 0x00000000031eea30]

GC Heap History (10 events):
Event: 3.739 GC heap before
{Heap before GC invocations=7 (full 1):
 PSYoungGen      total 140800K, used 42713K [0x00000000d5580000, 0x00000000e3b00000, 0x0000000100000000)
  eden space 130048K, 24% used [0x00000000d5580000,0x00000000d74b9148,0x00000000dd480000)
  from space 10752K, 99% used [0x00000000dd480000,0x00000000ddefd4e0,0x00000000ddf00000)
  to   space 15360K, 0% used [0x00000000e2c00000,0x00000000e2c00000,0x00000000e3b00000)
 ParOldGen       total 99328K, used 10685K [0x0000000080000000, 0x0000000086100000, 0x00000000d5580000)
  object space 99328K, 10% used [0x0000000080000000,0x0000000080a6f700,0x0000000086100000)
 Metaspace       used 34038K, capacity 35308K, committed 35456K, reserved 1079296K
  class space    used 4582K, capacity 4879K, committed 4992K, reserved 1048576K
Event: 3.744 GC heap after
Heap after GC invocations=7 (full 1):
 PSYoungGen      total 217600K, used 8638K [0x00000000d5580000, 0x00000000e3980000, 0x0000000100000000)
  eden space 203776K, 0% used [0x00000000d5580000,0x00000000d5580000,0x00000000e1c80000)
  from space 13824K, 62% used [0x00000000e2c00000,0x00000000e346f968,0x00000000e3980000)
  to   space 14848K, 0% used [0x00000000e1c80000,0x00000000e1c80000,0x00000000e2b00000)
 ParOldGen       total 99328K, used 10693K [0x0000000080000000, 0x0000000086100000, 0x00000000d5580000)
  object space 99328K, 10% used [0x0000000080000000,0x0000000080a71700,0x0000000086100000)
 Metaspace       used 34038K, capacity 35308K, committed 35456K, reserved 1079296K
  class space    used 4582K, capacity 4879K, committed 4992K, reserved 1048576K
}
Event: 3.744 GC heap before
{Heap before GC invocations=8 (full 2):
 PSYoungGen      total 217600K, used 8638K [0x00000000d5580000, 0x00000000e3980000, 0x0000000100000000)
  eden space 203776K, 0% used [0x00000000d5580000,0x00000000d5580000,0x00000000e1c80000)
  from space 13824K, 62% used [0x00000000e2c00000,0x00000000e346f968,0x00000000e3980000)
  to   space 14848K, 0% used [0x00000000e1c80000,0x00000000e1c80000,0x00000000e2b00000)
 ParOldGen       total 99328K, used 10693K [0x0000000080000000, 0x0000000086100000, 0x00000000d5580000)
  object space 99328K, 10% used [0x0000000080000000,0x0000000080a71700,0x0000000086100000)
 Metaspace       used 34038K, capacity 35308K, committed 35456K, reserved 1079296K
  class space    used 4582K, capacity 4879K, committed 4992K, reserved 1048576K
Event: 3.779 GC heap after
Heap after GC invocations=8 (full 2):
 PSYoungGen      total 217600K, used 0K [0x00000000d5580000, 0x00000000e3980000, 0x0000000100000000)
  eden space 203776K, 0% used [0x00000000d5580000,0x00000000d5580000,0x00000000e1c80000)
  from space 13824K, 0% used [0x00000000e2c00000,0x00000000e2c00000,0x00000000e3980000)
  to   space 14848K, 0% used [0x00000000e1c80000,0x00000000e1c80000,0x00000000e2b00000)
 ParOldGen       total 99328K, used 15170K [0x0000000080000000, 0x0000000086100000, 0x00000000d5580000)
  object space 99328K, 15% used [0x0000000080000000,0x0000000080ed08a0,0x0000000086100000)
 Metaspace       used 34038K, capacity 35308K, committed 35456K, reserved 1079296K
  class space    used 4582K, capacity 4879K, committed 4992K, reserved 1048576K
}
Event: 5.031 GC heap before
{Heap before GC invocations=9 (full 2):
 PSYoungGen      total 217600K, used 203776K [0x00000000d5580000, 0x00000000e3980000, 0x0000000100000000)
  eden space 203776K, 100% used [0x00000000d5580000,0x00000000e1c80000,0x00000000e1c80000)
  from space 13824K, 0% used [0x00000000e2c00000,0x00000000e2c00000,0x00000000e3980000)
  to   space 14848K, 0% used [0x00000000e1c80000,0x00000000e1c80000,0x00000000e2b00000)
 ParOldGen       total 99328K, used 15170K [0x0000000080000000, 0x0000000086100000, 0x00000000d5580000)
  object space 99328K, 15% used [0x0000000080000000,0x0000000080ed08a0,0x0000000086100000)
 Metaspace       used 46040K, capacity 48264K, committed 48640K, reserved 1091584K
  class space    used 6186K, capacity 6596K, committed 6656K, reserved 1048576K
Event: 5.043 GC heap after
Heap after GC invocations=9 (full 2):
 PSYoungGen      total 218624K, used 14830K [0x00000000d5580000, 0x00000000e3980000, 0x0000000100000000)
  eden space 203776K, 0% used [0x00000000d5580000,0x00000000d5580000,0x00000000e1c80000)
  from space 14848K, 99% used [0x00000000e1c80000,0x00000000e2afba38,0x00000000e2b00000)
  to   space 13824K, 0% used [0x00000000e2c00000,0x00000000e2c00000,0x00000000e3980000)
 ParOldGen       total 99328K, used 18694K [0x0000000080000000, 0x0000000086100000, 0x00000000d5580000)
  object space 99328K, 18% used [0x0000000080000000,0x0000000081241988,0x0000000086100000)
 Metaspace       used 46040K, capacity 48264K, committed 48640K, reserved 1091584K
  class space    used 6186K, capacity 6596K, committed 6656K, reserved 1048576K
}
Event: 5.803 GC heap before
{Heap before GC invocations=10 (full 2):
 PSYoungGen      total 218624K, used 144785K [0x00000000d5580000, 0x00000000e3980000, 0x0000000100000000)
  eden space 203776K, 63% used [0x00000000d5580000,0x00000000dd468cc8,0x00000000e1c80000)
  from space 14848K, 99% used [0x00000000e1c80000,0x00000000e2afba38,0x00000000e2b00000)
  to   space 13824K, 0% used [0x00000000e2c00000,0x00000000e2c00000,0x00000000e3980000)
 ParOldGen       total 99328K, used 18694K [0x0000000080000000, 0x0000000086100000, 0x00000000d5580000)
  object space 99328K, 18% used [0x0000000080000000,0x0000000081241988,0x0000000086100000)
 Metaspace       used 56555K, capacity 59046K, committed 59096K, reserved 1099776K
  class space    used 7465K, capacity 7928K, committed 7936K, reserved 1048576K
Event: 5.819 GC heap after
Heap after GC invocations=10 (full 2):
 PSYoungGen      total 217600K, used 13808K [0x00000000d5580000, 0x00000000e3980000, 0x0000000100000000)
  eden space 203776K, 0% used [0x00000000d5580000,0x00000000d5580000,0x00000000e1c80000)
  from space 13824K, 99% used [0x00000000e2c00000,0x00000000e397c3c0,0x00000000e3980000)
  to   space 14848K, 0% used [0x00000000e1c80000,0x00000000e1c80000,0x00000000e2b00000)
 ParOldGen       total 99328K, used 28863K [0x0000000080000000, 0x0000000086100000, 0x00000000d5580000)
  object space 99328K, 29% used [0x0000000080000000,0x0000000081c2ff80,0x0000000086100000)
 Metaspace       used 56555K, capacity 59046K, committed 59096K, reserved 1099776K
  class space    used 7465K, capacity 7928K, committed 7936K, reserved 1048576K
}
Event: 5.819 GC heap before
{Heap before GC invocations=11 (full 3):
 PSYoungGen      total 217600K, used 13808K [0x00000000d5580000, 0x00000000e3980000, 0x0000000100000000)
  eden space 203776K, 0% used [0x00000000d5580000,0x00000000d5580000,0x00000000e1c80000)
  from space 13824K, 99% used [0x00000000e2c00000,0x00000000e397c3c0,0x00000000e3980000)
  to   space 14848K, 0% used [0x00000000e1c80000,0x00000000e1c80000,0x00000000e2b00000)
 ParOldGen       total 99328K, used 28863K [0x0000000080000000, 0x0000000086100000, 0x00000000d5580000)
  object space 99328K, 29% used [0x0000000080000000,0x0000000081c2ff80,0x0000000086100000)
 Metaspace       used 56555K, capacity 59046K, committed 59096K, reserved 1099776K
  class space    used 7465K, capacity 7928K, committed 7936K, reserved 1048576K
Event: 5.969 GC heap after
Heap after GC invocations=11 (full 3):
 PSYoungGen      total 217600K, used 0K [0x00000000d5580000, 0x00000000e3980000, 0x0000000100000000)
  eden space 203776K, 0% used [0x00000000d5580000,0x00000000d5580000,0x00000000e1c80000)
  from space 13824K, 0% used [0x00000000e2c00000,0x00000000e2c00000,0x00000000e3980000)
  to   space 14848K, 0% used [0x00000000e1c80000,0x00000000e1c80000,0x00000000e2b00000)
 ParOldGen       total 99328K, used 37426K [0x0000000080000000, 0x0000000086100000, 0x00000000d5580000)
  object space 99328K, 37% used [0x0000000080000000,0x000000008248cac8,0x0000000086100000)
 Metaspace       used 56450K, capacity 58700K, committed 59096K, reserved 1099776K
  class space    used 7433K, capacity 7877K, committed 7936K, reserved 1048576K
}

Deoptimization events (10 events):
Event: 5.327 Thread 0x000000001c798000 Uncommon trap: reason=bimorphic action=maybe_recompile pc=0x00000000032b4ac8 method=java.util.regex.Pattern$CharProperty.match(Ljava/util/regex/Matcher;ILjava/lang/CharSequence;)Z @ 18
Event: 5.327 Thread 0x000000001c798000 Uncommon trap: reason=bimorphic action=maybe_recompile pc=0x00000000032b4ac8 method=java.util.regex.Pattern$CharProperty.match(Ljava/util/regex/Matcher;ILjava/lang/CharSequence;)Z @ 18
Event: 5.336 Thread 0x000000001c798000 Uncommon trap: reason=bimorphic action=maybe_recompile pc=0x00000000032b4ac8 method=java.util.regex.Pattern$CharProperty.match(Ljava/util/regex/Matcher;ILjava/lang/CharSequence;)Z @ 18
Event: 5.438 Thread 0x000000001c798000 Uncommon trap: reason=unstable_if action=reinterpret pc=0x00000000034673b0 method=org.gradle.internal.reflect.PropertyAccessorType.of(Ljava/lang/reflect/Method;)Lorg/gradle/internal/reflect/PropertyAccessorType; @ 56
Event: 5.595 Thread 0x000000001c798000 Uncommon trap: reason=unstable_if action=reinterpret pc=0x000000000349a1f4 method=com.sun.org.apache.xerces.internal.impl.XMLEntityScanner.checkBeforeLoad(Lcom/sun/xml/internal/stream/Entity$ScannedEntity;II)I @ 18
Event: 5.630 Thread 0x000000001c798000 Uncommon trap: reason=unstable_if action=reinterpret pc=0x00000000027e1f70 method=org.gradle.internal.instantiation.generator.AbstractClassGenerator$InjectionAnnotationValidator.validateMethod(Ljava/lang/reflect/Method;Lorg/gradle/internal/reflect/Propert
Event: 5.630 Thread 0x000000001c798000 Uncommon trap: reason=unstable_if action=reinterpret pc=0x0000000002678af4 method=org.gradle.internal.instantiation.generator.AbstractClassGenerator$InjectionAnnotationValidator.validateMethod(Ljava/lang/reflect/Method;Lorg/gradle/internal/reflect/Propert
Event: 5.641 Thread 0x000000001c798000 Uncommon trap: reason=unstable_if action=reinterpret pc=0x0000000002ff6b98 method=java.lang.ClassValue.match(Ljava/lang/ClassValue$Entry;)Z @ 12
Event: 5.646 Thread 0x000000001c798000 Uncommon trap: reason=unstable_if action=reinterpret pc=0x0000000003092370 method=java.lang.ClassValue.match(Ljava/lang/ClassValue$Entry;)Z @ 12
Event: 5.657 Thread 0x000000001c798000 Uncommon trap: reason=null_check action=make_not_entrant pc=0x0000000002da16d0 method=java.lang.Class.searchMethods([Ljava/lang/reflect/Method;Ljava/lang/String;[Ljava/lang/Class;)Ljava/lang/reflect/Method; @ 59

Classes redefined (0 events):
No events

Internal exceptions (10 events):
Event: 5.700 Thread 0x000000001c798000 Exception <a 'java/lang/ClassNotFoundException': org/gradle/api/internal/file/AbstractFileCollectionCustomizer> (0x00000000dc64f090) thrown at [C:\src\AOSP-openjdk-git\hotspot\src\share\vm\classfile\systemDictionary.cpp, line 210]
Event: 5.701 Thread 0x000000001c798000 Exception <a 'java/lang/ClassNotFoundException': org/gradle/api/internal/file/CompositeFileCollectionCustomizer> (0x00000000dc69edf0) thrown at [C:\src\AOSP-openjdk-git\hotspot\src\share\vm\classfile\systemDictionary.cpp, line 210]
Event: 5.701 Thread 0x000000001c798000 Exception <a 'java/lang/ClassNotFoundException': org/gradle/api/internal/file/CompositeFileTreeCustomizer> (0x00000000dc6e5fa8) thrown at [C:\src\AOSP-openjdk-git\hotspot\src\share\vm\classfile\systemDictionary.cpp, line 210]
Event: 5.702 Thread 0x000000001c798000 Exception <a 'java/lang/ClassNotFoundException': org/gradle/api/internal/file/collections/DefaultConfigurableFileTreeCustomizer> (0x00000000dc73be08) thrown at [C:\src\AOSP-openjdk-git\hotspot\src\share\vm\classfile\systemDictionary.cpp, line 210]
Event: 5.705 Thread 0x000000001c798000 Exception <a 'java/lang/ClassNotFoundException': groovy/lang/GString$1BeanInfo> (0x00000000dc81c1f8) thrown at [C:\src\AOSP-openjdk-git\hotspot\src\share\vm\classfile\systemDictionary.cpp, line 210]
Event: 5.706 Thread 0x000000001c798000 Exception <a 'java/lang/ClassNotFoundException': groovy/lang/GStringBeanInfo> (0x00000000dc843ab8) thrown at [C:\src\AOSP-openjdk-git\hotspot\src\share\vm\classfile\systemDictionary.cpp, line 210]
Event: 5.706 Thread 0x000000001c798000 Exception <a 'java/lang/ClassNotFoundException': groovy/lang/GStringCustomizer> (0x00000000dc86bff8) thrown at [C:\src\AOSP-openjdk-git\hotspot\src\share\vm\classfile\systemDictionary.cpp, line 210]
Event: 5.707 Thread 0x000000001c798000 Exception <a 'java/lang/ClassNotFoundException': groovy/lang/GString$1Customizer> (0x00000000dc8a0818) thrown at [C:\src\AOSP-openjdk-git\hotspot\src\share\vm\classfile\systemDictionary.cpp, line 210]
Event: 5.708 Thread 0x000000001c798000 Exception <a 'java/lang/ClassNotFoundException': org/codehaus/groovy/runtime/GStringImplBeanInfo> (0x00000000dc94d990) thrown at [C:\src\AOSP-openjdk-git\hotspot\src\share\vm\classfile\systemDictionary.cpp, line 210]
Event: 5.708 Thread 0x000000001c798000 Exception <a 'java/lang/ClassNotFoundException': org/codehaus/groovy/runtime/GStringImplCustomizer> (0x00000000dc982068) thrown at [C:\src\AOSP-openjdk-git\hotspot\src\share\vm\classfile\systemDictionary.cpp, line 210]

Events (10 events):
Event: 6.011 loading class com/google/common/collect/ImmutableRangeSet$Builder
Event: 6.011 loading class com/google/common/collect/ImmutableRangeSet$Builder done
Event: 6.011 loading class com/google/common/collect/ImmutableRangeSet
Event: 6.011 loading class com/google/common/collect/ImmutableRangeSet done
Event: 6.011 loading class com/google/common/collect/ImmutableRangeSet$Builder
Event: 6.011 loading class com/google/common/collect/ImmutableRangeSet$Builder done
Event: 6.011 loading class com/android/build/gradle/internal/variant/ComponentInfo
Event: 6.011 loading class com/android/build/gradle/internal/variant/ComponentInfo done
Event: 6.011 loading class com/android/build/gradle/internal/tasks/PrepareLintJarForPublish
Event: 6.011 loading class com/android/build/gradle/internal/tasks/PrepareLintJarForPublish done


Dynamic libraries:
0x00007ff665f80000 - 0x00007ff665fb1000 	C:\Program Files\Android\Android Studio\jre\bin\java.exe
0x00007ffe68be0000 - 0x00007ffe68dd0000 	C:\Windows\SYSTEM32\ntdll.dll
0x00007ffe66e10000 - 0x00007ffe66ec2000 	C:\Windows\System32\KERNEL32.DLL
0x00007ffe65c20000 - 0x00007ffe65ec5000 	C:\Windows\System32\KERNELBASE.dll
0x00007ffe66ed0000 - 0x00007ffe66f73000 	C:\Windows\System32\ADVAPI32.dll
0x00007ffe67010000 - 0x00007ffe670ae000 	C:\Windows\System32\msvcrt.dll
0x00007ffe67460000 - 0x00007ffe674f7000 	C:\Windows\System32\sechost.dll
0x00007ffe672e0000 - 0x00007ffe673ff000 	C:\Windows\System32\RPCRT4.dll
0x00007ffe67600000 - 0x00007ffe67794000 	C:\Windows\System32\USER32.dll
0x00007ffe660e0000 - 0x00007ffe66101000 	C:\Windows\System32\win32u.dll
0x00007ffe67fd0000 - 0x00007ffe67ff6000 	C:\Windows\System32\GDI32.dll
0x00007ffe66ac0000 - 0x00007ffe66c58000 	C:\Windows\System32\gdi32full.dll
0x00007ffe66240000 - 0x00007ffe662de000 	C:\Windows\System32\msvcp_win.dll
0x00007ffe65b20000 - 0x00007ffe65c1a000 	C:\Windows\System32\ucrtbase.dll
0x00007ffe52380000 - 0x00007ffe52604000 	C:\Windows\WinSxS\amd64_microsoft.windows.common-controls_6595b64144ccf1df_6.0.18362.1440_none_9e7dbfb9e45e8e67\COMCTL32.dll
0x00007ffe67c10000 - 0x00007ffe67f46000 	C:\Windows\System32\combase.dll
0x00007ffe66030000 - 0x00007ffe660b1000 	C:\Windows\System32\bcryptPrimitives.dll
0x00007ffe675d0000 - 0x00007ffe675fe000 	C:\Windows\System32\IMM32.DLL
0x0000000051c60000 - 0x0000000051d32000 	C:\Program Files\Android\Android Studio\jre\jre\bin\msvcr100.dll
0x0000000051d40000 - 0x000000005258b000 	C:\Program Files\Android\Android Studio\jre\jre\bin\server\jvm.dll
0x00007ffe68470000 - 0x00007ffe68478000 	C:\Windows\System32\PSAPI.DLL
0x00007ffe4a850000 - 0x00007ffe4a859000 	C:\Windows\SYSTEM32\WSOCK32.dll
0x00007ffe5cfc0000 - 0x00007ffe5cfca000 	C:\Windows\SYSTEM32\VERSION.dll
0x00007ffe63b10000 - 0x00007ffe63b34000 	C:\Windows\SYSTEM32\WINMM.dll
0x00007ffe66fa0000 - 0x00007ffe6700f000 	C:\Windows\System32\WS2_32.dll
0x00007ffe63ae0000 - 0x00007ffe63b0d000 	C:\Windows\SYSTEM32\winmmbase.dll
0x00007ffe661f0000 - 0x00007ffe6623a000 	C:\Windows\System32\cfgmgr32.dll
0x00007ffe5f780000 - 0x00007ffe5f78f000 	C:\Program Files\Android\Android Studio\jre\jre\bin\verify.dll
0x00007ffe59cb0000 - 0x00007ffe59cd9000 	C:\Program Files\Android\Android Studio\jre\jre\bin\java.dll
0x00007ffe51a70000 - 0x00007ffe51a86000 	C:\Program Files\Android\Android Studio\jre\jre\bin\zip.dll
0x00007ffe68480000 - 0x00007ffe68b68000 	C:\Windows\System32\SHELL32.dll
0x00007ffe68360000 - 0x00007ffe68407000 	C:\Windows\System32\shcore.dll
0x00007ffe66340000 - 0x00007ffe66abb000 	C:\Windows\System32\windows.storage.dll
0x00007ffe65a90000 - 0x00007ffe65aae000 	C:\Windows\System32\profapi.dll
0x00007ffe65ad0000 - 0x00007ffe65b1a000 	C:\Windows\System32\powrprof.dll
0x00007ffe65a60000 - 0x00007ffe65a70000 	C:\Windows\System32\UMPDC.dll
0x00007ffe66c60000 - 0x00007ffe66cb2000 	C:\Windows\System32\shlwapi.dll
0x00007ffe65ab0000 - 0x00007ffe65ac1000 	C:\Windows\System32\kernel.appcore.dll
0x00007ffe660c0000 - 0x00007ffe660d7000 	C:\Windows\System32\cryptsp.dll
0x00007ffe51760000 - 0x00007ffe5177a000 	C:\Program Files\Android\Android Studio\jre\jre\bin\net.dll
0x00007ffe652a0000 - 0x00007ffe65307000 	C:\Windows\system32\mswsock.dll
0x00007ffe51740000 - 0x00007ffe51753000 	C:\Program Files\Android\Android Studio\jre\jre\bin\nio.dll
0x00007ffe40d50000 - 0x00007ffe40d77000 	C:\Users\abdelmonem.abomoslim\.gradle\native\f6784746aeab05261644944871eae4fe03e0ef1612fff0a4a95f87b438bc6780\windows-amd64\native-platform.dll
0x00007ffe5e910000 - 0x00007ffe5e91d000 	C:\Program Files\Android\Android Studio\jre\jre\bin\management.dll
0x00007ffe64e20000 - 0x00007ffe64e53000 	C:\Windows\system32\rsaenh.dll
0x00007ffe661c0000 - 0x00007ffe661e6000 	C:\Windows\System32\bcrypt.dll
0x00007ffe65940000 - 0x00007ffe65965000 	C:\Windows\SYSTEM32\USERENV.dll
0x00007ffe65470000 - 0x00007ffe6547c000 	C:\Windows\SYSTEM32\CRYPTBASE.dll
0x00007ffe64fb0000 - 0x00007ffe64fea000 	C:\Windows\SYSTEM32\IPHLPAPI.DLL
0x00007ffe66e00000 - 0x00007ffe66e08000 	C:\Windows\System32\NSI.dll
0x00007ffe62180000 - 0x00007ffe62196000 	C:\Windows\SYSTEM32\dhcpcsvc6.DLL
0x00007ffe62160000 - 0x00007ffe6217c000 	C:\Windows\SYSTEM32\dhcpcsvc.DLL
0x00007ffe64ff0000 - 0x00007ffe650bb000 	C:\Windows\SYSTEM32\DNSAPI.dll
0x00007ffe627c0000 - 0x00007ffe627cb000 	C:\Windows\SYSTEM32\WINNSI.DLL

VM Arguments:
jvm_args: -Xmx2048m -Dfile.encoding=windows-1256 -Duser.country=US -Duser.language=en -Duser.variant 
java_command: org.gradle.launcher.daemon.bootstrap.GradleDaemon 6.5
java_class_path (initial): C:\Users\abdelmonem.abomoslim\.gradle\wrapper\dists\gradle-6.5-all\2oz4ud9k3tuxjg84bbf55q0tn\gradle-6.5\lib\gradle-launcher-6.5.jar
Launcher Type: SUN_STANDARD

Environment Variables:
PATH=C:\Windows\system32;C:\Windows;C:\Windows\System32\Wbem;C:\Windows\System32\WindowsPowerShell\v1.0\;C:\Windows\System32\OpenSSH\;C:\Program Files\Git\cmd;C:\Program Files\nodejs\;C:\Program Files\ojdkbuild\java-1.8.0-openjdk-1.8.0.262-1\missioncontrol\;C:\Program Files\ojdkbuild\java-1.8.0-openjdk-1.8.0.262-1\bin;C:\Program Files\ojdkbuild\java-1.8.0-openjdk-1.8.0.262-1\jre\bin;C:\Program Files\MySQL\MySQL Shell 8.0\bin\;C:\Users\abdelmonem.abomoslim\AppData\Local\Microsoft\WindowsApps;C:\Users\abdelmonem.abomoslim\AppData\Roaming\npm;C:\Users\abdelmonem.abomoslim\AppData\Local\GitHubDesktop\bin
USERNAME=abdelmonem.abomoslim
OS=Windows_NT
PROCESSOR_IDENTIFIER=Intel64 Family 6 Model 158 Stepping 13, GenuineIntel



---------------  S Y S T E M  ---------------

OS: Windows 10.0 , 64 bit Build 18362 (10.0.18362.1350)

CPU:total 12 (initial active 12) (6 cores per cpu, 2 threads per core) family 6 model 158 stepping 13, cmov, cx8, fxsr, mmx, sse, sse2, sse3, ssse3, sse4.1, sse4.2, popcnt, avx, avx2, aes, clmul, erms, 3dnowpref, lzcnt, ht, tsc, tscinvbit, bmi1, bmi2, adx

Memory: 4k page, physical 16554132k(1730320k free), swap 16554132k(5196k free)

vm_info: OpenJDK 64-Bit Server VM (25.242-b01) for windows-amd64 JRE (1.8.0_242-release-1644-b01), built by "builder" with MS VC++ 10.0 (VS2010)

time: Sat Mar 20 13:50:02 2021
timezone: Egypt Standard Time
elapsed time: 6 seconds (0d 0h 0m 6s)

