#
# There is insufficient memory for the Java Runtime Environment to continue.
# Native memory allocation (malloc) failed to allocate 689456 bytes for Chunk::new
# Possible reasons:
#   The system is out of physical RAM or swap space
#   The process is running with CompressedOops enabled, and the Java Heap may be blocking the growth of the native heap
# Possible solutions:
#   Reduce memory load on the system
#   Increase physical memory or swap space
#   Check if swap backing store is full
#   Decrease Java heap size (-Xmx/-Xms)
#   Decrease number of Java threads
#   Decrease Java thread stack sizes (-Xss)
#   Set larger code cache with -XX:ReservedCodeCacheSize=
#   JVM is running with Unscaled Compressed Oops mode in which the Java heap is
#     placed in the first 4GB address space. The Java Heap base address is the
#     maximum limit for the native heap growth. Please use -XX:HeapBaseMinAddress
#     to set the Java Heap base and to place the Java Heap above 4GB virtual address.
# This output file may be truncated or incomplete.
#
#  Out of Memory Error (allocation.cpp:389), pid=17136, tid=0x0000000000003184
#
# JRE version: OpenJDK Runtime Environment (8.0_242-b01) (build 1.8.0_242-release-1644-b01)
# Java VM: OpenJDK 64-Bit Server VM (25.242-b01 mixed mode windows-amd64 compressed oops)
# Failed to write core dump. Minidumps are not enabled by default on client versions of Windows
#

---------------  T H R E A D  ---------------

Current thread (0x0000000017e1c800):  JavaThread "C2 CompilerThread2" daemon [_thread_in_native, id=12676, stack(0x000000001ad30000,0x000000001ae30000)]

Stack: [0x000000001ad30000,0x000000001ae30000]
[error occurred during error reporting (printing stack bounds), id 0xc0000005]

Native frames: (J=compiled Java code, j=interpreted, Vv=VM code, C=native code)


Current CompileTask:
C2: 158869 9174   !   4       java.io.ObjectOutputStream::writeObject0 (619 bytes)


---------------  P R O C E S S  ---------------

Java Threads: ( => current thread )
  0x000000001c78e800 JavaThread "Cache worker for execution history cache (D:\AndroidStudioProjects\EgyEatsRestaurant\.gradle\6.5\executionHistory)" [_thread_blocked, id=19740, stack(0x000000002d8e0000,0x000000002d9e0000)]
  0x000000001c790000 JavaThread "Execution worker for ':' Thread 11" [_thread_blocked, id=21320, stack(0x000000002d7e0000,0x000000002d8e0000)]
  0x000000001c792800 JavaThread "Execution worker for ':' Thread 10" [_thread_blocked, id=16116, stack(0x000000002d6e0000,0x000000002d7e0000)]
  0x000000001c791800 JavaThread "Execution worker for ':' Thread 9" [_thread_blocked, id=16088, stack(0x000000002d5e0000,0x000000002d6e0000)]
  0x000000001c78f800 JavaThread "Execution worker for ':' Thread 8" [_thread_blocked, id=11996, stack(0x000000002d4e0000,0x000000002d5e0000)]
  0x000000001c791000 JavaThread "Execution worker for ':' Thread 7" [_thread_blocked, id=20708, stack(0x000000002d180000,0x000000002d280000)]
  0x000000001f83a000 JavaThread "Execution worker for ':' Thread 6" [_thread_blocked, id=9492, stack(0x000000002d080000,0x000000002d180000)]
  0x000000001f834800 JavaThread "Execution worker for ':' Thread 5" [_thread_blocked, id=18308, stack(0x000000002cf80000,0x000000002d080000)]
  0x000000001f838800 JavaThread "Execution worker for ':' Thread 4" [_thread_blocked, id=20760, stack(0x000000002ce80000,0x000000002cf80000)]
  0x000000001f833000 JavaThread "Execution worker for ':' Thread 3" [_thread_blocked, id=16888, stack(0x000000002cd80000,0x000000002ce80000)]
  0x000000001f836000 JavaThread "Execution worker for ':' Thread 2" [_thread_blocked, id=14564, stack(0x000000002b740000,0x000000002b840000)]
  0x000000001f835800 JavaThread "Execution worker for ':'" [_thread_in_vm, id=9224, stack(0x000000002b440000,0x000000002b540000)]
  0x000000001f834000 JavaThread "Cache worker for file content cache (D:\AndroidStudioProjects\EgyEatsRestaurant\.gradle\6.5\fileContent)" [_thread_blocked, id=12712, stack(0x000000002b340000,0x000000002b440000)]
  0x000000001f837800 JavaThread "Cache worker for Build Output Cleanup Cache (D:\AndroidStudioProjects\EgyEatsRestaurant\.gradle\buildOutputCleanup)" [_thread_blocked, id=20352, stack(0x000000002b240000,0x000000002b340000)]
  0x000000001f837000 JavaThread "jar transforms Thread 184" [_thread_blocked, id=8048, stack(0x000000002b040000,0x000000002b140000)]
  0x000000001f82b800 JavaThread "jar transforms Thread 183" [_thread_blocked, id=11580, stack(0x000000002af40000,0x000000002b040000)]
  0x000000001f82d000 JavaThread "jar transforms Thread 182" [_thread_blocked, id=15188, stack(0x000000002ae40000,0x000000002af40000)]
  0x000000001f82c800 JavaThread "jar transforms Thread 181" [_thread_blocked, id=16664, stack(0x000000002ad40000,0x000000002ae40000)]
  0x000000001f832800 JavaThread "jar transforms Thread 180" [_thread_blocked, id=11976, stack(0x000000002ac40000,0x000000002ad40000)]
  0x000000001f82f800 JavaThread "jar transforms Thread 179" [_thread_blocked, id=16620, stack(0x000000002ab40000,0x000000002ac40000)]
  0x000000001f82e800 JavaThread "jar transforms Thread 178" [_thread_blocked, id=18856, stack(0x000000002aa40000,0x000000002ab40000)]
  0x000000001f831800 JavaThread "jar transforms Thread 177" [_thread_blocked, id=22148, stack(0x000000002a940000,0x000000002aa40000)]
  0x000000001f831000 JavaThread "jar transforms Thread 176" [_thread_blocked, id=17456, stack(0x000000002a840000,0x000000002a940000)]
  0x000000001f82b000 JavaThread "jar transforms Thread 175" [_thread_blocked, id=1932, stack(0x000000002a740000,0x000000002a840000)]
  0x000000001f82e000 JavaThread "jar transforms Thread 174" [_thread_blocked, id=9188, stack(0x000000002a640000,0x000000002a740000)]
  0x000000001f830000 JavaThread "jar transforms Thread 173" [_thread_blocked, id=8008, stack(0x000000002a540000,0x000000002a640000)]
  0x000000001ca8d800 JavaThread "jar transforms Thread 172" [_thread_blocked, id=20432, stack(0x000000002a440000,0x000000002a540000)]
  0x000000001ca90800 JavaThread "jar transforms Thread 171" [_thread_blocked, id=18008, stack(0x000000002a340000,0x000000002a440000)]
  0x000000001ca8f000 JavaThread "jar transforms Thread 170" [_thread_blocked, id=17056, stack(0x000000002a240000,0x000000002a340000)]
  0x000000001ca8d000 JavaThread "jar transforms Thread 169" [_thread_blocked, id=1592, stack(0x000000002a140000,0x000000002a240000)]
  0x000000001ca91800 JavaThread "jar transforms Thread 168" [_thread_blocked, id=22088, stack(0x000000002a040000,0x000000002a140000)]
  0x000000001ca90000 JavaThread "jar transforms Thread 167" [_thread_blocked, id=18640, stack(0x0000000029f40000,0x000000002a040000)]
  0x000000001ca8e800 JavaThread "jar transforms Thread 166" [_thread_blocked, id=4768, stack(0x0000000029e40000,0x0000000029f40000)]
  0x000000001ca85800 JavaThread "jar transforms Thread 165" [_thread_blocked, id=20624, stack(0x0000000029d40000,0x0000000029e40000)]
  0x000000001ca8c000 JavaThread "jar transforms Thread 164" [_thread_blocked, id=11876, stack(0x0000000029c40000,0x0000000029d40000)]
  0x000000001ca84800 JavaThread "jar transforms Thread 163" [_thread_blocked, id=21456, stack(0x0000000029b40000,0x0000000029c40000)]
  0x000000001ca8b800 JavaThread "jar transforms Thread 162" [_thread_blocked, id=14772, stack(0x0000000029a40000,0x0000000029b40000)]
  0x000000001ca8a800 JavaThread "jar transforms Thread 161" [_thread_blocked, id=22472, stack(0x0000000029940000,0x0000000029a40000)]
  0x000000001ca83000 JavaThread "jar transforms Thread 160" [_thread_blocked, id=20164, stack(0x0000000029840000,0x0000000029940000)]
  0x000000001ca8a000 JavaThread "jar transforms Thread 159" [_thread_blocked, id=21096, stack(0x0000000029740000,0x0000000029840000)]
  0x000000001ca87000 JavaThread "jar transforms Thread 158" [_thread_blocked, id=19464, stack(0x0000000029640000,0x0000000029740000)]
  0x000000001ca82800 JavaThread "jar transforms Thread 157" [_thread_blocked, id=17744, stack(0x0000000029540000,0x0000000029640000)]
  0x000000001ca86000 JavaThread "jar transforms Thread 156" [_thread_blocked, id=19444, stack(0x0000000029440000,0x0000000029540000)]
  0x000000001ca89000 JavaThread "jar transforms Thread 155" [_thread_blocked, id=16768, stack(0x0000000029340000,0x0000000029440000)]
  0x000000001ca88800 JavaThread "jar transforms Thread 154" [_thread_blocked, id=22308, stack(0x0000000029240000,0x0000000029340000)]
  0x000000001ca87800 JavaThread "jar transforms Thread 153" [_thread_blocked, id=17312, stack(0x0000000029140000,0x0000000029240000)]
  0x000000001ca84000 JavaThread "jar transforms Thread 152" [_thread_blocked, id=13432, stack(0x0000000029040000,0x0000000029140000)]
  0x000000001ba9a000 JavaThread "jar transforms Thread 151" [_thread_blocked, id=16968, stack(0x0000000028f40000,0x0000000029040000)]
  0x000000001ba98800 JavaThread "jar transforms Thread 150" [_thread_blocked, id=21028, stack(0x0000000028e40000,0x0000000028f40000)]
  0x000000001ba97800 JavaThread "jar transforms Thread 149" [_thread_blocked, id=10016, stack(0x0000000028d40000,0x0000000028e40000)]
  0x000000001ba99000 JavaThread "jar transforms Thread 148" [_thread_blocked, id=19592, stack(0x0000000028c40000,0x0000000028d40000)]
  0x000000001ba91000 JavaThread "jar transforms Thread 147" [_thread_blocked, id=19364, stack(0x0000000028b40000,0x0000000028c40000)]
  0x000000001ba97000 JavaThread "jar transforms Thread 146" [_thread_blocked, id=19780, stack(0x0000000028a40000,0x0000000028b40000)]
  0x000000001ba90000 JavaThread "jar transforms Thread 145" [_thread_blocked, id=20068, stack(0x0000000028940000,0x0000000028a40000)]
  0x000000001ba8f800 JavaThread "jar transforms Thread 144" [_thread_blocked, id=21764, stack(0x0000000028840000,0x0000000028940000)]
  0x000000001ba96000 JavaThread "jar transforms Thread 143" [_thread_blocked, id=21436, stack(0x0000000028740000,0x0000000028840000)]
  0x000000001ba95800 JavaThread "jar transforms Thread 142" [_thread_blocked, id=20632, stack(0x0000000028640000,0x0000000028740000)]
  0x000000001ba8e000 JavaThread "jar transforms Thread 141" [_thread_blocked, id=5060, stack(0x0000000028540000,0x0000000028640000)]
  0x000000001ba94800 JavaThread "jar transforms Thread 140" [_thread_blocked, id=20328, stack(0x0000000028440000,0x0000000028540000)]
  0x000000001ba8d000 JavaThread "jar transforms Thread 139" [_thread_blocked, id=20372, stack(0x0000000028340000,0x0000000028440000)]
  0x000000001ba94000 JavaThread "jar transforms Thread 138" [_thread_blocked, id=7968, stack(0x0000000028240000,0x0000000028340000)]
  0x000000001ba8c800 JavaThread "jar transforms Thread 137" [_thread_blocked, id=17404, stack(0x0000000028140000,0x0000000028240000)]
  0x000000001ba93000 JavaThread "jar transforms Thread 136" [_thread_blocked, id=19140, stack(0x0000000028040000,0x0000000028140000)]
  0x000000001ba8e800 JavaThread "jar transforms Thread 135" [_thread_blocked, id=12580, stack(0x0000000027f40000,0x0000000028040000)]
  0x000000001ba92800 JavaThread "jar transforms Thread 134" [_thread_blocked, id=19920, stack(0x0000000027e40000,0x0000000027f40000)]
  0x000000001ba8b000 JavaThread "jar transforms Thread 133" [_thread_blocked, id=20180, stack(0x0000000027d40000,0x0000000027e40000)]
  0x000000001ba8b800 JavaThread "jar transforms Thread 132" [_thread_blocked, id=21092, stack(0x0000000027c40000,0x0000000027d40000)]
  0x000000001ba91800 JavaThread "jar transforms Thread 131" [_thread_blocked, id=7588, stack(0x0000000027b40000,0x0000000027c40000)]
  0x000000001b5ab000 JavaThread "jar transforms Thread 130" [_thread_blocked, id=5872, stack(0x0000000027a40000,0x0000000027b40000)]
  0x000000001b5b0800 JavaThread "jar transforms Thread 129" [_thread_blocked, id=444, stack(0x0000000027940000,0x0000000027a40000)]
  0x000000001b5af000 JavaThread "jar transforms Thread 128" [_thread_blocked, id=12956, stack(0x0000000027840000,0x0000000027940000)]
  0x000000001b5af800 JavaThread "jar transforms Thread 127" [_thread_blocked, id=14132, stack(0x0000000027740000,0x0000000027840000)]
  0x000000001b5ad800 JavaThread "jar transforms Thread 126" [_thread_blocked, id=21520, stack(0x0000000027640000,0x0000000027740000)]
  0x000000001d4a7800 JavaThread "jar transforms Thread 125" [_thread_blocked, id=12352, stack(0x0000000027540000,0x0000000027640000)]
  0x000000001d4a6800 JavaThread "jar transforms Thread 124" [_thread_blocked, id=12208, stack(0x0000000027440000,0x0000000027540000)]
  0x000000001d4a6000 JavaThread "jar transforms Thread 123" [_thread_blocked, id=20332, stack(0x0000000027340000,0x0000000027440000)]
  0x000000001d4a5000 JavaThread "jar transforms Thread 122" [_thread_blocked, id=18740, stack(0x0000000027240000,0x0000000027340000)]
  0x000000001d4aa800 JavaThread "jar transforms Thread 121" [_thread_blocked, id=20952, stack(0x0000000027140000,0x0000000027240000)]
  0x000000001d4a3800 JavaThread "jar transforms Thread 120" [_thread_blocked, id=17876, stack(0x0000000027040000,0x0000000027140000)]
  0x000000001d4a4800 JavaThread "jar transforms Thread 119" [_thread_blocked, id=21592, stack(0x0000000026f40000,0x0000000027040000)]
  0x000000001d4a9000 JavaThread "jar transforms Thread 118" [_thread_blocked, id=20772, stack(0x0000000026e40000,0x0000000026f40000)]
  0x000000001d4a3000 JavaThread "jar transforms Thread 117" [_thread_blocked, id=14440, stack(0x0000000026d40000,0x0000000026e40000)]
  0x000000001d4a8000 JavaThread "jar transforms Thread 116" [_thread_blocked, id=17924, stack(0x0000000026c40000,0x0000000026d40000)]
  0x000000001d4a9800 JavaThread "jar transforms Thread 115" [_thread_blocked, id=21428, stack(0x0000000026b40000,0x0000000026c40000)]
  0x000000001d49b800 JavaThread "jar transforms Thread 114" [_thread_blocked, id=7944, stack(0x0000000026a40000,0x0000000026b40000)]
  0x000000001d49c000 JavaThread "jar transforms Thread 113" [_thread_blocked, id=8888, stack(0x0000000026940000,0x0000000026a40000)]
  0x000000001d4a1800 JavaThread "jar transforms Thread 112" [_thread_blocked, id=4400, stack(0x0000000026840000,0x0000000026940000)]
  0x000000001d4a0800 JavaThread "jar transforms Thread 111" [_thread_blocked, id=1120, stack(0x0000000026740000,0x0000000026840000)]
  0x000000001d4a2000 JavaThread "jar transforms Thread 110" [_thread_blocked, id=4144, stack(0x0000000026640000,0x0000000026740000)]
  0x000000001d49f000 JavaThread "jar transforms Thread 109" [_thread_blocked, id=7640, stack(0x0000000026540000,0x0000000026640000)]
  0x0000000021fd8000 JavaThread "jar transforms Thread 108" [_thread_blocked, id=15748, stack(0x0000000026440000,0x0000000026540000)]
  0x0000000021fd7000 JavaThread "jar transforms Thread 107" [_thread_blocked, id=11424, stack(0x0000000026340000,0x0000000026440000)]
  0x0000000021fd5800 JavaThread "jar transforms Thread 106" [_thread_blocked, id=308, stack(0x0000000026240000,0x0000000026340000)]
  0x0000000021fdb000 JavaThread "jar transforms Thread 105" [_thread_blocked, id=19128, stack(0x0000000026140000,0x0000000026240000)]
  0x0000000021fd6800 JavaThread "jar transforms Thread 104" [_thread_blocked, id=21044, stack(0x0000000026040000,0x0000000026140000)]
  0x0000000021fdc800 JavaThread "jar transforms Thread 103" [_thread_blocked, id=1584, stack(0x0000000025f40000,0x0000000026040000)]
  0x0000000021fda000 JavaThread "jar transforms Thread 102" [_thread_blocked, id=12392, stack(0x0000000025e40000,0x0000000025f40000)]
  0x0000000021fd8800 JavaThread "jar transforms Thread 101" [_thread_blocked, id=13272, stack(0x0000000025d40000,0x0000000025e40000)]
  0x0000000021fd9800 JavaThread "jar transforms Thread 100" [_thread_blocked, id=18500, stack(0x0000000025c40000,0x0000000025d40000)]
  0x0000000021fdb800 JavaThread "jar transforms Thread 99" [_thread_blocked, id=21032, stack(0x0000000025b40000,0x0000000025c40000)]
  0x0000000021fce000 JavaThread "jar transforms Thread 98" [_thread_blocked, id=22216, stack(0x0000000025a40000,0x0000000025b40000)]
  0x0000000021fd4000 JavaThread "jar transforms Thread 97" [_thread_blocked, id=17220, stack(0x0000000025940000,0x0000000025a40000)]
  0x0000000021fd3000 JavaThread "jar transforms Thread 96" [_thread_blocked, id=18128, stack(0x0000000025840000,0x0000000025940000)]
  0x0000000021fd5000 JavaThread "jar transforms Thread 95" [_thread_blocked, id=21528, stack(0x0000000025740000,0x0000000025840000)]
  0x0000000021fcd000 JavaThread "jar transforms Thread 94" [_thread_blocked, id=11808, stack(0x0000000025640000,0x0000000025740000)]
  0x0000000021fd2800 JavaThread "jar transforms Thread 93" [_thread_blocked, id=20544, stack(0x0000000025540000,0x0000000025640000)]
  0x0000000021fd1800 JavaThread "Build operations Thread 12" [_thread_blocked, id=6696, stack(0x0000000025440000,0x0000000025540000)]
  0x0000000021fd1000 JavaThread "Build operations Thread 11" [_thread_blocked, id=2116, stack(0x0000000025340000,0x0000000025440000)]
  0x0000000021fce800 JavaThread "Build operations Thread 10" [_thread_blocked, id=21940, stack(0x0000000025240000,0x0000000025340000)]
  0x000000001c286800 JavaThread "Build operations Thread 9" [_thread_blocked, id=18808, stack(0x0000000025140000,0x0000000025240000)]
  0x000000001c286000 JavaThread "Build operations Thread 8" [_thread_blocked, id=14416, stack(0x0000000025040000,0x0000000025140000)]
  0x000000001c285000 JavaThread "Build operations Thread 7" [_thread_blocked, id=5012, stack(0x0000000024f40000,0x0000000025040000)]
  0x000000001c27d800 JavaThread "Build operations Thread 6" [_thread_blocked, id=18168, stack(0x0000000024e40000,0x0000000024f40000)]
  0x000000001c284800 JavaThread "Build operations Thread 5" [_thread_blocked, id=22164, stack(0x0000000024d40000,0x0000000024e40000)]
  0x000000001c283800 JavaThread "Build operations Thread 4" [_thread_blocked, id=19424, stack(0x0000000023570000,0x0000000023670000)]
  0x000000001c282000 JavaThread "Build operations Thread 3" [_thread_blocked, id=13948, stack(0x0000000022d70000,0x0000000022e70000)]
  0x000000001c283000 JavaThread "Build operations Thread 2" [_thread_blocked, id=19612, stack(0x0000000022c70000,0x0000000022d70000)]
  0x000000001c27a800 JavaThread "Build operations" [_thread_blocked, id=3160, stack(0x0000000021ac0000,0x0000000021bc0000)]
  0x000000001c27e800 JavaThread "Cache worker for cache directory md-rule (C:\Users\abdelmonem.abomoslim\.gradle\caches\6.5\md-rule)" [_thread_blocked, id=22080, stack(0x0000000021700000,0x0000000021800000)]
  0x000000001c281800 JavaThread "Cache worker for cache directory md-supplier (C:\Users\abdelmonem.abomoslim\.gradle\caches\6.5\md-supplier)" [_thread_blocked, id=19132, stack(0x000000001ed60000,0x000000001ee60000)]
  0x000000001c27d000 JavaThread "Cache worker for checksums cache (D:\AndroidStudioProjects\EgyEatsRestaurant\.gradle\checksums)" [_thread_blocked, id=18428, stack(0x000000001ec60000,0x000000001ed60000)]
  0x000000001c280000 JavaThread "Cache worker for file hash cache (D:\AndroidStudioProjects\EgyEatsRestaurant\.gradle\6.5\fileHashes)" [_thread_blocked, id=21556, stack(0x000000001eb60000,0x000000001ec60000)]
  0x000000001c280800 JavaThread "Thread-143" [_thread_blocked, id=9852, stack(0x000000001ea60000,0x000000001eb60000)]
  0x000000001c27c000 JavaThread "Stdin handler" [_thread_blocked, id=8948, stack(0x000000001e660000,0x000000001e760000)]
  0x000000001c27f000 JavaThread "Asynchronous log dispatcher for DefaultDaemonConnection: socket connection from /127.0.0.1:57868 to /127.0.0.1:58143" [_thread_blocked, id=15688, stack(0x000000001e020000,0x000000001e120000)]
  0x000000001c278800 JavaThread "Daemon worker Thread 2" [_thread_blocked, id=9944, stack(0x000000001df20000,0x000000001e020000)]
  0x000000001c277800 JavaThread "Cancel handler" [_thread_blocked, id=21836, stack(0x0000000000ea0000,0x0000000000fa0000)]
  0x000000001c27a000 JavaThread "Handler for socket connection from /127.0.0.1:57868 to /127.0.0.1:58143" [_thread_in_native, id=17004, stack(0x0000000000d30000,0x0000000000e30000)]
  0x000000001c279000 JavaThread "Daemon Thread 2" [_thread_blocked, id=21712, stack(0x0000000000c30000,0x0000000000d30000)]
  0x000000001c27b800 JavaThread "Memory manager" [_thread_blocked, id=14968, stack(0x000000002c870000,0x000000002c970000)]
  0x000000001b5ac800 JavaThread "Cache worker for file content cache (C:\Users\abdelmonem.abomoslim\.gradle\caches\6.5\fileContent)" [_thread_blocked, id=7304, stack(0x0000000023670000,0x0000000023770000)]
  0x000000001b5b1000 JavaThread "Cache worker for execution history cache (C:\Users\abdelmonem.abomoslim\.gradle\caches\6.5\executionHistory)" [_thread_blocked, id=12776, stack(0x0000000022e70000,0x0000000022f70000)]
  0x000000001b5ac000 JavaThread "Cache worker for file hash cache (C:\Users\abdelmonem.abomoslim\.gradle\caches\6.5\fileHashes)" [_thread_blocked, id=14560, stack(0x000000001f260000,0x000000001f360000)]
  0x000000001b5b2000 JavaThread "File lock request listener" [_thread_in_native, id=21532, stack(0x000000001f160000,0x000000001f260000)]
  0x000000001963a800 JavaThread "Cache worker for journal cache (C:\Users\abdelmonem.abomoslim\.gradle\caches\journal-1)" [_thread_blocked, id=21844, stack(0x000000001f060000,0x000000001f160000)]
  0x000000001d178000 JavaThread "Daemon periodic checks" [_thread_blocked, id=19056, stack(0x000000001e360000,0x000000001e460000)]
  0x000000001d16a800 JavaThread "Incoming local TCP Connector on port 57868" [_thread_in_native, id=20792, stack(0x000000001e120000,0x000000001e220000)]
  0x000000001d12c800 JavaThread "Daemon health stats" [_thread_blocked, id=3524, stack(0x000000001c900000,0x000000001ca00000)]
  0x00000000195bf000 JavaThread "Service Thread" daemon [_thread_blocked, id=21180, stack(0x000000001af30000,0x000000001b030000)]
  0x0000000017e1d800 JavaThread "C1 CompilerThread3" daemon [_thread_in_vm, id=10388, stack(0x000000001ae30000,0x000000001af30000)]
=>0x0000000017e1c800 JavaThread "C2 CompilerThread2" daemon [_thread_in_native, id=12676, stack(0x000000001ad30000,0x000000001ae30000)]
  0x00000000194f4800 JavaThread "C2 CompilerThread1" daemon [_thread_in_native, id=16988, stack(0x000000001ac30000,0x000000001ad30000)]
  0x00000000194ee800 JavaThread "C2 CompilerThread0" daemon [_thread_in_native, id=18400, stack(0x000000001ab30000,0x000000001ac30000)]
  0x000000001953b000 JavaThread "Attach Listener" daemon [_thread_blocked, id=17848, stack(0x000000001aa30000,0x000000001ab30000)]
  0x000000001953a800 JavaThread "Signal Dispatcher" daemon [_thread_blocked, id=15564, stack(0x000000001a930000,0x000000001aa30000)]
  0x0000000017e15800 JavaThread "Finalizer" daemon [_thread_blocked, id=17920, stack(0x000000001a730000,0x000000001a830000)]
  0x00000000194d3000 JavaThread "Reference Handler" daemon [_thread_blocked, id=17460, stack(0x000000001a630000,0x000000001a730000)]
  0x0000000002a9e800 JavaThread "main" [_thread_blocked, id=21744, stack(0x0000000002920000,0x0000000002a20000)]

Other Threads:
  0x00000000194b2800 VMThread [stack: 0x000000001a530000,0x000000001a630000] [id=17552]
  0x00000000195c1000 WatcherThread [stack: 0x000000001b030000,0x000000001b130000] [id=14252]

VM state:not at safepoint (normal execution)

VM Mutex/Monitor currently owned by a thread: None

heap address: 0x0000000080000000, size: 2048 MB, Compressed Oops mode: 32-bit
Narrow klass base: 0x0000000000000000, Narrow klass shift: 3
Compressed class space size: 1073741824 Address: 0x0000000100000000

Heap:
 PSYoungGen      total 348160K, used 125262K [0x00000000d5580000, 0x00000000f2380000, 0x0000000100000000)
  eden space 324608K, 31% used [0x00000000d5580000,0x00000000db8d8668,0x00000000e9280000)
  from space 23552K, 99% used [0x00000000e9280000,0x00000000ea97b548,0x00000000ea980000)
  to   space 28160K, 0% used [0x00000000f0800000,0x00000000f0800000,0x00000000f2380000)
 ParOldGen       total 196608K, used 39307K [0x0000000080000000, 0x000000008c000000, 0x00000000d5580000)
  object space 196608K, 19% used [0x0000000080000000,0x0000000082662f88,0x000000008c000000)
 Metaspace       used 71387K, capacity 74898K, committed 75032K, reserved 1114112K
  class space    used 9527K, capacity 10196K, committed 10288K, reserved 1048576K

Card table byte_map: [0x0000000011f60000,0x0000000012370000] byte_map_base: 0x0000000011b60000

Marking Bits: (ParMarkBitMap*) 0x00000000756cf030
 Begin Bits: [0x0000000013020000, 0x0000000015020000)
 End Bits:   [0x0000000015020000, 0x0000000017020000)

Polling page: 0x0000000000ae0000

CodeCache: size=245760Kb used=25159Kb max_used=25226Kb free=220600Kb
 bounds [0x0000000002ba0000, 0x0000000004480000, 0x0000000011ba0000]
 total_blobs=8846 nmethods=8017 adapters=742
 compilation: enabled

Compilation events (10 events):
Event: 158.866 Thread 0x0000000017e1d800 nmethod 9386 0x00000000034d1550 code [0x00000000034d16c0, 0x00000000034d18f0]
Event: 158.866 Thread 0x0000000017e1d800 9387       3       org.gradle.api.internal.artifacts.repositories.resolver.AbstractDependencyMetadataAdapter::<init> (20 bytes)
Event: 158.866 Thread 0x0000000017e1d800 nmethod 9387 0x0000000003f3df90 code [0x0000000003f3e0e0, 0x0000000003f3e2d0]
Event: 158.866 Thread 0x0000000017e1d800 9388       3       org.gradle.api.internal.artifacts.repositories.resolver.DirectDependencyMetadataAdapter_Decorated::$gradleInit (15 bytes)
Event: 158.867 Thread 0x0000000017e1d800 nmethod 9388 0x00000000042279d0 code [0x0000000004227b80, 0x0000000004228178]
Event: 158.867 Thread 0x0000000017e1d800 9389       3       com.android.build.gradle.internal.dependency.AndroidXDependencySubstitution::access$getAndroidXMappingsWithoutDataBindingBaseLibrary$p (5 bytes)
Event: 158.867 Thread 0x0000000017e1d800 nmethod 9389 0x000000000374f6d0 code [0x000000000374f820, 0x000000000374f950]
Event: 158.867 Thread 0x0000000017e1d800 9391   !   3       sun.reflect.GeneratedConstructorAccessor58::newInstance (143 bytes)
Event: 158.867 Thread 0x0000000017e1d800 nmethod 9391 0x0000000003b038d0 code [0x0000000003b03ba0, 0x0000000003b05568]
Event: 158.867 Thread 0x0000000017e1d800 9392       3       org.gradle.api.internal.artifacts.ivyservice.resolveengine.graph.selectors.SelectorStateResolverResults::componentForIdResolveResult (42 bytes)

GC Heap History (10 events):
Event: 3.430 GC heap before
{Heap before GC invocations=8 (full 2):
 PSYoungGen      total 234496K, used 8264K [0x00000000d5580000, 0x00000000e5000000, 0x0000000100000000)
  eden space 219136K, 0% used [0x00000000d5580000,0x00000000d5580000,0x00000000e2b80000)
  from space 15360K, 53% used [0x00000000e3a00000,0x00000000e4212278,0x00000000e4900000)
  to   space 14848K, 0% used [0x00000000e2b80000,0x00000000e2b80000,0x00000000e3a00000)
 ParOldGen       total 92672K, used 10894K [0x0000000080000000, 0x0000000085a80000, 0x00000000d5580000)
  object space 92672K, 11% used [0x0000000080000000,0x0000000080aa3af0,0x0000000085a80000)
 Metaspace       used 34320K, capacity 35414K, committed 35496K, reserved 1079296K
  class space    used 4712K, capacity 5002K, committed 5040K, reserved 1048576K
Event: 3.465 GC heap after
Heap after GC invocations=8 (full 2):
 PSYoungGen      total 234496K, used 0K [0x00000000d5580000, 0x00000000e5000000, 0x0000000100000000)
  eden space 219136K, 0% used [0x00000000d5580000,0x00000000d5580000,0x00000000e2b80000)
  from space 15360K, 0% used [0x00000000e3a00000,0x00000000e3a00000,0x00000000e4900000)
  to   space 14848K, 0% used [0x00000000e2b80000,0x00000000e2b80000,0x00000000e3a00000)
 ParOldGen       total 137728K, used 14752K [0x0000000080000000, 0x0000000088680000, 0x00000000d5580000)
  object space 137728K, 10% used [0x0000000080000000,0x0000000080e68278,0x0000000088680000)
 Metaspace       used 34320K, capacity 35414K, committed 35496K, reserved 1079296K
  class space    used 4712K, capacity 5002K, committed 5040K, reserved 1048576K
}
Event: 16.794 GC heap before
{Heap before GC invocations=9 (full 2):
 PSYoungGen      total 234496K, used 219136K [0x00000000d5580000, 0x00000000e5000000, 0x0000000100000000)
  eden space 219136K, 100% used [0x00000000d5580000,0x00000000e2b80000,0x00000000e2b80000)
  from space 15360K, 0% used [0x00000000e3a00000,0x00000000e3a00000,0x00000000e4900000)
  to   space 14848K, 0% used [0x00000000e2b80000,0x00000000e2b80000,0x00000000e3a00000)
 ParOldGen       total 137728K, used 14752K [0x0000000080000000, 0x0000000088680000, 0x00000000d5580000)
  object space 137728K, 10% used [0x0000000080000000,0x0000000080e68278,0x0000000088680000)
 Metaspace       used 45999K, capacity 47934K, committed 48168K, reserved 1091584K
  class space    used 6224K, capacity 6604K, committed 6704K, reserved 1048576K
Event: 16.807 GC heap after
Heap after GC invocations=9 (full 2):
 PSYoungGen      total 233984K, used 14823K [0x00000000d5580000, 0x00000000ebb80000, 0x0000000100000000)
  eden space 219136K, 0% used [0x00000000d5580000,0x00000000d5580000,0x00000000e2b80000)
  from space 14848K, 99% used [0x00000000e2b80000,0x00000000e39f9e98,0x00000000e3a00000)
  to   space 18432K, 0% used [0x00000000ea980000,0x00000000ea980000,0x00000000ebb80000)
 ParOldGen       total 137728K, used 17795K [0x0000000080000000, 0x0000000088680000, 0x00000000d5580000)
  object space 137728K, 12% used [0x0000000080000000,0x0000000081160f90,0x0000000088680000)
 Metaspace       used 45999K, capacity 47934K, committed 48168K, reserved 1091584K
  class space    used 6224K, capacity 6604K, committed 6704K, reserved 1048576K
}
Event: 17.979 GC heap before
{Heap before GC invocations=10 (full 2):
 PSYoungGen      total 233984K, used 146502K [0x00000000d5580000, 0x00000000ebb80000, 0x0000000100000000)
  eden space 219136K, 60% used [0x00000000d5580000,0x00000000dd6179a0,0x00000000e2b80000)
  from space 14848K, 99% used [0x00000000e2b80000,0x00000000e39f9e98,0x00000000e3a00000)
  to   space 18432K, 0% used [0x00000000ea980000,0x00000000ea980000,0x00000000ebb80000)
 ParOldGen       total 137728K, used 17795K [0x0000000080000000, 0x0000000088680000, 0x00000000d5580000)
  object space 137728K, 12% used [0x0000000080000000,0x0000000081160f90,0x0000000088680000)
 Metaspace       used 56514K, capacity 58990K, committed 59160K, reserved 1099776K
  class space    used 7736K, capacity 8226K, committed 8240K, reserved 1048576K
Event: 18.000 GC heap after
Heap after GC invocations=10 (full 2):
 PSYoungGen      total 343040K, used 18401K [0x00000000d5580000, 0x00000000ec200000, 0x0000000100000000)
  eden space 324608K, 0% used [0x00000000d5580000,0x00000000d5580000,0x00000000e9280000)
  from space 18432K, 99% used [0x00000000ea980000,0x00000000ebb78650,0x00000000ebb80000)
  to   space 23552K, 0% used [0x00000000e9280000,0x00000000e9280000,0x00000000ea980000)
 ParOldGen       total 137728K, used 24134K [0x0000000080000000, 0x0000000088680000, 0x00000000d5580000)
  object space 137728K, 17% used [0x0000000080000000,0x00000000817918a0,0x0000000088680000)
 Metaspace       used 56514K, capacity 58990K, committed 59160K, reserved 1099776K
  class space    used 7736K, capacity 8226K, committed 8240K, reserved 1048576K
}
Event: 18.000 GC heap before
{Heap before GC invocations=11 (full 3):
 PSYoungGen      total 343040K, used 18401K [0x00000000d5580000, 0x00000000ec200000, 0x0000000100000000)
  eden space 324608K, 0% used [0x00000000d5580000,0x00000000d5580000,0x00000000e9280000)
  from space 18432K, 99% used [0x00000000ea980000,0x00000000ebb78650,0x00000000ebb80000)
  to   space 23552K, 0% used [0x00000000e9280000,0x00000000e9280000,0x00000000ea980000)
 ParOldGen       total 137728K, used 24134K [0x0000000080000000, 0x0000000088680000, 0x00000000d5580000)
  object space 137728K, 17% used [0x0000000080000000,0x00000000817918a0,0x0000000088680000)
 Metaspace       used 56514K, capacity 58990K, committed 59160K, reserved 1099776K
  class space    used 7736K, capacity 8226K, committed 8240K, reserved 1048576K
Event: 18.171 GC heap after
Heap after GC invocations=11 (full 3):
 PSYoungGen      total 343040K, used 0K [0x00000000d5580000, 0x00000000ec200000, 0x0000000100000000)
  eden space 324608K, 0% used [0x00000000d5580000,0x00000000d5580000,0x00000000e9280000)
  from space 18432K, 0% used [0x00000000ea980000,0x00000000ea980000,0x00000000ebb80000)
  to   space 23552K, 0% used [0x00000000e9280000,0x00000000e9280000,0x00000000ea980000)
 ParOldGen       total 196608K, used 36659K [0x0000000080000000, 0x000000008c000000, 0x00000000d5580000)
  object space 196608K, 18% used [0x0000000080000000,0x00000000823ccc48,0x000000008c000000)
 Metaspace       used 56438K, capacity 58732K, committed 59160K, reserved 1099776K
  class space    used 7712K, capacity 8183K, committed 8240K, reserved 1048576K
}
Event: 23.751 GC heap before
{Heap before GC invocations=12 (full 3):
 PSYoungGen      total 343040K, used 324608K [0x00000000d5580000, 0x00000000ec200000, 0x0000000100000000)
  eden space 324608K, 100% used [0x00000000d5580000,0x00000000e9280000,0x00000000e9280000)
  from space 18432K, 0% used [0x00000000ea980000,0x00000000ea980000,0x00000000ebb80000)
  to   space 23552K, 0% used [0x00000000e9280000,0x00000000e9280000,0x00000000ea980000)
 ParOldGen       total 196608K, used 36659K [0x0000000080000000, 0x000000008c000000, 0x00000000d5580000)
  object space 196608K, 18% used [0x0000000080000000,0x00000000823ccc48,0x000000008c000000)
 Metaspace       used 67727K, capacity 71198K, committed 71448K, reserved 1110016K
  class space    used 9277K, capacity 9936K, committed 10032K, reserved 1048576K
Event: 23.771 GC heap after
Heap after GC invocations=12 (full 3):
 PSYoungGen      total 348160K, used 23533K [0x00000000d5580000, 0x00000000f2380000, 0x0000000100000000)
  eden space 324608K, 0% used [0x00000000d5580000,0x00000000d5580000,0x00000000e9280000)
  from space 23552K, 99% used [0x00000000e9280000,0x00000000ea97b548,0x00000000ea980000)
  to   space 28160K, 0% used [0x00000000f0800000,0x00000000f0800000,0x00000000f2380000)
 ParOldGen       total 196608K, used 39307K [0x0000000080000000, 0x000000008c000000, 0x00000000d5580000)
  object space 196608K, 19% used [0x0000000080000000,0x0000000082662f88,0x000000008c000000)
 Metaspace       used 67727K, capacity 71198K, committed 71448K, reserved 1110016K
  class space    used 9277K, capacity 9936K, committed 10032K, reserved 1048576K
}

Deoptimization events (10 events):
Event: 158.677 Thread 0x000000001c278800 Uncommon trap: reason=class_check action=maybe_recompile pc=0x000000000424db50 method=org.gradle.internal.vfs.impl.DefaultSnapshotHierarchy.getMetadata(Ljava/lang/String;)Ljava/util/Optional; @ 9
Event: 158.678 Thread 0x000000001c278800 Uncommon trap: reason=class_check action=maybe_recompile pc=0x000000000424db50 method=org.gradle.internal.vfs.impl.DefaultSnapshotHierarchy.getMetadata(Ljava/lang/String;)Ljava/util/Optional; @ 9
Event: 158.695 Thread 0x000000001c278800 Uncommon trap: reason=class_check action=maybe_recompile pc=0x00000000042c1424 method=com.google.common.cache.LocalCache$LoadingValueReference.loadFuture(Ljava/lang/Object;Lcom/google/common/cache/CacheLoader;)Lcom/google/common/util/concurrent/Listenable
Event: 158.696 Thread 0x000000001c278800 Uncommon trap: reason=class_check action=maybe_recompile pc=0x00000000042b5f64 method=com.google.common.cache.LocalCache$LoadingValueReference.loadFuture(Ljava/lang/Object;Lcom/google/common/cache/CacheLoader;)Lcom/google/common/util/concurrent/Listenable
Event: 158.752 Thread 0x000000001c278800 Uncommon trap: reason=array_check action=maybe_recompile pc=0x00000000043fabf8 method=com.google.common.collect.ImmutableSet.construct(I[Ljava/lang/Object;)Lcom/google/common/collect/ImmutableSet; @ 122
Event: 158.765 Thread 0x000000001c278800 Uncommon trap: reason=array_check action=maybe_recompile pc=0x00000000043fabf8 method=com.google.common.collect.ImmutableSet.construct(I[Ljava/lang/Object;)Lcom/google/common/collect/ImmutableSet; @ 122
Event: 158.804 Thread 0x000000001f835800 Uncommon trap: reason=class_check action=maybe_recompile pc=0x000000000424db3c method=org.gradle.internal.snapshot.SnapshotHierarchy.getSnapshot(Ljava/lang/String;)Ljava/util/Optional; @ 2
Event: 158.804 Thread 0x000000001f835800 Uncommon trap: reason=class_check action=maybe_recompile pc=0x000000000424db3c method=org.gradle.internal.snapshot.SnapshotHierarchy.getSnapshot(Ljava/lang/String;)Ljava/util/Optional; @ 2
Event: 158.807 Thread 0x000000001f835800 Uncommon trap: reason=class_check action=maybe_recompile pc=0x000000000424699c method=org.gradle.internal.vfs.impl.DefaultSnapshotHierarchy.getMetadata(Ljava/lang/String;)Ljava/util/Optional; @ 9
Event: 158.807 Thread 0x000000001f835800 Uncommon trap: reason=class_check action=maybe_recompile pc=0x000000000424699c method=org.gradle.internal.vfs.impl.DefaultSnapshotHierarchy.getMetadata(Ljava/lang/String;)Ljava/util/Optional; @ 9

Classes redefined (0 events):
No events

Internal exceptions (10 events):
Event: 23.217 Thread 0x0000000021fd2800 Exception <a 'sun/nio/fs/WindowsException'> (0x00000000e5916008) thrown at [C:\src\AOSP-openjdk-git\hotspot\src\share\vm\prims\jni.cpp, line 710]
Event: 23.217 Thread 0x0000000021fd2800 Exception <a 'sun/nio/fs/WindowsException'> (0x00000000e59180c8) thrown at [C:\src\AOSP-openjdk-git\hotspot\src\share\vm\prims\jni.cpp, line 710]
Event: 23.217 Thread 0x0000000021fd2800 Exception <a 'sun/nio/fs/WindowsException'> (0x00000000e5918e08) thrown at [C:\src\AOSP-openjdk-git\hotspot\src\share\vm\prims\jni.cpp, line 710]
Event: 23.377 Thread 0x0000000021fd0000 Exception <a 'sun/nio/fs/WindowsException'> (0x00000000e6adfd88) thrown at [C:\src\AOSP-openjdk-git\hotspot\src\share\vm\prims\jni.cpp, line 710]
Event: 23.377 Thread 0x0000000021fd0000 Exception <a 'sun/nio/fs/WindowsException'> (0x00000000e6ae0aa8) thrown at [C:\src\AOSP-openjdk-git\hotspot\src\share\vm\prims\jni.cpp, line 710]
Event: 23.464 Thread 0x000000001d4aa800 Implicit null exception at 0x000000000425b06f to 0x000000000425b891
Event: 23.532 Thread 0x000000001d4a3000 Implicit null exception at 0x000000000426bbe3 to 0x000000000426c08d
Event: 23.832 Thread 0x000000001d1e5000 Implicit null exception at 0x000000000378f6ac to 0x000000000378f6f5
Event: 158.556 Thread 0x000000001c278800 Implicit null exception at 0x000000000426897e to 0x0000000004269334
Event: 158.770 Thread 0x000000001c278800 Exception <a 'sun/nio/fs/WindowsException'> (0x00000000dafb8168) thrown at [C:\src\AOSP-openjdk-git\hotspot\src\share\vm\prims\jni.cpp, line 710]

Events (10 events):
Event: 158.856 Thread 0x0000000017e1d800 flushing nmethod 0x00000000040417d0
Event: 158.856 Thread 0x0000000017e1d800 flushing nmethod 0x00000000040cb590
Event: 158.857 Thread 0x0000000017e1d800 flushing nmethod 0x00000000040ed310
Event: 158.857 Thread 0x0000000017e1d800 flushing nmethod 0x0000000004167190
Event: 158.857 Thread 0x0000000017e1d800 flushing nmethod 0x0000000004226f10
Event: 158.857 Thread 0x0000000017e1d800 flushing nmethod 0x0000000004243f10
Event: 158.857 Thread 0x0000000017e1d800 flushing nmethod 0x00000000042457d0
Event: 158.857 Thread 0x0000000017e1d800 flushing nmethod 0x000000000425ad10
Event: 158.857 Thread 0x0000000017e1d800 flushing nmethod 0x000000000426b950
Event: 158.858 Thread 0x0000000017e1d800 flushing nmethod 0x00000000042b2b10


Dynamic libraries:
0x00007ff7f6ed0000 - 0x00007ff7f6f01000 	C:\Program Files\Android\Android Studio\jre\bin\java.exe
0x00007fffc4400000 - 0x00007fffc45f0000 	C:\Windows\SYSTEM32\ntdll.dll
0x00007fffc4120000 - 0x00007fffc41d2000 	C:\Windows\System32\KERNEL32.DLL
0x00007fffc2080000 - 0x00007fffc2325000 	C:\Windows\System32\KERNELBASE.dll
0x00007fffc4240000 - 0x00007fffc42e3000 	C:\Windows\System32\ADVAPI32.dll
0x00007fffc42f0000 - 0x00007fffc438e000 	C:\Windows\System32\msvcrt.dll
0x00007fffc2660000 - 0x00007fffc26f7000 	C:\Windows\System32\sechost.dll
0x00007fffc3cc0000 - 0x00007fffc3ddf000 	C:\Windows\System32\RPCRT4.dll
0x00007fffc3380000 - 0x00007fffc3514000 	C:\Windows\System32\USER32.dll
0x00007fffc1e90000 - 0x00007fffc1eb1000 	C:\Windows\System32\win32u.dll
0x00007fffc3350000 - 0x00007fffc3376000 	C:\Windows\System32\GDI32.dll
0x00007fffc1bf0000 - 0x00007fffc1d88000 	C:\Windows\System32\gdi32full.dll
0x00007fffc1fe0000 - 0x00007fffc207e000 	C:\Windows\System32\msvcp_win.dll
0x00007fffc1350000 - 0x00007fffc144a000 	C:\Windows\System32\ucrtbase.dll
0x00007fffa5d40000 - 0x00007fffa5fc4000 	C:\Windows\WinSxS\amd64_microsoft.windows.common-controls_6595b64144ccf1df_6.0.18362.1379_none_9e7ff3b3e45cc0c4\COMCTL32.dll
0x00007fffc3de0000 - 0x00007fffc4117000 	C:\Windows\System32\combase.dll
0x00007fffc1ec0000 - 0x00007fffc1f41000 	C:\Windows\System32\bcryptPrimitives.dll
0x00007fffc3520000 - 0x00007fffc354e000 	C:\Windows\System32\IMM32.DLL
0x0000000073750000 - 0x0000000073822000 	C:\Program Files\Android\Android Studio\jre\jre\bin\msvcr100.dll
0x0000000074f00000 - 0x000000007574b000 	C:\Program Files\Android\Android Studio\jre\jre\bin\server\jvm.dll
0x00007fffc27a0000 - 0x00007fffc27a8000 	C:\Windows\System32\PSAPI.DLL
0x00007fffb47b0000 - 0x00007fffb47ba000 	C:\Windows\SYSTEM32\VERSION.dll
0x00007fffa4070000 - 0x00007fffa4079000 	C:\Windows\SYSTEM32\WSOCK32.dll
0x00007fffbbf00000 - 0x00007fffbbf24000 	C:\Windows\SYSTEM32\WINMM.dll
0x00007fffc32e0000 - 0x00007fffc334f000 	C:\Windows\System32\WS2_32.dll
0x00007fffbbed0000 - 0x00007fffbbefd000 	C:\Windows\SYSTEM32\winmmbase.dll
0x00007fffc1e40000 - 0x00007fffc1e8a000 	C:\Windows\System32\cfgmgr32.dll
0x00007fffb5340000 - 0x00007fffb534f000 	C:\Program Files\Android\Android Studio\jre\jre\bin\verify.dll
0x00007fffb2320000 - 0x00007fffb2349000 	C:\Program Files\Android\Android Studio\jre\jre\bin\java.dll
0x00007fffb5320000 - 0x00007fffb5336000 	C:\Program Files\Android\Android Studio\jre\jre\bin\zip.dll
0x00007fffc29e0000 - 0x00007fffc30c8000 	C:\Windows\System32\SHELL32.dll
0x00007fffc3620000 - 0x00007fffc36c7000 	C:\Windows\System32\shcore.dll
0x00007fffc1450000 - 0x00007fffc1bcb000 	C:\Windows\System32\windows.storage.dll
0x00007fffc12b0000 - 0x00007fffc12d3000 	C:\Windows\System32\profapi.dll
0x00007fffc1300000 - 0x00007fffc134a000 	C:\Windows\System32\powrprof.dll
0x00007fffc1280000 - 0x00007fffc1290000 	C:\Windows\System32\UMPDC.dll
0x00007fffc27b0000 - 0x00007fffc2802000 	C:\Windows\System32\shlwapi.dll
0x00007fffc1290000 - 0x00007fffc12a1000 	C:\Windows\System32\kernel.appcore.dll
0x00007fffc1bd0000 - 0x00007fffc1be7000 	C:\Windows\System32\cryptsp.dll
0x00007fffad080000 - 0x00007fffad09a000 	C:\Program Files\Android\Android Studio\jre\jre\bin\net.dll
0x00007fffc0ac0000 - 0x00007fffc0b27000 	C:\Windows\system32\mswsock.dll
0x00007fffab570000 - 0x00007fffab583000 	C:\Program Files\Android\Android Studio\jre\jre\bin\nio.dll
0x00007fff8c630000 - 0x00007fff8c657000 	C:\Users\abdelmonem.abomoslim\.gradle\native\f6784746aeab05261644944871eae4fe03e0ef1612fff0a4a95f87b438bc6780\windows-amd64\native-platform.dll
0x00007fffb4880000 - 0x00007fffb488d000 	C:\Program Files\Android\Android Studio\jre\jre\bin\management.dll
0x00007fffc0640000 - 0x00007fffc0673000 	C:\Windows\system32\rsaenh.dll
0x00007fffc1f50000 - 0x00007fffc1f76000 	C:\Windows\System32\bcrypt.dll
0x00007fffc11a0000 - 0x00007fffc11c5000 	C:\Windows\SYSTEM32\USERENV.dll
0x00007fffc0c90000 - 0x00007fffc0c9c000 	C:\Windows\SYSTEM32\CRYPTBASE.dll
0x00007fffc07d0000 - 0x00007fffc080a000 	C:\Windows\SYSTEM32\IPHLPAPI.DLL
0x00007fffc2700000 - 0x00007fffc2708000 	C:\Windows\System32\NSI.dll
0x00007fffb95c0000 - 0x00007fffb95d6000 	C:\Windows\SYSTEM32\dhcpcsvc6.DLL
0x00007fffb95e0000 - 0x00007fffb95fc000 	C:\Windows\SYSTEM32\dhcpcsvc.DLL
0x00007fffc0810000 - 0x00007fffc08db000 	C:\Windows\SYSTEM32\DNSAPI.dll
0x00007fffbace0000 - 0x00007fffbaceb000 	C:\Windows\SYSTEM32\WINNSI.DLL
0x00007fffaa720000 - 0x00007fffaa744000 	C:\Program Files\Android\Android Studio\jre\jre\bin\sunec.dll
0x00007fffb8b30000 - 0x00007fffb8b3a000 	C:\Windows\System32\rasadhlp.dll
0x00007fffb9540000 - 0x00007fffb95b7000 	C:\Windows\System32\fwpuclnt.dll
0x00007fffad140000 - 0x00007fffad14b000 	C:\Program Files\Android\Android Studio\jre\jre\bin\sunmscapi.dll
0x00007fffc2330000 - 0x00007fffc247a000 	C:\Windows\System32\CRYPT32.dll
0x00007fffc12e0000 - 0x00007fffc12f2000 	C:\Windows\System32\MSASN1.dll

VM Arguments:
jvm_args: -Xmx2048m -Dfile.encoding=windows-1256 -Duser.country=US -Duser.language=en -Duser.variant 
java_command: org.gradle.launcher.daemon.bootstrap.GradleDaemon 6.5
java_class_path (initial): C:\Users\abdelmonem.abomoslim\.gradle\wrapper\dists\gradle-6.5-all\2oz4ud9k3tuxjg84bbf55q0tn\gradle-6.5\lib\gradle-launcher-6.5.jar
Launcher Type: SUN_STANDARD

Environment Variables:
PATH=C:\Windows\system32;C:\Windows;C:\Windows\System32\Wbem;C:\Windows\System32\WindowsPowerShell\v1.0\;C:\Windows\System32\OpenSSH\;C:\Program Files\Git\cmd;C:\Program Files\nodejs\;C:\Program Files\ojdkbuild\java-1.8.0-openjdk-1.8.0.262-1\missioncontrol\;C:\Program Files\ojdkbuild\java-1.8.0-openjdk-1.8.0.262-1\bin;C:\Program Files\ojdkbuild\java-1.8.0-openjdk-1.8.0.262-1\jre\bin;C:\Program Files\MySQL\MySQL Shell 8.0\bin\;C:\Users\abdelmonem.abomoslim\AppData\Local\Microsoft\WindowsApps;C:\Users\abdelmonem.abomoslim\AppData\Roaming\npm;C:\Users\abdelmonem.abomoslim\AppData\Local\GitHubDesktop\bin
USERNAME=abdelmonem.abomoslim
OS=Windows_NT
PROCESSOR_IDENTIFIER=Intel64 Family 6 Model 158 Stepping 13, GenuineIntel



---------------  S Y S T E M  ---------------

OS: Windows 10.0 , 64 bit Build 18362 (10.0.18362.1350)

CPU:total 12 (initial active 12) (6 cores per cpu, 2 threads per core) family 6 model 158 stepping 13, cmov, cx8, fxsr, mmx, sse, sse2, sse3, ssse3, sse4.1, sse4.2, popcnt, avx, avx2, aes, clmul, erms, 3dnowpref, lzcnt, ht, tsc, tscinvbit, bmi1, bmi2, adx

Memory: 4k page, physical 16554132k(1657040k free), swap 16554132k(5520k free)

vm_info: OpenJDK 64-Bit Server VM (25.242-b01) for windows-amd64 JRE (1.8.0_242-release-1644-b01), built by "builder" with MS VC++ 10.0 (VS2010)

time: Mon Mar 08 22:05:34 2021
timezone: Egypt Standard Time
elapsed time: 158 seconds (0d 0h 2m 38s)

