#
# There is insufficient memory for the Java Runtime Environment to continue.
# Native memory allocation (malloc) failed to allocate 1156656 bytes for Chunk::new
# Possible reasons:
#   The system is out of physical RAM or swap space
#   The process is running with CompressedOops enabled, and the Java Heap may be blocking the growth of the native heap
# Possible solutions:
#   Reduce memory load on the system
#   Increase physical memory or swap space
#   Check if swap backing store is full
#   Decrease Java heap size (-Xmx/-Xms)
#   Decrease number of Java threads
#   Decrease Java thread stack sizes (-Xss)
#   Set larger code cache with -XX:ReservedCodeCacheSize=
#   JVM is running with Unscaled Compressed Oops mode in which the Java heap is
#     placed in the first 4GB address space. The Java Heap base address is the
#     maximum limit for the native heap growth. Please use -XX:HeapBaseMinAddress
#     to set the Java Heap base and to place the Java Heap above 4GB virtual address.
# This output file may be truncated or incomplete.
#
#  Out of Memory Error (allocation.cpp:389), pid=20364, tid=0x00000000000007d0
#
# JRE version: OpenJDK Runtime Environment (8.0_242-b01) (build 1.8.0_242-release-1644-b01)
# Java VM: OpenJDK 64-Bit Server VM (25.242-b01 mixed mode windows-amd64 compressed oops)
# Failed to write core dump. Minidumps are not enabled by default on client versions of Windows
#

---------------  T H R E A D  ---------------

Current thread (0x000000001917e000):  JavaThread "C2 CompilerThread0" daemon [_thread_in_native, id=2000, stack(0x000000001a7c0000,0x000000001a8c0000)]

Stack: [0x000000001a7c0000,0x000000001a8c0000]
[error occurred during error reporting (printing stack bounds), id 0xc0000005]

Native frames: (J=compiled Java code, j=interpreted, Vv=VM code, C=native code)


Current CompileTask:
C2:  12666 6197       4       com.android.repository.impl.manager.LocalRepoLoaderImpl::collectPackages (163 bytes)


---------------  P R O C E S S  ---------------

Java Threads: ( => current thread )
  0x000000001b18d000 JavaThread "Cache worker for file content cache (D:\AndroidStudioProjects\EgyEatsRestaurant\.gradle\6.5\fileContent)" [_thread_blocked, id=4996, stack(0x000000002d9c0000,0x000000002dac0000)]
  0x000000001b18b800 JavaThread "Memory manager" [_thread_blocked, id=21032, stack(0x000000002d650000,0x000000002d750000)]
  0x000000001b18d800 JavaThread "Cache worker for Build Output Cleanup Cache (D:\AndroidStudioProjects\EgyEatsRestaurant\.gradle\buildOutputCleanup)" [_thread_blocked, id=20636, stack(0x000000002d550000,0x000000002d650000)]
  0x000000001b190000 JavaThread "Build operations Thread 12" [_thread_blocked, id=19552, stack(0x000000002d450000,0x000000002d550000)]
  0x0000000020741000 JavaThread "Build operations Thread 11" [_thread_blocked, id=17140, stack(0x000000002d350000,0x000000002d450000)]
  0x000000002073e800 JavaThread "Build operations Thread 10" [_thread_blocked, id=6796, stack(0x000000002b610000,0x000000002b710000)]
  0x000000002073a800 JavaThread "Build operations Thread 9" [_thread_blocked, id=14240, stack(0x000000002b0e0000,0x000000002b1e0000)]
  0x0000000020741800 JavaThread "Build operations Thread 8" [_thread_blocked, id=17236, stack(0x00000000255d0000,0x00000000256d0000)]
  0x000000002073d000 JavaThread "Build operations Thread 7" [_thread_blocked, id=19208, stack(0x00000000254d0000,0x00000000255d0000)]
  0x0000000020740000 JavaThread "Build operations Thread 6" [_thread_blocked, id=4188, stack(0x00000000253d0000,0x00000000254d0000)]
  0x0000000020738800 JavaThread "Build operations Thread 5" [_thread_blocked, id=20296, stack(0x00000000252d0000,0x00000000253d0000)]
  0x000000002073c000 JavaThread "Build operations Thread 4" [_thread_blocked, id=20860, stack(0x00000000251d0000,0x00000000252d0000)]
  0x000000001af96800 JavaThread "Build operations Thread 3" [_thread_blocked, id=15168, stack(0x00000000250d0000,0x00000000251d0000)]
  0x000000001af93800 JavaThread "Build operations Thread 2" [_thread_blocked, id=14860, stack(0x0000000024fd0000,0x00000000250d0000)]
  0x000000001af93000 JavaThread "Build operations" [_thread_blocked, id=14436, stack(0x0000000024ed0000,0x0000000024fd0000)]
  0x000000001af94800 JavaThread "Cache worker for cache directory md-rule (C:\Users\abdelmonem.abomoslim\.gradle\caches\6.5\md-rule)" [_thread_blocked, id=21216, stack(0x0000000024dd0000,0x0000000024ed0000)]
  0x000000001af91800 JavaThread "Cache worker for cache directory md-supplier (C:\Users\abdelmonem.abomoslim\.gradle\caches\6.5\md-supplier)" [_thread_blocked, id=13228, stack(0x0000000024cd0000,0x0000000024dd0000)]
  0x000000001af8a000 JavaThread "Cache worker for checksums cache (D:\AndroidStudioProjects\EgyEatsRestaurant\.gradle\checksums)" [_thread_blocked, id=18592, stack(0x0000000024bd0000,0x0000000024cd0000)]
  0x000000001af90800 JavaThread "Cache worker for file hash cache (D:\AndroidStudioProjects\EgyEatsRestaurant\.gradle\6.5\fileHashes)" [_thread_blocked, id=19572, stack(0x0000000024ad0000,0x0000000024bd0000)]
  0x000000001af90000 JavaThread "Thread-139" [_thread_blocked, id=20340, stack(0x0000000022b00000,0x0000000022c00000)]
  0x000000001af8f000 JavaThread "Stdin handler" [_thread_blocked, id=6932, stack(0x0000000021390000,0x0000000021490000)]
  0x000000001af8e800 JavaThread "Asynchronous log dispatcher for DefaultDaemonConnection: socket connection from /127.0.0.1:60324 to /127.0.0.1:60334" [_thread_blocked, id=19980, stack(0x0000000021290000,0x0000000021390000)]
  0x000000001af8d800 JavaThread "Cancel handler" [_thread_blocked, id=18352, stack(0x0000000021190000,0x0000000021290000)]
  0x000000001af8c000 JavaThread "Handler for socket connection from /127.0.0.1:60324 to /127.0.0.1:60334" [_thread_in_native, id=4328, stack(0x000000001e7f0000,0x000000001e8f0000)]
  0x000000002073f800 JavaThread "jar transforms Thread 92" [_thread_blocked, id=5064, stack(0x000000002afe0000,0x000000002b0e0000)]
  0x0000000020737800 JavaThread "jar transforms Thread 91" [_thread_blocked, id=13112, stack(0x000000002aee0000,0x000000002afe0000)]
  0x000000002073e000 JavaThread "jar transforms Thread 90" [_thread_blocked, id=8988, stack(0x000000002ade0000,0x000000002aee0000)]
  0x0000000020735800 JavaThread "jar transforms Thread 89" [_thread_blocked, id=21444, stack(0x000000002ace0000,0x000000002ade0000)]
  0x000000002073b800 JavaThread "jar transforms Thread 88" [_thread_blocked, id=21800, stack(0x000000002abe0000,0x000000002ace0000)]
  0x0000000020739000 JavaThread "jar transforms Thread 87" [_thread_blocked, id=21328, stack(0x000000002aae0000,0x000000002abe0000)]
  0x0000000020733000 JavaThread "jar transforms Thread 86" [_thread_blocked, id=19240, stack(0x000000002a9e0000,0x000000002aae0000)]
  0x0000000020737000 JavaThread "jar transforms Thread 85" [_thread_blocked, id=11964, stack(0x000000002a8e0000,0x000000002a9e0000)]
  0x0000000020736000 JavaThread "jar transforms Thread 84" [_thread_blocked, id=20988, stack(0x000000002a7e0000,0x000000002a8e0000)]
  0x000000002073a000 JavaThread "jar transforms Thread 83" [_thread_blocked, id=21980, stack(0x000000002a6e0000,0x000000002a7e0000)]
  0x0000000020732800 JavaThread "jar transforms Thread 82" [_thread_blocked, id=20620, stack(0x000000002a5e0000,0x000000002a6e0000)]
  0x0000000020734800 JavaThread "jar transforms Thread 81" [_thread_blocked, id=20888, stack(0x000000002a4e0000,0x000000002a5e0000)]
  0x0000000020734000 JavaThread "jar transforms Thread 80" [_thread_blocked, id=22260, stack(0x000000002a3e0000,0x000000002a4e0000)]
  0x000000001f03a000 JavaThread "jar transforms Thread 79" [_thread_blocked, id=12484, stack(0x000000002a2e0000,0x000000002a3e0000)]
  0x000000001f03b800 JavaThread "jar transforms Thread 78" [_thread_blocked, id=2956, stack(0x000000002a1e0000,0x000000002a2e0000)]
  0x000000001f038800 JavaThread "jar transforms Thread 77" [_thread_blocked, id=11968, stack(0x000000002a0e0000,0x000000002a1e0000)]
  0x000000001f037800 JavaThread "jar transforms Thread 76" [_thread_blocked, id=20504, stack(0x0000000029fe0000,0x000000002a0e0000)]
  0x000000001f039000 JavaThread "jar transforms Thread 75" [_thread_blocked, id=21316, stack(0x0000000029ee0000,0x0000000029fe0000)]
  0x000000001f03a800 JavaThread "jar transforms Thread 74" [_thread_blocked, id=7964, stack(0x0000000029de0000,0x0000000029ee0000)]
  0x000000001f030000 JavaThread "jar transforms Thread 73" [_thread_blocked, id=11896, stack(0x0000000029ce0000,0x0000000029de0000)]
  0x000000001f037000 JavaThread "jar transforms Thread 72" [_thread_blocked, id=13564, stack(0x0000000029be0000,0x0000000029ce0000)]
  0x000000001f036000 JavaThread "jar transforms Thread 71" [_thread_blocked, id=16908, stack(0x0000000029ae0000,0x0000000029be0000)]
  0x000000001f035800 JavaThread "jar transforms Thread 70" [_thread_blocked, id=16276, stack(0x00000000299e0000,0x0000000029ae0000)]
  0x000000001f02e800 JavaThread "jar transforms Thread 69" [_thread_blocked, id=20568, stack(0x00000000298e0000,0x00000000299e0000)]
  0x000000001f034800 JavaThread "jar transforms Thread 68" [_thread_blocked, id=20252, stack(0x00000000297e0000,0x00000000298e0000)]
  0x000000001f033000 JavaThread "jar transforms Thread 67" [_thread_blocked, id=20828, stack(0x00000000296e0000,0x00000000297e0000)]
  0x000000001f032800 JavaThread "jar transforms Thread 66" [_thread_blocked, id=16780, stack(0x00000000295e0000,0x00000000296e0000)]
  0x000000001f034000 JavaThread "jar transforms Thread 65" [_thread_blocked, id=8180, stack(0x00000000294e0000,0x00000000295e0000)]
  0x000000001f02f800 JavaThread "jar transforms Thread 64" [_thread_blocked, id=4944, stack(0x00000000293e0000,0x00000000294e0000)]
  0x000000001f031800 JavaThread "jar transforms Thread 63" [_thread_blocked, id=16704, stack(0x00000000292e0000,0x00000000293e0000)]
  0x000000001f02c800 JavaThread "jar transforms Thread 62" [_thread_blocked, id=18968, stack(0x00000000291e0000,0x00000000292e0000)]
  0x000000001f031000 JavaThread "jar transforms Thread 61" [_thread_blocked, id=21972, stack(0x00000000290e0000,0x00000000291e0000)]
  0x000000001f02e000 JavaThread "jar transforms Thread 60" [_thread_blocked, id=10684, stack(0x0000000028fe0000,0x00000000290e0000)]
  0x000000001f02d000 JavaThread "jar transforms Thread 59" [_thread_blocked, id=11280, stack(0x0000000028ee0000,0x0000000028fe0000)]
  0x000000002287c000 JavaThread "jar transforms Thread 58" [_thread_blocked, id=9656, stack(0x0000000028de0000,0x0000000028ee0000)]
  0x000000002287a000 JavaThread "jar transforms Thread 57" [_thread_blocked, id=17540, stack(0x0000000028ce0000,0x0000000028de0000)]
  0x0000000022879000 JavaThread "jar transforms Thread 56" [_thread_blocked, id=22064, stack(0x0000000028be0000,0x0000000028ce0000)]
  0x000000002287b800 JavaThread "jar transforms Thread 55" [_thread_blocked, id=13804, stack(0x0000000028ae0000,0x0000000028be0000)]
  0x000000002287a800 JavaThread "jar transforms Thread 54" [_thread_blocked, id=10228, stack(0x00000000289e0000,0x0000000028ae0000)]
  0x0000000022871800 JavaThread "jar transforms Thread 53" [_thread_blocked, id=22212, stack(0x00000000288e0000,0x00000000289e0000)]
  0x0000000022878800 JavaThread "jar transforms Thread 52" [_thread_blocked, id=18700, stack(0x00000000287e0000,0x00000000288e0000)]
  0x0000000022871000 JavaThread "jar transforms Thread 51" [_thread_blocked, id=13680, stack(0x00000000286e0000,0x00000000287e0000)]
  0x0000000022876000 JavaThread "jar transforms Thread 50" [_thread_blocked, id=9132, stack(0x00000000285e0000,0x00000000286e0000)]
  0x0000000022877800 JavaThread "jar transforms Thread 49" [_thread_blocked, id=20768, stack(0x00000000284e0000,0x00000000285e0000)]
  0x0000000022877000 JavaThread "jar transforms Thread 48" [_thread_blocked, id=16264, stack(0x00000000283e0000,0x00000000284e0000)]
  0x0000000022875800 JavaThread "jar transforms Thread 47" [_thread_blocked, id=11052, stack(0x00000000282e0000,0x00000000283e0000)]
  0x0000000022872800 JavaThread "jar transforms Thread 46" [_thread_blocked, id=18340, stack(0x00000000281e0000,0x00000000282e0000)]
  0x000000002286e000 JavaThread "jar transforms Thread 45" [_thread_blocked, id=11660, stack(0x00000000280e0000,0x00000000281e0000)]
  0x0000000022874800 JavaThread "jar transforms Thread 44" [_thread_blocked, id=2620, stack(0x0000000027fe0000,0x00000000280e0000)]
  0x0000000022870000 JavaThread "jar transforms Thread 43" [_thread_blocked, id=20484, stack(0x0000000027ee0000,0x0000000027fe0000)]
  0x000000002286f800 JavaThread "jar transforms Thread 42" [_thread_blocked, id=14012, stack(0x0000000027de0000,0x0000000027ee0000)]
  0x000000002286d000 JavaThread "jar transforms Thread 41" [_thread_blocked, id=8452, stack(0x0000000027ce0000,0x0000000027de0000)]
  0x0000000022874000 JavaThread "jar transforms Thread 40" [_thread_blocked, id=21284, stack(0x0000000027be0000,0x0000000027ce0000)]
  0x0000000022873000 JavaThread "jar transforms Thread 39" [_thread_blocked, id=15044, stack(0x0000000027ae0000,0x0000000027be0000)]
  0x000000002286e800 JavaThread "jar transforms Thread 38" [_thread_blocked, id=20444, stack(0x00000000279e0000,0x0000000027ae0000)]
  0x0000000020691800 JavaThread "jar transforms Thread 37" [_thread_blocked, id=3328, stack(0x00000000278e0000,0x00000000279e0000)]
  0x0000000020690000 JavaThread "jar transforms Thread 36" [_thread_blocked, id=5212, stack(0x00000000277e0000,0x00000000278e0000)]
  0x000000002068f000 JavaThread "jar transforms Thread 35" [_thread_blocked, id=3436, stack(0x00000000276e0000,0x00000000277e0000)]
  0x0000000020692000 JavaThread "jar transforms Thread 34" [_thread_blocked, id=9188, stack(0x00000000275e0000,0x00000000276e0000)]
  0x0000000020693000 JavaThread "jar transforms Thread 33" [_thread_blocked, id=18580, stack(0x00000000274e0000,0x00000000275e0000)]
  0x0000000020690800 JavaThread "jar transforms Thread 32" [_thread_blocked, id=1524, stack(0x00000000273e0000,0x00000000274e0000)]
  0x0000000020687800 JavaThread "jar transforms Thread 31" [_thread_blocked, id=7764, stack(0x00000000272e0000,0x00000000273e0000)]
  0x000000002068e800 JavaThread "jar transforms Thread 30" [_thread_blocked, id=6956, stack(0x00000000271e0000,0x00000000272e0000)]
  0x000000002068d800 JavaThread "jar transforms Thread 29" [_thread_blocked, id=19772, stack(0x00000000270e0000,0x00000000271e0000)]
  0x000000002068d000 JavaThread "jar transforms Thread 28" [_thread_blocked, id=14636, stack(0x0000000026fe0000,0x00000000270e0000)]
  0x0000000020685800 JavaThread "jar transforms Thread 27" [_thread_blocked, id=22304, stack(0x0000000026ee0000,0x0000000026fe0000)]
  0x0000000020687000 JavaThread "jar transforms Thread 26" [_thread_blocked, id=11920, stack(0x0000000026de0000,0x0000000026ee0000)]
  0x0000000020686000 JavaThread "jar transforms Thread 25" [_thread_blocked, id=11904, stack(0x0000000026ce0000,0x0000000026de0000)]
  0x000000002068c000 JavaThread "jar transforms Thread 24" [_thread_blocked, id=10584, stack(0x0000000026be0000,0x0000000026ce0000)]
  0x0000000020684800 JavaThread "jar transforms Thread 23" [_thread_blocked, id=21508, stack(0x0000000026ae0000,0x0000000026be0000)]
  0x000000002068b800 JavaThread "jar transforms Thread 22" [_thread_blocked, id=19728, stack(0x00000000269e0000,0x0000000026ae0000)]
  0x000000002068a000 JavaThread "jar transforms Thread 21" [_thread_blocked, id=22308, stack(0x00000000268e0000,0x00000000269e0000)]
  0x0000000020684000 JavaThread "jar transforms Thread 20" [_thread_blocked, id=8508, stack(0x00000000267e0000,0x00000000268e0000)]
  0x0000000020689000 JavaThread "jar transforms Thread 19" [_thread_blocked, id=11724, stack(0x00000000266e0000,0x00000000267e0000)]
  0x0000000020688800 JavaThread "jar transforms Thread 18" [_thread_blocked, id=21384, stack(0x00000000265e0000,0x00000000266e0000)]
  0x000000002068a800 JavaThread "jar transforms Thread 17" [_thread_blocked, id=9280, stack(0x00000000264e0000,0x00000000265e0000)]
  0x000000001c85b800 JavaThread "jar transforms Thread 16" [_thread_blocked, id=3176, stack(0x00000000263e0000,0x00000000264e0000)]
  0x000000001c85b000 JavaThread "jar transforms Thread 15" [_thread_blocked, id=16472, stack(0x00000000262e0000,0x00000000263e0000)]
  0x000000001c85a000 JavaThread "jar transforms Thread 14" [_thread_blocked, id=19836, stack(0x00000000261e0000,0x00000000262e0000)]
  0x000000001c859800 JavaThread "jar transforms Thread 13" [_thread_blocked, id=18836, stack(0x00000000260e0000,0x00000000261e0000)]
  0x000000001c85c800 JavaThread "jar transforms Thread 12" [_thread_blocked, id=18312, stack(0x0000000025fe0000,0x00000000260e0000)]
  0x000000001c858000 JavaThread "jar transforms Thread 11" [_thread_blocked, id=3488, stack(0x00000000249d0000,0x0000000024ad0000)]
  0x000000001c85d000 JavaThread "jar transforms Thread 10" [_thread_blocked, id=19892, stack(0x0000000025ee0000,0x0000000025fe0000)]
  0x000000001c857000 JavaThread "jar transforms Thread 9" [_thread_blocked, id=21428, stack(0x0000000025de0000,0x0000000025ee0000)]
  0x000000001c858800 JavaThread "jar transforms Thread 8" [_thread_blocked, id=7900, stack(0x0000000025ce0000,0x0000000025de0000)]
  0x000000001c856800 JavaThread "jar transforms Thread 7" [_thread_blocked, id=5052, stack(0x0000000025be0000,0x0000000025ce0000)]
  0x000000001af92000 JavaThread "jar transforms Thread 6" [_thread_blocked, id=2752, stack(0x0000000025ae0000,0x0000000025be0000)]
  0x000000001af98000 JavaThread "jar transforms Thread 5" [_thread_blocked, id=19620, stack(0x00000000259e0000,0x0000000025ae0000)]
  0x000000001af97800 JavaThread "jar transforms Thread 4" [_thread_blocked, id=7196, stack(0x00000000258e0000,0x00000000259e0000)]
  0x000000001af96000 JavaThread "jar transforms Thread 3" [_thread_blocked, id=13520, stack(0x00000000257e0000,0x00000000258e0000)]
  0x000000001af95000 JavaThread "jar transforms Thread 2" [_thread_blocked, id=14420, stack(0x00000000256e0000,0x00000000257e0000)]
  0x000000001b192800 JavaThread "Cache worker for file content cache (C:\Users\abdelmonem.abomoslim\.gradle\caches\6.5\fileContent)" [_thread_blocked, id=6964, stack(0x0000000023300000,0x0000000023400000)]
  0x000000001b191800 JavaThread "jar transforms" [_thread_blocked, id=300, stack(0x0000000023200000,0x0000000023300000)]
  0x000000001b190800 JavaThread "Cache worker for execution history cache (C:\Users\abdelmonem.abomoslim\.gradle\caches\6.5\executionHistory)" [_thread_blocked, id=21236, stack(0x0000000021750000,0x0000000021850000)]
  0x000000001b18f000 JavaThread "Cache worker for file hash cache (C:\Users\abdelmonem.abomoslim\.gradle\caches\6.5\fileHashes)" [_thread_blocked, id=18936, stack(0x000000001eef0000,0x000000001eff0000)]
  0x000000001b18e800 JavaThread "File lock request listener" [_thread_in_native, id=10176, stack(0x000000001edf0000,0x000000001eef0000)]
  0x000000001aed5800 JavaThread "Cache worker for journal cache (C:\Users\abdelmonem.abomoslim\.gradle\caches\journal-1)" [_thread_blocked, id=8012, stack(0x000000001ecf0000,0x000000001edf0000)]
  0x000000001b5bd800 JavaThread "Daemon worker" [_thread_in_native, id=20652, stack(0x000000001e6f0000,0x000000001e7f0000)]
  0x000000001d06e800 JavaThread "Daemon" [_thread_blocked, id=11744, stack(0x000000001e2f0000,0x000000001e3f0000)]
  0x000000001d007800 JavaThread "Daemon periodic checks" [_thread_blocked, id=3084, stack(0x000000001dff0000,0x000000001e0f0000)]
  0x000000001cee6000 JavaThread "Incoming local TCP Connector on port 60324" [_thread_in_native, id=8820, stack(0x000000001ddb0000,0x000000001deb0000)]
  0x000000001cf54000 JavaThread "Daemon health stats" [_thread_blocked, id=19840, stack(0x000000001c590000,0x000000001c690000)]
  0x000000001924f000 JavaThread "Service Thread" daemon [_thread_blocked, id=16484, stack(0x000000001abc0000,0x000000001acc0000)]
  0x0000000019187800 JavaThread "C1 CompilerThread3" daemon [_thread_blocked, id=21968, stack(0x000000001aac0000,0x000000001abc0000)]
  0x0000000019186800 JavaThread "C2 CompilerThread2" daemon [_thread_blocked, id=16204, stack(0x000000001a9c0000,0x000000001aac0000)]
  0x0000000019183800 JavaThread "C2 CompilerThread1" daemon [_thread_blocked, id=13204, stack(0x000000001a8c0000,0x000000001a9c0000)]
=>0x000000001917e000 JavaThread "C2 CompilerThread0" daemon [_thread_in_native, id=2000, stack(0x000000001a7c0000,0x000000001a8c0000)]
  0x00000000191cb000 JavaThread "Attach Listener" daemon [_thread_blocked, id=16736, stack(0x000000001a6c0000,0x000000001a7c0000)]
  0x00000000191ca800 JavaThread "Signal Dispatcher" daemon [_thread_blocked, id=21948, stack(0x000000001a5c0000,0x000000001a6c0000)]
  0x0000000017a91800 JavaThread "Finalizer" daemon [_thread_blocked, id=7100, stack(0x000000001a3c0000,0x000000001a4c0000)]
  0x0000000019163000 JavaThread "Reference Handler" daemon [_thread_blocked, id=13480, stack(0x000000001a2c0000,0x000000001a3c0000)]
  0x000000000261e800 JavaThread "main" [_thread_blocked, id=4888, stack(0x0000000002620000,0x0000000002720000)]

Other Threads:
  0x0000000019142000 VMThread [stack: 0x000000001a1c0000,0x000000001a2c0000] [id=6240]
  0x0000000017a9e800 WatcherThread [stack: 0x000000001acc0000,0x000000001adc0000] [id=20772]

VM state:not at safepoint (normal execution)

VM Mutex/Monitor currently owned by a thread: None

heap address: 0x0000000080000000, size: 2048 MB, Compressed Oops mode: 32-bit
Narrow klass base: 0x0000000000000000, Narrow klass shift: 3
Compressed class space size: 1073741824 Address: 0x0000000100000000

Heap:
 PSYoungGen      total 337408K, used 28535K [0x00000000d5580000, 0x00000000eb600000, 0x0000000100000000)
  eden space 313856K, 5% used [0x00000000d5580000,0x00000000d6738fd0,0x00000000e8800000)
  from space 23552K, 44% used [0x00000000e8800000,0x00000000e9225000,0x00000000e9f00000)
  to   space 18432K, 0% used [0x00000000ea080000,0x00000000ea080000,0x00000000eb280000)
 ParOldGen       total 220160K, used 36624K [0x0000000080000000, 0x000000008d700000, 0x00000000d5580000)
  object space 220160K, 16% used [0x0000000080000000,0x00000000823c4140,0x000000008d700000)
 Metaspace       used 63743K, capacity 66294K, committed 66472K, reserved 1105920K
  class space    used 8581K, capacity 9122K, committed 9136K, reserved 1048576K

Card table byte_map: [0x0000000011be0000,0x0000000011ff0000] byte_map_base: 0x00000000117e0000

Marking Bits: (ParMarkBitMap*) 0x000000005250f030
 Begin Bits: [0x0000000012ca0000, 0x0000000014ca0000)
 End Bits:   [0x0000000014ca0000, 0x0000000016ca0000)

Polling page: 0x0000000000730000

CodeCache: size=245760Kb used=18004Kb max_used=18066Kb free=227755Kb
 bounds [0x0000000002820000, 0x00000000039f0000, 0x0000000011820000]
 total_blobs=6206 nmethods=5423 adapters=696
 compilation: enabled

Compilation events (10 events):
Event: 12.561 Thread 0x0000000019183800 nmethod 6196 0x00000000031c0750 code [0x00000000031c0960, 0x00000000031c1440]
Event: 12.561 Thread 0x0000000019183800 6199       4       sun.nio.fs.WindowsFileSystemProvider::newDirectoryStream (31 bytes)
Event: 12.562 Thread 0x0000000019183800 nmethod 6199 0x0000000002ff6410 code [0x0000000002ff6580, 0x0000000002ff6708]
Event: 12.562 Thread 0x0000000019183800 6200   !   4       java.nio.file.Files::list (66 bytes)
Event: 12.572 Thread 0x0000000019183800 nmethod 6200 0x0000000002e18010 code [0x0000000002e18220, 0x0000000002e18ef8]
Event: 12.572 Thread 0x0000000019183800 6201       4       java.io.File::getName (42 bytes)
Event: 12.577 Thread 0x0000000019183800 nmethod 6201 0x0000000002c97110 code [0x0000000002c97280, 0x0000000002c977a8]
Event: 12.581 Thread 0x0000000019183800 6202       4       java.util.stream.Sink$ChainedReference::begin (11 bytes)
Event: 12.586 Thread 0x0000000019183800 nmethod 6202 0x000000000358b810 code [0x000000000358b9a0, 0x000000000358bf10]
Event: 12.594 Thread 0x0000000019186800 nmethod 6198 0x0000000002edfad0 code [0x0000000002edfe40, 0x0000000002ee1e70]

GC Heap History (10 events):
Event: 3.047 GC heap before
{Heap before GC invocations=8 (full 2):
 PSYoungGen      total 231424K, used 8250K [0x00000000d5580000, 0x00000000e4c00000, 0x0000000100000000)
  eden space 216064K, 0% used [0x00000000d5580000,0x00000000d5580000,0x00000000e2880000)
  from space 15360K, 53% used [0x00000000e3700000,0x00000000e3f0eae8,0x00000000e4600000)
  to   space 14848K, 0% used [0x00000000e2880000,0x00000000e2880000,0x00000000e3700000)
 ParOldGen       total 94208K, used 11070K [0x0000000080000000, 0x0000000085c00000, 0x00000000d5580000)
  object space 94208K, 11% used [0x0000000080000000,0x0000000080acfa20,0x0000000085c00000)
 Metaspace       used 34320K, capacity 35414K, committed 35496K, reserved 1079296K
  class space    used 4720K, capacity 5002K, committed 5040K, reserved 1048576K
Event: 3.079 GC heap after
Heap after GC invocations=8 (full 2):
 PSYoungGen      total 231424K, used 0K [0x00000000d5580000, 0x00000000e4c00000, 0x0000000100000000)
  eden space 216064K, 0% used [0x00000000d5580000,0x00000000d5580000,0x00000000e2880000)
  from space 15360K, 0% used [0x00000000e3700000,0x00000000e3700000,0x00000000e4600000)
  to   space 14848K, 0% used [0x00000000e2880000,0x00000000e2880000,0x00000000e3700000)
 ParOldGen       total 144384K, used 14686K [0x0000000080000000, 0x0000000088d00000, 0x00000000d5580000)
  object space 144384K, 10% used [0x0000000080000000,0x0000000080e57920,0x0000000088d00000)
 Metaspace       used 34320K, capacity 35414K, committed 35496K, reserved 1079296K
  class space    used 4720K, capacity 5002K, committed 5040K, reserved 1048576K
}
Event: 4.007 GC heap before
{Heap before GC invocations=9 (full 2):
 PSYoungGen      total 231424K, used 216064K [0x00000000d5580000, 0x00000000e4c00000, 0x0000000100000000)
  eden space 216064K, 100% used [0x00000000d5580000,0x00000000e2880000,0x00000000e2880000)
  from space 15360K, 0% used [0x00000000e3700000,0x00000000e3700000,0x00000000e4600000)
  to   space 14848K, 0% used [0x00000000e2880000,0x00000000e2880000,0x00000000e3700000)
 ParOldGen       total 144384K, used 14686K [0x0000000080000000, 0x0000000088d00000, 0x00000000d5580000)
  object space 144384K, 10% used [0x0000000080000000,0x0000000080e57920,0x0000000088d00000)
 Metaspace       used 45762K, capacity 47646K, committed 47784K, reserved 1091584K
  class space    used 6188K, capacity 6562K, committed 6576K, reserved 1048576K
Event: 4.018 GC heap after
Heap after GC invocations=9 (full 2):
 PSYoungGen      total 230912K, used 14825K [0x00000000d5580000, 0x00000000eb280000, 0x0000000100000000)
  eden space 216064K, 0% used [0x00000000d5580000,0x00000000d5580000,0x00000000e2880000)
  from space 14848K, 99% used [0x00000000e2880000,0x00000000e36fa6b0,0x00000000e3700000)
  to   space 18432K, 0% used [0x00000000ea080000,0x00000000ea080000,0x00000000eb280000)
 ParOldGen       total 144384K, used 17459K [0x0000000080000000, 0x0000000088d00000, 0x00000000d5580000)
  object space 144384K, 12% used [0x0000000080000000,0x000000008110cff0,0x0000000088d00000)
 Metaspace       used 45762K, capacity 47646K, committed 47784K, reserved 1091584K
  class space    used 6188K, capacity 6562K, committed 6576K, reserved 1048576K
}
Event: 5.151 GC heap before
{Heap before GC invocations=10 (full 2):
 PSYoungGen      total 230912K, used 146327K [0x00000000d5580000, 0x00000000eb280000, 0x0000000100000000)
  eden space 216064K, 60% used [0x00000000d5580000,0x00000000dd5eb858,0x00000000e2880000)
  from space 14848K, 99% used [0x00000000e2880000,0x00000000e36fa6b0,0x00000000e3700000)
  to   space 18432K, 0% used [0x00000000ea080000,0x00000000ea080000,0x00000000eb280000)
 ParOldGen       total 144384K, used 17459K [0x0000000080000000, 0x0000000088d00000, 0x00000000d5580000)
  object space 144384K, 12% used [0x0000000080000000,0x000000008110cff0,0x0000000088d00000)
 Metaspace       used 56454K, capacity 59006K, committed 59160K, reserved 1099776K
  class space    used 7743K, capacity 8252K, committed 8368K, reserved 1048576K
Event: 5.165 GC heap after
Heap after GC invocations=10 (full 2):
 PSYoungGen      total 332288K, used 18415K [0x00000000d5580000, 0x00000000eb600000, 0x0000000100000000)
  eden space 313856K, 0% used [0x00000000d5580000,0x00000000d5580000,0x00000000e8800000)
  from space 18432K, 99% used [0x00000000ea080000,0x00000000eb27be78,0x00000000eb280000)
  to   space 23552K, 0% used [0x00000000e8800000,0x00000000e8800000,0x00000000e9f00000)
 ParOldGen       total 144384K, used 23823K [0x0000000080000000, 0x0000000088d00000, 0x00000000d5580000)
  object space 144384K, 16% used [0x0000000080000000,0x0000000081743ce8,0x0000000088d00000)
 Metaspace       used 56454K, capacity 59006K, committed 59160K, reserved 1099776K
  class space    used 7743K, capacity 8252K, committed 8368K, reserved 1048576K
}
Event: 5.165 GC heap before
{Heap before GC invocations=11 (full 3):
 PSYoungGen      total 332288K, used 18415K [0x00000000d5580000, 0x00000000eb600000, 0x0000000100000000)
  eden space 313856K, 0% used [0x00000000d5580000,0x00000000d5580000,0x00000000e8800000)
  from space 18432K, 99% used [0x00000000ea080000,0x00000000eb27be78,0x00000000eb280000)
  to   space 23552K, 0% used [0x00000000e8800000,0x00000000e8800000,0x00000000e9f00000)
 ParOldGen       total 144384K, used 23823K [0x0000000080000000, 0x0000000088d00000, 0x00000000d5580000)
  object space 144384K, 16% used [0x0000000080000000,0x0000000081743ce8,0x0000000088d00000)
 Metaspace       used 56454K, capacity 59006K, committed 59160K, reserved 1099776K
  class space    used 7743K, capacity 8252K, committed 8368K, reserved 1048576K
Event: 5.310 GC heap after
Heap after GC invocations=11 (full 3):
 PSYoungGen      total 332288K, used 0K [0x00000000d5580000, 0x00000000eb600000, 0x0000000100000000)
  eden space 313856K, 0% used [0x00000000d5580000,0x00000000d5580000,0x00000000e8800000)
  from space 18432K, 0% used [0x00000000ea080000,0x00000000ea080000,0x00000000eb280000)
  to   space 23552K, 0% used [0x00000000e8800000,0x00000000e8800000,0x00000000e9f00000)
 ParOldGen       total 220160K, used 36616K [0x0000000080000000, 0x000000008d700000, 0x00000000d5580000)
  object space 220160K, 16% used [0x0000000080000000,0x00000000823c2140,0x000000008d700000)
 Metaspace       used 56351K, capacity 58664K, committed 59160K, reserved 1099776K
  class space    used 7711K, capacity 8195K, committed 8368K, reserved 1048576K
}
Event: 12.424 GC heap before
{Heap before GC invocations=12 (full 3):
 PSYoungGen      total 332288K, used 313856K [0x00000000d5580000, 0x00000000eb600000, 0x0000000100000000)
  eden space 313856K, 100% used [0x00000000d5580000,0x00000000e8800000,0x00000000e8800000)
  from space 18432K, 0% used [0x00000000ea080000,0x00000000ea080000,0x00000000eb280000)
  to   space 23552K, 0% used [0x00000000e8800000,0x00000000e8800000,0x00000000e9f00000)
 ParOldGen       total 220160K, used 36616K [0x0000000080000000, 0x000000008d700000, 0x00000000d5580000)
  object space 220160K, 16% used [0x0000000080000000,0x00000000823c2140,0x000000008d700000)
 Metaspace       used 63742K, capacity 66294K, committed 66472K, reserved 1105920K
  class space    used 8581K, capacity 9122K, committed 9136K, reserved 1048576K
Event: 12.432 GC heap after
Heap after GC invocations=12 (full 3):
 PSYoungGen      total 337408K, used 10388K [0x00000000d5580000, 0x00000000eb600000, 0x0000000100000000)
  eden space 313856K, 0% used [0x00000000d5580000,0x00000000d5580000,0x00000000e8800000)
  from space 23552K, 44% used [0x00000000e8800000,0x00000000e9225000,0x00000000e9f00000)
  to   space 18432K, 0% used [0x00000000ea080000,0x00000000ea080000,0x00000000eb280000)
 ParOldGen       total 220160K, used 36624K [0x0000000080000000, 0x000000008d700000, 0x00000000d5580000)
  object space 220160K, 16% used [0x0000000080000000,0x00000000823c4140,0x000000008d700000)
 Metaspace       used 63742K, capacity 66294K, committed 66472K, reserved 1105920K
  class space    used 8581K, capacity 9122K, committed 9136K, reserved 1048576K
}

Deoptimization events (10 events):
Event: 10.278 Thread 0x000000001b5bd800 Uncommon trap: reason=unstable_if action=reinterpret pc=0x00000000033d251c method=java.io.WinNTFileSystem.normalize(Ljava/lang/String;)Ljava/lang/String; @ 74
Event: 10.341 Thread 0x000000001b5bd800 Uncommon trap: reason=unstable_if action=reinterpret pc=0x000000000295fc30 method=java.util.Properties$LineReader.readLine()I @ 37
Event: 10.360 Thread 0x000000001b5bd800 Uncommon trap: reason=bimorphic action=maybe_recompile pc=0x000000000373fa54 method=java.util.regex.Pattern$5.isSatisfiedBy(I)Z @ 16
Event: 10.360 Thread 0x000000001b5bd800 Uncommon trap: reason=bimorphic action=maybe_recompile pc=0x000000000373fa54 method=java.util.regex.Pattern$5.isSatisfiedBy(I)Z @ 16
Event: 10.360 Thread 0x000000001b5bd800 Uncommon trap: reason=bimorphic action=maybe_recompile pc=0x000000000373fa54 method=java.util.regex.Pattern$5.isSatisfiedBy(I)Z @ 16
Event: 10.360 Thread 0x000000001b5bd800 Uncommon trap: reason=bimorphic action=maybe_recompile pc=0x000000000373fa54 method=java.util.regex.Pattern$5.isSatisfiedBy(I)Z @ 16
Event: 10.510 Thread 0x000000001b5bd800 Uncommon trap: reason=unstable_if action=reinterpret pc=0x0000000002e0bee8 method=java.util.regex.Pattern$BmpCharProperty.match(Ljava/util/regex/Matcher;ILjava/lang/CharSequence;)Z @ 34
Event: 10.514 Thread 0x000000001b5bd800 Uncommon trap: reason=unstable_if action=reinterpret pc=0x0000000003776698 method=com.sun.org.apache.xerces.internal.impl.XMLEntityScanner.scanLiteral(ILcom/sun/org/apache/xerces/internal/xni/XMLString;Z)I @ 660
Event: 10.520 Thread 0x000000001b5bd800 Uncommon trap: reason=unstable_if action=reinterpret pc=0x00000000034bb39c method=java.lang.CharacterDataLatin1.digit(II)I @ 31
Event: 10.528 Thread 0x000000001b5bd800 Uncommon trap: reason=unstable_if action=reinterpret pc=0x0000000003704c98 method=com.google.gson.stream.JsonReader.doPeek()I @ 315

Classes redefined (0 events):
No events

Internal exceptions (10 events):
Event: 12.664 Thread 0x000000001b5bd800 Exception <a 'sun/nio/fs/WindowsException'> (0x00000000d6622410) thrown at [C:\src\AOSP-openjdk-git\hotspot\src\share\vm\prims\jni.cpp, line 710]
Event: 12.664 Thread 0x000000001b5bd800 Exception <a 'sun/nio/fs/WindowsException'> (0x00000000d6622e10) thrown at [C:\src\AOSP-openjdk-git\hotspot\src\share\vm\prims\jni.cpp, line 710]
Event: 12.665 Thread 0x000000001b5bd800 Exception <a 'sun/nio/fs/WindowsException'> (0x00000000d6626600) thrown at [C:\src\AOSP-openjdk-git\hotspot\src\share\vm\prims\jni.cpp, line 710]
Event: 12.665 Thread 0x000000001b5bd800 Exception <a 'sun/nio/fs/WindowsException'> (0x00000000d66270f8) thrown at [C:\src\AOSP-openjdk-git\hotspot\src\share\vm\prims\jni.cpp, line 710]
Event: 12.665 Thread 0x000000001b5bd800 Exception <a 'sun/nio/fs/WindowsException'> (0x00000000d6629420) thrown at [C:\src\AOSP-openjdk-git\hotspot\src\share\vm\prims\jni.cpp, line 710]
Event: 12.665 Thread 0x000000001b5bd800 Exception <a 'sun/nio/fs/WindowsException'> (0x00000000d6629e20) thrown at [C:\src\AOSP-openjdk-git\hotspot\src\share\vm\prims\jni.cpp, line 710]
Event: 12.665 Thread 0x000000001b5bd800 Exception <a 'sun/nio/fs/WindowsException'> (0x00000000d662d610) thrown at [C:\src\AOSP-openjdk-git\hotspot\src\share\vm\prims\jni.cpp, line 710]
Event: 12.665 Thread 0x000000001b5bd800 Exception <a 'sun/nio/fs/WindowsException'> (0x00000000d662e108) thrown at [C:\src\AOSP-openjdk-git\hotspot\src\share\vm\prims\jni.cpp, line 710]
Event: 12.665 Thread 0x000000001b5bd800 Exception <a 'sun/nio/fs/WindowsException'> (0x00000000d6630430) thrown at [C:\src\AOSP-openjdk-git\hotspot\src\share\vm\prims\jni.cpp, line 710]
Event: 12.665 Thread 0x000000001b5bd800 Exception <a 'sun/nio/fs/WindowsException'> (0x00000000d6630e30) thrown at [C:\src\AOSP-openjdk-git\hotspot\src\share\vm\prims\jni.cpp, line 710]

Events (10 events):
Event: 12.436 Executing VM operation: RevokeBias
Event: 12.436 Executing VM operation: RevokeBias done
Event: 12.437 Executing VM operation: RevokeBias
Event: 12.437 Executing VM operation: RevokeBias done
Event: 12.437 Executing VM operation: RevokeBias
Event: 12.437 Executing VM operation: RevokeBias done
Event: 12.437 Executing VM operation: RevokeBias
Event: 12.437 Executing VM operation: RevokeBias done
Event: 12.445 Thread 0x0000000019183800 flushing nmethod 0x0000000002a51a90
Event: 12.468 Thread 0x0000000019183800 flushing nmethod 0x0000000002c96e90


Dynamic libraries:
0x00007ff665f80000 - 0x00007ff665fb1000 	C:\Program Files\Android\Android Studio\jre\bin\java.exe
0x00007ffe68be0000 - 0x00007ffe68dd0000 	C:\Windows\SYSTEM32\ntdll.dll
0x00007ffe66e10000 - 0x00007ffe66ec2000 	C:\Windows\System32\KERNEL32.DLL
0x00007ffe65c20000 - 0x00007ffe65ec5000 	C:\Windows\System32\KERNELBASE.dll
0x00007ffe66ed0000 - 0x00007ffe66f73000 	C:\Windows\System32\ADVAPI32.dll
0x00007ffe67010000 - 0x00007ffe670ae000 	C:\Windows\System32\msvcrt.dll
0x00007ffe67460000 - 0x00007ffe674f7000 	C:\Windows\System32\sechost.dll
0x00007ffe672e0000 - 0x00007ffe673ff000 	C:\Windows\System32\RPCRT4.dll
0x00007ffe67600000 - 0x00007ffe67794000 	C:\Windows\System32\USER32.dll
0x00007ffe660e0000 - 0x00007ffe66101000 	C:\Windows\System32\win32u.dll
0x00007ffe67fd0000 - 0x00007ffe67ff6000 	C:\Windows\System32\GDI32.dll
0x00007ffe66ac0000 - 0x00007ffe66c58000 	C:\Windows\System32\gdi32full.dll
0x00007ffe66240000 - 0x00007ffe662de000 	C:\Windows\System32\msvcp_win.dll
0x00007ffe65b20000 - 0x00007ffe65c1a000 	C:\Windows\System32\ucrtbase.dll
0x00007ffe52380000 - 0x00007ffe52604000 	C:\Windows\WinSxS\amd64_microsoft.windows.common-controls_6595b64144ccf1df_6.0.18362.1440_none_9e7dbfb9e45e8e67\COMCTL32.dll
0x00007ffe67c10000 - 0x00007ffe67f46000 	C:\Windows\System32\combase.dll
0x00007ffe66030000 - 0x00007ffe660b1000 	C:\Windows\System32\bcryptPrimitives.dll
0x00007ffe675d0000 - 0x00007ffe675fe000 	C:\Windows\System32\IMM32.DLL
0x0000000051c60000 - 0x0000000051d32000 	C:\Program Files\Android\Android Studio\jre\jre\bin\msvcr100.dll
0x0000000051d40000 - 0x000000005258b000 	C:\Program Files\Android\Android Studio\jre\jre\bin\server\jvm.dll
0x00007ffe68470000 - 0x00007ffe68478000 	C:\Windows\System32\PSAPI.DLL
0x00007ffe4a850000 - 0x00007ffe4a859000 	C:\Windows\SYSTEM32\WSOCK32.dll
0x00007ffe5cfc0000 - 0x00007ffe5cfca000 	C:\Windows\SYSTEM32\VERSION.dll
0x00007ffe66fa0000 - 0x00007ffe6700f000 	C:\Windows\System32\WS2_32.dll
0x00007ffe63b10000 - 0x00007ffe63b34000 	C:\Windows\SYSTEM32\WINMM.dll
0x00007ffe63ae0000 - 0x00007ffe63b0d000 	C:\Windows\SYSTEM32\winmmbase.dll
0x00007ffe661f0000 - 0x00007ffe6623a000 	C:\Windows\System32\cfgmgr32.dll
0x00007ffe5f780000 - 0x00007ffe5f78f000 	C:\Program Files\Android\Android Studio\jre\jre\bin\verify.dll
0x00007ffe59cb0000 - 0x00007ffe59cd9000 	C:\Program Files\Android\Android Studio\jre\jre\bin\java.dll
0x00007ffe51a70000 - 0x00007ffe51a86000 	C:\Program Files\Android\Android Studio\jre\jre\bin\zip.dll
0x00007ffe68480000 - 0x00007ffe68b68000 	C:\Windows\System32\SHELL32.dll
0x00007ffe68360000 - 0x00007ffe68407000 	C:\Windows\System32\shcore.dll
0x00007ffe66340000 - 0x00007ffe66abb000 	C:\Windows\System32\windows.storage.dll
0x00007ffe65a90000 - 0x00007ffe65aae000 	C:\Windows\System32\profapi.dll
0x00007ffe65ad0000 - 0x00007ffe65b1a000 	C:\Windows\System32\powrprof.dll
0x00007ffe65a60000 - 0x00007ffe65a70000 	C:\Windows\System32\UMPDC.dll
0x00007ffe66c60000 - 0x00007ffe66cb2000 	C:\Windows\System32\shlwapi.dll
0x00007ffe65ab0000 - 0x00007ffe65ac1000 	C:\Windows\System32\kernel.appcore.dll
0x00007ffe660c0000 - 0x00007ffe660d7000 	C:\Windows\System32\cryptsp.dll
0x00007ffe51760000 - 0x00007ffe5177a000 	C:\Program Files\Android\Android Studio\jre\jre\bin\net.dll
0x00007ffe652a0000 - 0x00007ffe65307000 	C:\Windows\system32\mswsock.dll
0x00007ffe51740000 - 0x00007ffe51753000 	C:\Program Files\Android\Android Studio\jre\jre\bin\nio.dll
0x00007ffe40d50000 - 0x00007ffe40d77000 	C:\Users\abdelmonem.abomoslim\.gradle\native\f6784746aeab05261644944871eae4fe03e0ef1612fff0a4a95f87b438bc6780\windows-amd64\native-platform.dll
0x00007ffe5e910000 - 0x00007ffe5e91d000 	C:\Program Files\Android\Android Studio\jre\jre\bin\management.dll
0x00007ffe64e20000 - 0x00007ffe64e53000 	C:\Windows\system32\rsaenh.dll
0x00007ffe661c0000 - 0x00007ffe661e6000 	C:\Windows\System32\bcrypt.dll
0x00007ffe65940000 - 0x00007ffe65965000 	C:\Windows\SYSTEM32\USERENV.dll
0x00007ffe65470000 - 0x00007ffe6547c000 	C:\Windows\SYSTEM32\CRYPTBASE.dll
0x00007ffe64fb0000 - 0x00007ffe64fea000 	C:\Windows\SYSTEM32\IPHLPAPI.DLL
0x00007ffe66e00000 - 0x00007ffe66e08000 	C:\Windows\System32\NSI.dll
0x00007ffe62180000 - 0x00007ffe62196000 	C:\Windows\SYSTEM32\dhcpcsvc6.DLL
0x00007ffe62160000 - 0x00007ffe6217c000 	C:\Windows\SYSTEM32\dhcpcsvc.DLL
0x00007ffe64ff0000 - 0x00007ffe650bb000 	C:\Windows\SYSTEM32\DNSAPI.dll
0x00007ffe627c0000 - 0x00007ffe627cb000 	C:\Windows\SYSTEM32\WINNSI.DLL

VM Arguments:
jvm_args: -Xmx2048m -Dfile.encoding=windows-1256 -Duser.country=US -Duser.language=en -Duser.variant 
java_command: org.gradle.launcher.daemon.bootstrap.GradleDaemon 6.5
java_class_path (initial): C:\Users\abdelmonem.abomoslim\.gradle\wrapper\dists\gradle-6.5-all\2oz4ud9k3tuxjg84bbf55q0tn\gradle-6.5\lib\gradle-launcher-6.5.jar
Launcher Type: SUN_STANDARD

Environment Variables:
PATH=C:\Windows\system32;C:\Windows;C:\Windows\System32\Wbem;C:\Windows\System32\WindowsPowerShell\v1.0\;C:\Windows\System32\OpenSSH\;C:\Program Files\Git\cmd;C:\Program Files\nodejs\;C:\Program Files\ojdkbuild\java-1.8.0-openjdk-1.8.0.262-1\missioncontrol\;C:\Program Files\ojdkbuild\java-1.8.0-openjdk-1.8.0.262-1\bin;C:\Program Files\ojdkbuild\java-1.8.0-openjdk-1.8.0.262-1\jre\bin;C:\Program Files\MySQL\MySQL Shell 8.0\bin\;C:\Users\abdelmonem.abomoslim\AppData\Local\Microsoft\WindowsApps;C:\Users\abdelmonem.abomoslim\AppData\Roaming\npm;C:\Users\abdelmonem.abomoslim\AppData\Local\GitHubDesktop\bin
USERNAME=abdelmonem.abomoslim
OS=Windows_NT
PROCESSOR_IDENTIFIER=Intel64 Family 6 Model 158 Stepping 13, GenuineIntel



---------------  S Y S T E M  ---------------

OS: Windows 10.0 , 64 bit Build 18362 (10.0.18362.1350)

CPU:total 12 (initial active 12) (6 cores per cpu, 2 threads per core) family 6 model 158 stepping 13, cmov, cx8, fxsr, mmx, sse, sse2, sse3, ssse3, sse4.1, sse4.2, popcnt, avx, avx2, aes, clmul, erms, 3dnowpref, lzcnt, ht, tsc, tscinvbit, bmi1, bmi2, adx

Memory: 4k page, physical 16554132k(1310532k free), swap 16554132k(4472k free)

vm_info: OpenJDK 64-Bit Server VM (25.242-b01) for windows-amd64 JRE (1.8.0_242-release-1644-b01), built by "builder" with MS VC++ 10.0 (VS2010)

time: Sat Mar 20 12:21:05 2021
timezone: Egypt Standard Time
elapsed time: 12 seconds (0d 0h 0m 12s)

